{
  "contracts/base/ERC20.sol": {
    "l": {
      "12": 0,
      "14": 0,
      "22": 0,
      "23": 0,
      "25": 0,
      "29": 0,
      "31": 0,
      "35": 0,
      "37": 0,
      "41": 0,
      "43": 0,
      "51": 0,
      "53": 0,
      "54": 0,
      "56": 0,
      "64": 0,
      "66": 0,
      "70": 687,
      "72": 687,
      "74": 687,
      "78": 48,
      "80": 48
    },
    "path": "/Users/vhawk19/Documents/GitHub/Timeswap-V1-Convenience/contracts/base/ERC20.sol",
    "s": {
      "1": 0,
      "2": 0,
      "3": 0,
      "4": 0,
      "5": 0,
      "6": 0,
      "7": 0,
      "8": 0,
      "9": 0,
      "10": 0,
      "11": 0,
      "12": 0,
      "13": 0,
      "14": 0,
      "15": 0,
      "16": 0,
      "17": 0,
      "18": 687,
      "19": 687,
      "20": 687,
      "21": 48,
      "22": 48
    },
    "b": { "1": [0, 0], "2": [687, 0] },
    "f": { "1": 0, "2": 0, "3": 0, "4": 0, "5": 0, "6": 0, "7": 0, "8": 687, "9": 48 },
    "fnMap": {
      "1": {
        "name": "transfer",
        "line": 11,
        "loc": { "start": { "line": 11, "column": 4 }, "end": { "line": 15, "column": 4 } }
      },
      "2": {
        "name": "transferFrom",
        "line": 17,
        "loc": { "start": { "line": 17, "column": 4 }, "end": { "line": 26, "column": 4 } }
      },
      "3": {
        "name": "approve",
        "line": 28,
        "loc": { "start": { "line": 28, "column": 4 }, "end": { "line": 32, "column": 4 } }
      },
      "4": {
        "name": "increaseAllowance",
        "line": 34,
        "loc": { "start": { "line": 34, "column": 4 }, "end": { "line": 38, "column": 4 } }
      },
      "5": {
        "name": "decreaseAllowance",
        "line": 40,
        "loc": { "start": { "line": 40, "column": 4 }, "end": { "line": 44, "column": 4 } }
      },
      "6": {
        "name": "_transfer",
        "line": 46,
        "loc": { "start": { "line": 46, "column": 4 }, "end": { "line": 57, "column": 4 } }
      },
      "7": {
        "name": "_approve",
        "line": 59,
        "loc": { "start": { "line": 59, "column": 4 }, "end": { "line": 67, "column": 4 } }
      },
      "8": {
        "name": "_mint",
        "line": 69,
        "loc": { "start": { "line": 69, "column": 4 }, "end": { "line": 75, "column": 4 } }
      },
      "9": {
        "name": "_burn",
        "line": 77,
        "loc": { "start": { "line": 77, "column": 4 }, "end": { "line": 81, "column": 4 } }
      }
    },
    "statementMap": {
      "1": { "start": { "line": 12, "column": 8 }, "end": { "line": 12, "column": 40 } },
      "2": { "start": { "line": 14, "column": 8 }, "end": { "line": 14, "column": 19 } },
      "3": { "start": { "line": 22, "column": 8 }, "end": { "line": 22, "column": 71 } },
      "4": { "start": { "line": 23, "column": 8 }, "end": { "line": 23, "column": 34 } },
      "5": { "start": { "line": 25, "column": 8 }, "end": { "line": 25, "column": 19 } },
      "6": { "start": { "line": 29, "column": 8 }, "end": { "line": 29, "column": 44 } },
      "7": { "start": { "line": 31, "column": 8 }, "end": { "line": 31, "column": 19 } },
      "8": { "start": { "line": 35, "column": 8 }, "end": { "line": 35, "column": 77 } },
      "9": { "start": { "line": 37, "column": 8 }, "end": { "line": 37, "column": 19 } },
      "10": { "start": { "line": 41, "column": 8 }, "end": { "line": 41, "column": 77 } },
      "11": { "start": { "line": 43, "column": 8 }, "end": { "line": 43, "column": 19 } },
      "12": { "start": { "line": 51, "column": 8 }, "end": { "line": 51, "column": 40 } },
      "13": { "start": { "line": 53, "column": 8 }, "end": { "line": 53, "column": 32 } },
      "14": { "start": { "line": 54, "column": 8 }, "end": { "line": 54, "column": 30 } },
      "15": { "start": { "line": 56, "column": 8 }, "end": { "line": 56, "column": 39 } },
      "16": { "start": { "line": 64, "column": 8 }, "end": { "line": 64, "column": 41 } },
      "17": { "start": { "line": 66, "column": 8 }, "end": { "line": 66, "column": 45 } },
      "18": { "start": { "line": 70, "column": 8 }, "end": { "line": 70, "column": 40 } },
      "19": { "start": { "line": 72, "column": 8 }, "end": { "line": 72, "column": 30 } },
      "20": { "start": { "line": 74, "column": 8 }, "end": { "line": 74, "column": 45 } },
      "21": { "start": { "line": 78, "column": 8 }, "end": { "line": 78, "column": 32 } },
      "22": { "start": { "line": 80, "column": 8 }, "end": { "line": 80, "column": 47 } }
    },
    "branchMap": {
      "1": {
        "line": 51,
        "type": "if",
        "locations": [
          { "start": { "line": 51, "column": 8 }, "end": { "line": 51, "column": 8 } },
          { "start": { "line": 51, "column": 8 }, "end": { "line": 51, "column": 8 } }
        ]
      },
      "2": {
        "line": 70,
        "type": "if",
        "locations": [
          { "start": { "line": 70, "column": 8 }, "end": { "line": 70, "column": 8 } },
          { "start": { "line": 70, "column": 8 }, "end": { "line": 70, "column": 8 } }
        ]
      }
    }
  },
  "contracts/base/ERC20Permit.sol": {
    "l": { "39": 0, "41": 0, "43": 0, "45": 0, "46": 0, "48": 0, "55": 0, "63": 0, "72": 0, "73": 0, "74": 0 },
    "path": "/Users/vhawk19/Documents/GitHub/Timeswap-V1-Convenience/contracts/base/ERC20Permit.sol",
    "s": { "1": 0, "2": 0, "3": 0, "4": 0, "5": 0, "6": 0, "7": 0, "8": 0, "9": 0, "10": 0, "11": 0 },
    "b": { "1": [0, 0], "2": [0, 0] },
    "f": { "1": 1875, "2": 0, "3": 0, "4": 0, "5": 0 },
    "fnMap": {
      "1": {
        "name": "constructor",
        "line": 25,
        "loc": { "start": { "line": 25, "column": 4 }, "end": { "line": 25, "column": 55 } }
      },
      "2": {
        "name": "permit",
        "line": 30,
        "loc": { "start": { "line": 30, "column": 4 }, "end": { "line": 49, "column": 4 } }
      },
      "3": {
        "name": "nonces",
        "line": 54,
        "loc": { "start": { "line": 54, "column": 4 }, "end": { "line": 56, "column": 4 } }
      },
      "4": {
        "name": "DOMAIN_SEPARATOR",
        "line": 62,
        "loc": { "start": { "line": 62, "column": 4 }, "end": { "line": 64, "column": 4 } }
      },
      "5": {
        "name": "_useNonce",
        "line": 71,
        "loc": { "start": { "line": 71, "column": 4 }, "end": { "line": 75, "column": 4 } }
      }
    },
    "statementMap": {
      "1": { "start": { "line": 39, "column": 8 }, "end": { "line": 39, "column": 51 } },
      "2": { "start": { "line": 41, "column": 8 }, "end": { "line": 41, "column": 119 } },
      "3": { "start": { "line": 43, "column": 8 }, "end": { "line": 43, "column": 51 } },
      "4": { "start": { "line": 45, "column": 8 }, "end": { "line": 45, "column": 53 } },
      "5": { "start": { "line": 46, "column": 8 }, "end": { "line": 46, "column": 39 } },
      "6": { "start": { "line": 48, "column": 8 }, "end": { "line": 48, "column": 38 } },
      "7": { "start": { "line": 55, "column": 8 }, "end": { "line": 55, "column": 39 } },
      "8": { "start": { "line": 63, "column": 8 }, "end": { "line": 63, "column": 35 } },
      "9": { "start": { "line": 72, "column": 8 }, "end": { "line": 72, "column": 55 } },
      "10": { "start": { "line": 73, "column": 8 }, "end": { "line": 73, "column": 32 } },
      "11": { "start": { "line": 74, "column": 8 }, "end": { "line": 74, "column": 24 } }
    },
    "branchMap": {
      "1": {
        "line": 39,
        "type": "if",
        "locations": [
          { "start": { "line": 39, "column": 8 }, "end": { "line": 39, "column": 8 } },
          { "start": { "line": 39, "column": 8 }, "end": { "line": 39, "column": 8 } }
        ]
      },
      "2": {
        "line": 46,
        "type": "if",
        "locations": [
          { "start": { "line": 46, "column": 8 }, "end": { "line": 46, "column": 8 } },
          { "start": { "line": 46, "column": 8 }, "end": { "line": 46, "column": 8 } }
        ]
      }
    }
  },
  "contracts/base/ERC721.sol": {
    "l": {
      "22": 0,
      "23": 0,
      "27": 19,
      "28": 19,
      "29": 19,
      "33": 0,
      "34": 0,
      "38": 0,
      "42": 0,
      "43": 0,
      "47": 0,
      "55": 0,
      "59": 0,
      "67": 0,
      "76": 0,
      "84": 0,
      "88": 0,
      "89": 0,
      "90": 0,
      "92": 0,
      "96": 0,
      "98": 0,
      "107": 0,
      "109": 0,
      "113": 0,
      "114": 0,
      "117": 0,
      "121": 0,
      "122": 0,
      "125": 0,
      "129": 1465,
      "131": 1465,
      "135": 1465,
      "136": 1465,
      "138": 1465,
      "139": 1465,
      "140": 1465,
      "142": 1465,
      "143": 1465,
      "145": 1465,
      "153": 0,
      "155": 0,
      "156": 0,
      "157": 0,
      "159": 0,
      "160": 0,
      "162": 0,
      "163": 0,
      "166": 0,
      "168": 0,
      "169": 0,
      "170": 0,
      "173": 0,
      "174": 0,
      "175": 0,
      "177": 0,
      "179": 0,
      "188": 1465,
      "189": 1465,
      "192": 1465,
      "193": 1465,
      "195": 0,
      "196": 0,
      "199": 0,
      "200": 0,
      "202": 0,
      "207": 0,
      "209": 0,
      "210": 0
    },
    "path": "/Users/vhawk19/Documents/GitHub/Timeswap-V1-Convenience/contracts/base/ERC721.sol",
    "s": {
      "1": 0,
      "2": 0,
      "3": 19,
      "4": 19,
      "5": 19,
      "6": 0,
      "7": 0,
      "8": 0,
      "9": 0,
      "10": 0,
      "11": 0,
      "12": 0,
      "13": 0,
      "14": 0,
      "15": 0,
      "16": 0,
      "17": 0,
      "18": 0,
      "19": 0,
      "20": 0,
      "21": 0,
      "22": 0,
      "23": 0,
      "24": 0,
      "25": 0,
      "26": 0,
      "27": 0,
      "28": 0,
      "29": 0,
      "30": 1465,
      "31": 1465,
      "32": 1465,
      "33": 1465,
      "34": 1465,
      "35": 1465,
      "36": 1465,
      "37": 1465,
      "38": 1465,
      "39": 0,
      "40": 0,
      "41": 0,
      "42": 0,
      "43": 0,
      "44": 0,
      "45": 0,
      "46": 0,
      "47": 0,
      "48": 0,
      "49": 0,
      "50": 0,
      "51": 0,
      "52": 0,
      "53": 1465,
      "54": 1465,
      "55": 1465,
      "56": 0,
      "57": 0,
      "58": 0,
      "59": 0,
      "60": 0,
      "61": 0,
      "62": 0,
      "63": 0
    },
    "b": {
      "1": [0, 0],
      "2": [19, 0],
      "3": [0, 0],
      "4": [0, 0],
      "5": [0, 0],
      "6": [0, 0],
      "7": [0, 0],
      "8": [0, 0],
      "9": [0, 0],
      "10": [0, 0],
      "11": [0, 0],
      "12": [1465, 0],
      "13": [1465, 0],
      "14": [1465, 0],
      "15": [0, 0],
      "16": [0, 0],
      "17": [0, 0],
      "18": [1465, 0],
      "19": [0, 0],
      "20": [0, 0]
    },
    "f": {
      "1": 0,
      "2": 19,
      "3": 0,
      "4": 0,
      "5": 0,
      "6": 0,
      "7": 0,
      "8": 0,
      "9": 0,
      "10": 0,
      "11": 0,
      "12": 0,
      "13": 0,
      "14": 0,
      "15": 0,
      "16": 1465,
      "17": 1465,
      "18": 0,
      "19": 1465
    },
    "fnMap": {
      "1": {
        "name": "balanceOf",
        "line": 21,
        "loc": { "start": { "line": 21, "column": 4 }, "end": { "line": 24, "column": 4 } }
      },
      "2": {
        "name": "ownerOf",
        "line": 26,
        "loc": { "start": { "line": 26, "column": 4 }, "end": { "line": 30, "column": 4 } }
      },
      "3": {
        "name": "getApproved",
        "line": 32,
        "loc": { "start": { "line": 32, "column": 4 }, "end": { "line": 35, "column": 4 } }
      },
      "4": {
        "name": "isApprovedForAll",
        "line": 37,
        "loc": { "start": { "line": 37, "column": 4 }, "end": { "line": 39, "column": 4 } }
      },
      "5": {
        "name": "tokenOfOwnerByIndex",
        "line": 41,
        "loc": { "start": { "line": 41, "column": 4 }, "end": { "line": 44, "column": 4 } }
      },
      "6": {
        "name": "supportsInterface",
        "line": 46,
        "loc": { "start": { "line": 46, "column": 4 }, "end": { "line": 52, "column": 4 } }
      },
      "7": {
        "name": "isApproved",
        "line": 54,
        "loc": { "start": { "line": 54, "column": 4 }, "end": { "line": 60, "column": 4 } }
      },
      "8": {
        "name": "safeTransferFrom",
        "line": 66,
        "loc": { "start": { "line": 62, "column": 4 }, "end": { "line": 68, "column": 4 } }
      },
      "9": {
        "name": "safeTransferFrom",
        "line": 75,
        "loc": { "start": { "line": 70, "column": 4 }, "end": { "line": 77, "column": 4 } }
      },
      "10": {
        "name": "transferFrom",
        "line": 83,
        "loc": { "start": { "line": 79, "column": 4 }, "end": { "line": 85, "column": 4 } }
      },
      "11": {
        "name": "approve",
        "line": 87,
        "loc": { "start": { "line": 87, "column": 4 }, "end": { "line": 93, "column": 4 } }
      },
      "12": {
        "name": "setApprovalForAll",
        "line": 95,
        "loc": { "start": { "line": 95, "column": 4 }, "end": { "line": 99, "column": 4 } }
      },
      "13": {
        "name": "_safeTransfer",
        "line": 101,
        "loc": { "start": { "line": 101, "column": 4 }, "end": { "line": 110, "column": 4 } }
      },
      "14": {
        "name": "_approve",
        "line": 112,
        "loc": { "start": { "line": 112, "column": 4 }, "end": { "line": 118, "column": 4 } }
      },
      "15": {
        "name": "_setApprovalForAll",
        "line": 120,
        "loc": { "start": { "line": 120, "column": 4 }, "end": { "line": 126, "column": 4 } }
      },
      "16": {
        "name": "_safeMint",
        "line": 128,
        "loc": { "start": { "line": 128, "column": 4 }, "end": { "line": 132, "column": 4 } }
      },
      "17": {
        "name": "_mint",
        "line": 134,
        "loc": { "start": { "line": 134, "column": 4 }, "end": { "line": 146, "column": 4 } }
      },
      "18": {
        "name": "_transfer",
        "line": 148,
        "loc": { "start": { "line": 148, "column": 4 }, "end": { "line": 180, "column": 4 } }
      },
      "19": {
        "name": "_checkOnERC721Received",
        "line": 182,
        "loc": { "start": { "line": 182, "column": 4 }, "end": { "line": 212, "column": 4 } }
      }
    },
    "statementMap": {
      "1": { "start": { "line": 22, "column": 8 }, "end": { "line": 22, "column": 43 } },
      "2": { "start": { "line": 23, "column": 8 }, "end": { "line": 23, "column": 31 } },
      "3": { "start": { "line": 27, "column": 8 }, "end": { "line": 27, "column": 35 } },
      "4": { "start": { "line": 28, "column": 8 }, "end": { "line": 28, "column": 43 } },
      "5": { "start": { "line": 29, "column": 8 }, "end": { "line": 29, "column": 20 } },
      "6": { "start": { "line": 33, "column": 8 }, "end": { "line": 33, "column": 49 } },
      "7": { "start": { "line": 34, "column": 8 }, "end": { "line": 34, "column": 34 } },
      "8": { "start": { "line": 38, "column": 8 }, "end": { "line": 38, "column": 50 } },
      "9": { "start": { "line": 42, "column": 8 }, "end": { "line": 42, "column": 45 } },
      "10": { "start": { "line": 43, "column": 8 }, "end": { "line": 43, "column": 38 } },
      "11": { "start": { "line": 47, "column": 8 }, "end": { "line": 47, "column": 1962 } },
      "12": { "start": { "line": 55, "column": 8 }, "end": { "line": 55, "column": 2208 } },
      "13": { "start": { "line": 67, "column": 8 }, "end": { "line": 67, "column": 38 } },
      "14": { "start": { "line": 76, "column": 8 }, "end": { "line": 76, "column": 40 } },
      "15": { "start": { "line": 84, "column": 8 }, "end": { "line": 84, "column": 30 } },
      "16": { "start": { "line": 88, "column": 8 }, "end": { "line": 88, "column": 35 } },
      "17": { "start": { "line": 89, "column": 8 }, "end": { "line": 89, "column": 83 } },
      "18": { "start": { "line": 90, "column": 8 }, "end": { "line": 90, "column": 35 } },
      "19": { "start": { "line": 92, "column": 8 }, "end": { "line": 92, "column": 23 } },
      "20": { "start": { "line": 96, "column": 8 }, "end": { "line": 96, "column": 46 } },
      "21": { "start": { "line": 98, "column": 8 }, "end": { "line": 98, "column": 45 } },
      "22": { "start": { "line": 107, "column": 8 }, "end": { "line": 107, "column": 30 } },
      "23": { "start": { "line": 109, "column": 8 }, "end": { "line": 109, "column": 66 } },
      "24": { "start": { "line": 113, "column": 8 }, "end": { "line": 113, "column": 3740 } },
      "25": { "start": { "line": 115, "column": 15 }, "end": { "line": 115, "column": 38 } },
      "26": { "start": { "line": 117, "column": 8 }, "end": { "line": 117, "column": 42 } },
      "27": { "start": { "line": 121, "column": 8 }, "end": { "line": 121, "column": 4007 } },
      "28": { "start": { "line": 123, "column": 15 }, "end": { "line": 123, "column": 65 } },
      "29": { "start": { "line": 125, "column": 8 }, "end": { "line": 125, "column": 59 } },
      "30": { "start": { "line": 129, "column": 8 }, "end": { "line": 129, "column": 20 } },
      "31": { "start": { "line": 131, "column": 8 }, "end": { "line": 131, "column": 70 } },
      "32": { "start": { "line": 135, "column": 8 }, "end": { "line": 135, "column": 40 } },
      "33": { "start": { "line": 136, "column": 8 }, "end": { "line": 136, "column": 49 } },
      "34": { "start": { "line": 138, "column": 8 }, "end": { "line": 138, "column": 38 } },
      "35": { "start": { "line": 139, "column": 8 }, "end": { "line": 139, "column": 36 } },
      "36": { "start": { "line": 140, "column": 8 }, "end": { "line": 140, "column": 37 } },
      "37": { "start": { "line": 143, "column": 8 }, "end": { "line": 143, "column": 23 } },
      "38": { "start": { "line": 145, "column": 8 }, "end": { "line": 145, "column": 41 } },
      "39": { "start": { "line": 153, "column": 8 }, "end": { "line": 153, "column": 40 } },
      "40": { "start": { "line": 155, "column": 8 }, "end": { "line": 155, "column": 4850 } },
      "41": { "start": { "line": 156, "column": 12 }, "end": { "line": 156, "column": 56 } },
      "42": { "start": { "line": 157, "column": 12 }, "end": { "line": 157, "column": 54 } },
      "43": { "start": { "line": 159, "column": 12 }, "end": { "line": 159, "column": 4999 } },
      "44": { "start": { "line": 160, "column": 16 }, "end": { "line": 160, "column": 72 } },
      "45": { "start": { "line": 162, "column": 16 }, "end": { "line": 162, "column": 59 } },
      "46": { "start": { "line": 163, "column": 16 }, "end": { "line": 163, "column": 58 } },
      "47": { "start": { "line": 168, "column": 12 }, "end": { "line": 168, "column": 42 } },
      "48": { "start": { "line": 169, "column": 12 }, "end": { "line": 169, "column": 40 } },
      "49": { "start": { "line": 170, "column": 12 }, "end": { "line": 170, "column": 41 } },
      "50": { "start": { "line": 173, "column": 8 }, "end": { "line": 173, "column": 23 } },
      "51": { "start": { "line": 177, "column": 8 }, "end": { "line": 177, "column": 31 } },
      "52": { "start": { "line": 179, "column": 8 }, "end": { "line": 179, "column": 35 } },
      "53": { "start": { "line": 188, "column": 8 }, "end": { "line": 188, "column": 20 } },
      "54": { "start": { "line": 192, "column": 8 }, "end": { "line": 192, "column": 5851 } },
      "55": { "start": { "line": 193, "column": 12 }, "end": { "line": 193, "column": 23 } },
      "56": { "start": { "line": 195, "column": 12 }, "end": { "line": 195, "column": 35 } },
      "57": { "start": { "line": 196, "column": 12 }, "end": { "line": 196, "column": 5964 } },
      "58": { "start": { "line": 199, "column": 12 }, "end": { "line": 199, "column": 6152 } },
      "59": { "start": { "line": 200, "column": 16 }, "end": { "line": 200, "column": 35 } },
      "60": { "start": { "line": 201, "column": 19 }, "end": { "line": 201, "column": 6224 } },
      "61": { "start": { "line": 207, "column": 16 }, "end": { "line": 207, "column": 29 } },
      "62": { "start": { "line": 209, "column": 12 }, "end": { "line": 209, "column": 60 } },
      "63": { "start": { "line": 210, "column": 12 }, "end": { "line": 210, "column": 41 } }
    },
    "branchMap": {
      "1": {
        "line": 22,
        "type": "if",
        "locations": [
          { "start": { "line": 22, "column": 8 }, "end": { "line": 22, "column": 8 } },
          { "start": { "line": 22, "column": 8 }, "end": { "line": 22, "column": 8 } }
        ]
      },
      "2": {
        "line": 28,
        "type": "if",
        "locations": [
          { "start": { "line": 28, "column": 8 }, "end": { "line": 28, "column": 8 } },
          { "start": { "line": 28, "column": 8 }, "end": { "line": 28, "column": 8 } }
        ]
      },
      "3": {
        "line": 33,
        "type": "if",
        "locations": [
          { "start": { "line": 33, "column": 8 }, "end": { "line": 33, "column": 8 } },
          { "start": { "line": 33, "column": 8 }, "end": { "line": 33, "column": 8 } }
        ]
      },
      "4": {
        "line": 42,
        "type": "if",
        "locations": [
          { "start": { "line": 42, "column": 8 }, "end": { "line": 42, "column": 8 } },
          { "start": { "line": 42, "column": 8 }, "end": { "line": 42, "column": 8 } }
        ]
      },
      "5": {
        "line": 55,
        "type": "if",
        "locations": [
          { "start": { "line": 55, "column": 8 }, "end": { "line": 55, "column": 8 } },
          { "start": { "line": 55, "column": 8 }, "end": { "line": 55, "column": 8 } }
        ]
      },
      "6": {
        "line": 89,
        "type": "if",
        "locations": [
          { "start": { "line": 89, "column": 8 }, "end": { "line": 89, "column": 8 } },
          { "start": { "line": 89, "column": 8 }, "end": { "line": 89, "column": 8 } }
        ]
      },
      "7": {
        "line": 90,
        "type": "if",
        "locations": [
          { "start": { "line": 90, "column": 8 }, "end": { "line": 90, "column": 8 } },
          { "start": { "line": 90, "column": 8 }, "end": { "line": 90, "column": 8 } }
        ]
      },
      "8": {
        "line": 96,
        "type": "if",
        "locations": [
          { "start": { "line": 96, "column": 8 }, "end": { "line": 96, "column": 8 } },
          { "start": { "line": 96, "column": 8 }, "end": { "line": 96, "column": 8 } }
        ]
      },
      "9": {
        "line": 109,
        "type": "if",
        "locations": [
          { "start": { "line": 109, "column": 8 }, "end": { "line": 109, "column": 8 } },
          { "start": { "line": 109, "column": 8 }, "end": { "line": 109, "column": 8 } }
        ]
      },
      "10": {
        "line": 113,
        "type": "if",
        "locations": [
          { "start": { "line": 113, "column": 8 }, "end": { "line": 113, "column": 8 } },
          { "start": { "line": 113, "column": 8 }, "end": { "line": 113, "column": 8 } }
        ]
      },
      "11": {
        "line": 121,
        "type": "if",
        "locations": [
          { "start": { "line": 121, "column": 8 }, "end": { "line": 121, "column": 8 } },
          { "start": { "line": 121, "column": 8 }, "end": { "line": 121, "column": 8 } }
        ]
      },
      "12": {
        "line": 131,
        "type": "if",
        "locations": [
          { "start": { "line": 131, "column": 8 }, "end": { "line": 131, "column": 8 } },
          { "start": { "line": 131, "column": 8 }, "end": { "line": 131, "column": 8 } }
        ]
      },
      "13": {
        "line": 135,
        "type": "if",
        "locations": [
          { "start": { "line": 135, "column": 8 }, "end": { "line": 135, "column": 8 } },
          { "start": { "line": 135, "column": 8 }, "end": { "line": 135, "column": 8 } }
        ]
      },
      "14": {
        "line": 136,
        "type": "if",
        "locations": [
          { "start": { "line": 136, "column": 8 }, "end": { "line": 136, "column": 8 } },
          { "start": { "line": 136, "column": 8 }, "end": { "line": 136, "column": 8 } }
        ]
      },
      "15": {
        "line": 153,
        "type": "if",
        "locations": [
          { "start": { "line": 153, "column": 8 }, "end": { "line": 153, "column": 8 } },
          { "start": { "line": 153, "column": 8 }, "end": { "line": 153, "column": 8 } }
        ]
      },
      "16": {
        "line": 155,
        "type": "if",
        "locations": [
          { "start": { "line": 155, "column": 8 }, "end": { "line": 155, "column": 8 } },
          { "start": { "line": 155, "column": 8 }, "end": { "line": 155, "column": 8 } }
        ]
      },
      "17": {
        "line": 159,
        "type": "if",
        "locations": [
          { "start": { "line": 159, "column": 12 }, "end": { "line": 159, "column": 12 } },
          { "start": { "line": 159, "column": 12 }, "end": { "line": 159, "column": 12 } }
        ]
      },
      "18": {
        "line": 192,
        "type": "if",
        "locations": [
          { "start": { "line": 192, "column": 8 }, "end": { "line": 192, "column": 8 } },
          { "start": { "line": 192, "column": 8 }, "end": { "line": 192, "column": 8 } }
        ]
      },
      "19": {
        "line": 199,
        "type": "if",
        "locations": [
          { "start": { "line": 199, "column": 12 }, "end": { "line": 199, "column": 12 } },
          { "start": { "line": 199, "column": 12 }, "end": { "line": 199, "column": 12 } }
        ]
      },
      "20": {
        "line": 201,
        "type": "if",
        "locations": [
          { "start": { "line": 201, "column": 19 }, "end": { "line": 201, "column": 19 } },
          { "start": { "line": 201, "column": 19 }, "end": { "line": 201, "column": 19 } }
        ]
      }
    }
  },
  "contracts/base/ERC721Permit.sol": {
    "l": {
      "31": 0,
      "33": 0,
      "35": 0,
      "37": 0,
      "39": 0,
      "40": 0,
      "41": 0,
      "42": 0,
      "44": 0,
      "48": 0,
      "52": 0,
      "56": 0,
      "57": 0,
      "58": 0
    },
    "path": "/Users/vhawk19/Documents/GitHub/Timeswap-V1-Convenience/contracts/base/ERC721Permit.sol",
    "s": {
      "1": 0,
      "2": 0,
      "3": 0,
      "4": 0,
      "5": 0,
      "6": 0,
      "7": 0,
      "8": 0,
      "9": 0,
      "10": 0,
      "11": 0,
      "12": 0,
      "13": 0,
      "14": 0
    },
    "b": { "1": [0, 0], "2": [0, 0], "3": [0, 0], "4": [0, 0] },
    "f": { "1": 375, "2": 0, "3": 0, "4": 0, "5": 0 },
    "fnMap": {
      "1": {
        "name": "constructor",
        "line": 20,
        "loc": { "start": { "line": 20, "column": 4 }, "end": { "line": 20, "column": 55 } }
      },
      "2": {
        "name": "permit",
        "line": 23,
        "loc": { "start": { "line": 23, "column": 4 }, "end": { "line": 45, "column": 4 } }
      },
      "3": {
        "name": "nonces",
        "line": 47,
        "loc": { "start": { "line": 47, "column": 4 }, "end": { "line": 49, "column": 4 } }
      },
      "4": {
        "name": "DOMAIN_SEPARATOR",
        "line": 51,
        "loc": { "start": { "line": 51, "column": 4 }, "end": { "line": 53, "column": 4 } }
      },
      "5": {
        "name": "_useNonce",
        "line": 55,
        "loc": { "start": { "line": 55, "column": 4 }, "end": { "line": 59, "column": 4 } }
      }
    },
    "statementMap": {
      "1": { "start": { "line": 31, "column": 8 }, "end": { "line": 31, "column": 40 } },
      "2": { "start": { "line": 33, "column": 8 }, "end": { "line": 33, "column": 51 } },
      "3": { "start": { "line": 35, "column": 8 }, "end": { "line": 35, "column": 116 } },
      "4": { "start": { "line": 37, "column": 8 }, "end": { "line": 37, "column": 51 } },
      "5": { "start": { "line": 39, "column": 8 }, "end": { "line": 39, "column": 53 } },
      "6": { "start": { "line": 40, "column": 8 }, "end": { "line": 40, "column": 44 } },
      "7": { "start": { "line": 41, "column": 8 }, "end": { "line": 41, "column": 39 } },
      "8": { "start": { "line": 42, "column": 8 }, "end": { "line": 42, "column": 40 } },
      "9": { "start": { "line": 44, "column": 8 }, "end": { "line": 44, "column": 33 } },
      "10": { "start": { "line": 48, "column": 8 }, "end": { "line": 48, "column": 41 } },
      "11": { "start": { "line": 52, "column": 8 }, "end": { "line": 52, "column": 35 } },
      "12": { "start": { "line": 56, "column": 8 }, "end": { "line": 56, "column": 57 } },
      "13": { "start": { "line": 57, "column": 8 }, "end": { "line": 57, "column": 32 } },
      "14": { "start": { "line": 58, "column": 8 }, "end": { "line": 58, "column": 24 } }
    },
    "branchMap": {
      "1": {
        "line": 33,
        "type": "if",
        "locations": [
          { "start": { "line": 33, "column": 8 }, "end": { "line": 33, "column": 8 } },
          { "start": { "line": 33, "column": 8 }, "end": { "line": 33, "column": 8 } }
        ]
      },
      "2": {
        "line": 40,
        "type": "if",
        "locations": [
          { "start": { "line": 40, "column": 8 }, "end": { "line": 40, "column": 8 } },
          { "start": { "line": 40, "column": 8 }, "end": { "line": 40, "column": 8 } }
        ]
      },
      "3": {
        "line": 41,
        "type": "if",
        "locations": [
          { "start": { "line": 41, "column": 8 }, "end": { "line": 41, "column": 8 } },
          { "start": { "line": 41, "column": 8 }, "end": { "line": 41, "column": 8 } }
        ]
      },
      "4": {
        "line": 42,
        "type": "if",
        "locations": [
          { "start": { "line": 42, "column": 8 }, "end": { "line": 42, "column": 8 } },
          { "start": { "line": 42, "column": 8 }, "end": { "line": 42, "column": 8 } }
        ]
      }
    }
  },
  "contracts/BondInterest.sol": {
    "l": {
      "22": 0,
      "23": 0,
      "24": 0,
      "38": 0,
      "39": 0,
      "40": 0,
      "44": 0,
      "48": 0,
      "56": 375,
      "57": 375,
      "58": 375,
      "62": 75,
      "63": 75,
      "67": 69,
      "71": 6
    },
    "path": "/Users/vhawk19/Documents/GitHub/Timeswap-V1-Convenience/contracts/BondInterest.sol",
    "s": {
      "1": 0,
      "2": 0,
      "3": 0,
      "4": 0,
      "5": 0,
      "6": 0,
      "7": 0,
      "8": 0,
      "9": 375,
      "10": 375,
      "11": 375,
      "12": 75,
      "13": 69,
      "14": 6
    },
    "b": { "1": [75, 0] },
    "f": { "1": 0, "2": 0, "3": 0, "4": 0, "5": 375, "6": 75, "7": 69, "8": 6 },
    "fnMap": {
      "1": {
        "name": "name",
        "line": 21,
        "loc": { "start": { "line": 21, "column": 4 }, "end": { "line": 35, "column": 4 } }
      },
      "2": {
        "name": "symbol",
        "line": 37,
        "loc": { "start": { "line": 37, "column": 4 }, "end": { "line": 41, "column": 4 } }
      },
      "3": {
        "name": "decimals",
        "line": 43,
        "loc": { "start": { "line": 43, "column": 4 }, "end": { "line": 45, "column": 4 } }
      },
      "4": {
        "name": "totalSupply",
        "line": 47,
        "loc": { "start": { "line": 47, "column": 4 }, "end": { "line": 49, "column": 4 } }
      },
      "5": {
        "name": "constructor",
        "line": 55,
        "loc": { "start": { "line": 51, "column": 4 }, "end": { "line": 59, "column": 4 } }
      },
      "6": {
        "name": "onlyConvenience",
        "line": 61,
        "loc": { "start": { "line": 61, "column": 4 }, "end": { "line": 64, "column": 4 } }
      },
      "7": {
        "name": "mint",
        "line": 66,
        "loc": { "start": { "line": 66, "column": 4 }, "end": { "line": 68, "column": 4 } }
      },
      "8": {
        "name": "burn",
        "line": 70,
        "loc": { "start": { "line": 70, "column": 4 }, "end": { "line": 72, "column": 4 } }
      }
    },
    "statementMap": {
      "1": { "start": { "line": 22, "column": 8 }, "end": { "line": 22, "column": 57 } },
      "2": { "start": { "line": 23, "column": 8 }, "end": { "line": 23, "column": 67 } },
      "3": { "start": { "line": 24, "column": 8 }, "end": { "line": 24, "column": 995 } },
      "4": { "start": { "line": 38, "column": 8 }, "end": { "line": 38, "column": 61 } },
      "5": { "start": { "line": 39, "column": 8 }, "end": { "line": 39, "column": 71 } },
      "6": { "start": { "line": 40, "column": 8 }, "end": { "line": 40, "column": 116 } },
      "7": { "start": { "line": 44, "column": 8 }, "end": { "line": 44, "column": 42 } },
      "8": { "start": { "line": 48, "column": 8 }, "end": { "line": 48, "column": 73 } },
      "9": { "start": { "line": 56, "column": 8 }, "end": { "line": 56, "column": 33 } },
      "10": { "start": { "line": 57, "column": 8 }, "end": { "line": 57, "column": 19 } },
      "11": { "start": { "line": 58, "column": 8 }, "end": { "line": 58, "column": 27 } },
      "12": { "start": { "line": 62, "column": 8 }, "end": { "line": 62, "column": 58 } },
      "13": { "start": { "line": 67, "column": 8 }, "end": { "line": 67, "column": 24 } },
      "14": { "start": { "line": 71, "column": 8 }, "end": { "line": 71, "column": 26 } }
    },
    "branchMap": {
      "1": {
        "line": 62,
        "type": "if",
        "locations": [
          { "start": { "line": 62, "column": 8 }, "end": { "line": 62, "column": 8 } },
          { "start": { "line": 62, "column": 8 }, "end": { "line": 62, "column": 8 } }
        ]
      }
    }
  },
  "contracts/BondPrincipal.sol": {
    "l": {
      "22": 0,
      "23": 0,
      "24": 0,
      "38": 0,
      "39": 0,
      "40": 0,
      "44": 0,
      "48": 0,
      "56": 375,
      "57": 375,
      "58": 375,
      "62": 75,
      "63": 75,
      "67": 69,
      "71": 6
    },
    "path": "/Users/vhawk19/Documents/GitHub/Timeswap-V1-Convenience/contracts/BondPrincipal.sol",
    "s": {
      "1": 0,
      "2": 0,
      "3": 0,
      "4": 0,
      "5": 0,
      "6": 0,
      "7": 0,
      "8": 0,
      "9": 375,
      "10": 375,
      "11": 375,
      "12": 75,
      "13": 69,
      "14": 6
    },
    "b": { "1": [75, 0] },
    "f": { "1": 0, "2": 0, "3": 0, "4": 0, "5": 375, "6": 75, "7": 69, "8": 6 },
    "fnMap": {
      "1": {
        "name": "name",
        "line": 21,
        "loc": { "start": { "line": 21, "column": 4 }, "end": { "line": 35, "column": 4 } }
      },
      "2": {
        "name": "symbol",
        "line": 37,
        "loc": { "start": { "line": 37, "column": 4 }, "end": { "line": 41, "column": 4 } }
      },
      "3": {
        "name": "decimals",
        "line": 43,
        "loc": { "start": { "line": 43, "column": 4 }, "end": { "line": 45, "column": 4 } }
      },
      "4": {
        "name": "totalSupply",
        "line": 47,
        "loc": { "start": { "line": 47, "column": 4 }, "end": { "line": 49, "column": 4 } }
      },
      "5": {
        "name": "constructor",
        "line": 55,
        "loc": { "start": { "line": 51, "column": 4 }, "end": { "line": 59, "column": 4 } }
      },
      "6": {
        "name": "onlyConvenience",
        "line": 61,
        "loc": { "start": { "line": 61, "column": 4 }, "end": { "line": 64, "column": 4 } }
      },
      "7": {
        "name": "mint",
        "line": 66,
        "loc": { "start": { "line": 66, "column": 4 }, "end": { "line": 68, "column": 4 } }
      },
      "8": {
        "name": "burn",
        "line": 70,
        "loc": { "start": { "line": 70, "column": 4 }, "end": { "line": 72, "column": 4 } }
      }
    },
    "statementMap": {
      "1": { "start": { "line": 22, "column": 8 }, "end": { "line": 22, "column": 57 } },
      "2": { "start": { "line": 23, "column": 8 }, "end": { "line": 23, "column": 67 } },
      "3": { "start": { "line": 24, "column": 8 }, "end": { "line": 24, "column": 996 } },
      "4": { "start": { "line": 38, "column": 8 }, "end": { "line": 38, "column": 61 } },
      "5": { "start": { "line": 39, "column": 8 }, "end": { "line": 39, "column": 71 } },
      "6": { "start": { "line": 40, "column": 8 }, "end": { "line": 40, "column": 116 } },
      "7": { "start": { "line": 44, "column": 8 }, "end": { "line": 44, "column": 42 } },
      "8": { "start": { "line": 48, "column": 8 }, "end": { "line": 48, "column": 74 } },
      "9": { "start": { "line": 56, "column": 8 }, "end": { "line": 56, "column": 33 } },
      "10": { "start": { "line": 57, "column": 8 }, "end": { "line": 57, "column": 19 } },
      "11": { "start": { "line": 58, "column": 8 }, "end": { "line": 58, "column": 27 } },
      "12": { "start": { "line": 62, "column": 8 }, "end": { "line": 62, "column": 58 } },
      "13": { "start": { "line": 67, "column": 8 }, "end": { "line": 67, "column": 24 } },
      "14": { "start": { "line": 71, "column": 8 }, "end": { "line": 71, "column": 26 } }
    },
    "branchMap": {
      "1": {
        "line": 62,
        "type": "if",
        "locations": [
          { "start": { "line": 62, "column": 8 }, "end": { "line": 62, "column": 8 } },
          { "start": { "line": 62, "column": 8 }, "end": { "line": 62, "column": 8 } }
        ]
      }
    }
  },
  "contracts/CollateralizedDebt.sol": {
    "l": {
      "23": 120,
      "24": 120,
      "25": 120,
      "39": 120,
      "40": 120,
      "41": 120,
      "45": 0,
      "46": 0,
      "50": 120,
      "54": 120,
      "58": 0,
      "62": 0,
      "63": 0,
      "67": 210,
      "75": 375,
      "76": 375,
      "77": 375,
      "81": 1465,
      "82": 1465
    },
    "path": "/Users/vhawk19/Documents/GitHub/Timeswap-V1-Convenience/contracts/CollateralizedDebt.sol",
    "s": {
      "1": 120,
      "2": 120,
      "3": 120,
      "4": 120,
      "5": 120,
      "6": 120,
      "7": 0,
      "8": 0,
      "9": 120,
      "10": 120,
      "11": 0,
      "12": 0,
      "13": 0,
      "14": 210,
      "15": 375,
      "16": 375,
      "17": 375,
      "18": 1465,
      "19": 1465
    },
    "b": { "1": [0, 0], "2": [0, 0], "3": [1465, 0] },
    "f": { "1": 120, "2": 120, "3": 0, "4": 120, "5": 120, "6": 0, "7": 0, "8": 210, "9": 375, "10": 1465 },
    "fnMap": {
      "1": {
        "name": "name",
        "line": 22,
        "loc": { "start": { "line": 22, "column": 4 }, "end": { "line": 36, "column": 4 } }
      },
      "2": {
        "name": "symbol",
        "line": 38,
        "loc": { "start": { "line": 38, "column": 4 }, "end": { "line": 42, "column": 4 } }
      },
      "3": {
        "name": "tokenURI",
        "line": 44,
        "loc": { "start": { "line": 44, "column": 4 }, "end": { "line": 47, "column": 4 } }
      },
      "4": {
        "name": "assetDecimals",
        "line": 49,
        "loc": { "start": { "line": 49, "column": 4 }, "end": { "line": 51, "column": 4 } }
      },
      "5": {
        "name": "collateralDecimals",
        "line": 53,
        "loc": { "start": { "line": 53, "column": 4 }, "end": { "line": 55, "column": 4 } }
      },
      "6": {
        "name": "totalSupply",
        "line": 57,
        "loc": { "start": { "line": 57, "column": 4 }, "end": { "line": 59, "column": 4 } }
      },
      "7": {
        "name": "tokenByIndex",
        "line": 61,
        "loc": { "start": { "line": 61, "column": 4 }, "end": { "line": 64, "column": 4 } }
      },
      "8": {
        "name": "dueOf",
        "line": 66,
        "loc": { "start": { "line": 66, "column": 4 }, "end": { "line": 68, "column": 4 } }
      },
      "9": {
        "name": "constructor",
        "line": 74,
        "loc": { "start": { "line": 70, "column": 4 }, "end": { "line": 78, "column": 4 } }
      },
      "10": {
        "name": "mint",
        "line": 80,
        "loc": { "start": { "line": 80, "column": 4 }, "end": { "line": 83, "column": 4 } }
      }
    },
    "statementMap": {
      "1": { "start": { "line": 23, "column": 8 }, "end": { "line": 23, "column": 57 } },
      "2": { "start": { "line": 24, "column": 8 }, "end": { "line": 24, "column": 67 } },
      "3": { "start": { "line": 25, "column": 8 }, "end": { "line": 25, "column": 1071 } },
      "4": { "start": { "line": 39, "column": 8 }, "end": { "line": 39, "column": 61 } },
      "5": { "start": { "line": 40, "column": 8 }, "end": { "line": 40, "column": 71 } },
      "6": { "start": { "line": 41, "column": 8 }, "end": { "line": 41, "column": 112 } },
      "7": { "start": { "line": 45, "column": 8 }, "end": { "line": 45, "column": 49 } },
      "8": { "start": { "line": 46, "column": 8 }, "end": { "line": 46, "column": 111 } },
      "9": { "start": { "line": 50, "column": 8 }, "end": { "line": 50, "column": 42 } },
      "10": { "start": { "line": 54, "column": 8 }, "end": { "line": 54, "column": 47 } },
      "11": { "start": { "line": 58, "column": 8 }, "end": { "line": 58, "column": 63 } },
      "12": { "start": { "line": 62, "column": 8 }, "end": { "line": 62, "column": 77 } },
      "13": { "start": { "line": 63, "column": 8 }, "end": { "line": 63, "column": 17 } },
      "14": { "start": { "line": 67, "column": 8 }, "end": { "line": 67, "column": 61 } },
      "15": { "start": { "line": 75, "column": 8 }, "end": { "line": 75, "column": 33 } },
      "16": { "start": { "line": 76, "column": 8 }, "end": { "line": 76, "column": 19 } },
      "17": { "start": { "line": 77, "column": 8 }, "end": { "line": 77, "column": 27 } },
      "18": { "start": { "line": 81, "column": 8 }, "end": { "line": 81, "column": 58 } },
      "19": { "start": { "line": 82, "column": 8 }, "end": { "line": 82, "column": 24 } }
    },
    "branchMap": {
      "1": {
        "line": 45,
        "type": "if",
        "locations": [
          { "start": { "line": 45, "column": 8 }, "end": { "line": 45, "column": 8 } },
          { "start": { "line": 45, "column": 8 }, "end": { "line": 45, "column": 8 } }
        ]
      },
      "2": {
        "line": 62,
        "type": "if",
        "locations": [
          { "start": { "line": 62, "column": 8 }, "end": { "line": 62, "column": 8 } },
          { "start": { "line": 62, "column": 8 }, "end": { "line": 62, "column": 8 } }
        ]
      },
      "3": {
        "line": 81,
        "type": "if",
        "locations": [
          { "start": { "line": 81, "column": 8 }, "end": { "line": 81, "column": 8 } },
          { "start": { "line": 81, "column": 8 }, "end": { "line": 81, "column": 8 } }
        ]
      }
    }
  },
  "contracts/InsuranceInterest.sol": {
    "l": {
      "22": 0,
      "23": 0,
      "24": 0,
      "38": 0,
      "39": 0,
      "40": 0,
      "44": 0,
      "48": 0,
      "56": 375,
      "57": 375,
      "58": 375,
      "62": 72,
      "63": 72,
      "67": 69,
      "71": 3
    },
    "path": "/Users/vhawk19/Documents/GitHub/Timeswap-V1-Convenience/contracts/InsuranceInterest.sol",
    "s": {
      "1": 0,
      "2": 0,
      "3": 0,
      "4": 0,
      "5": 0,
      "6": 0,
      "7": 0,
      "8": 0,
      "9": 375,
      "10": 375,
      "11": 375,
      "12": 72,
      "13": 69,
      "14": 3
    },
    "b": { "1": [72, 0] },
    "f": { "1": 0, "2": 0, "3": 0, "4": 0, "5": 375, "6": 72, "7": 69, "8": 3 },
    "fnMap": {
      "1": {
        "name": "name",
        "line": 21,
        "loc": { "start": { "line": 21, "column": 4 }, "end": { "line": 35, "column": 4 } }
      },
      "2": {
        "name": "symbol",
        "line": 37,
        "loc": { "start": { "line": 37, "column": 4 }, "end": { "line": 41, "column": 4 } }
      },
      "3": {
        "name": "decimals",
        "line": 43,
        "loc": { "start": { "line": 43, "column": 4 }, "end": { "line": 45, "column": 4 } }
      },
      "4": {
        "name": "totalSupply",
        "line": 47,
        "loc": { "start": { "line": 47, "column": 4 }, "end": { "line": 49, "column": 4 } }
      },
      "5": {
        "name": "constructor",
        "line": 55,
        "loc": { "start": { "line": 51, "column": 4 }, "end": { "line": 59, "column": 4 } }
      },
      "6": {
        "name": "onlyConvenience",
        "line": 61,
        "loc": { "start": { "line": 61, "column": 4 }, "end": { "line": 64, "column": 4 } }
      },
      "7": {
        "name": "mint",
        "line": 66,
        "loc": { "start": { "line": 66, "column": 4 }, "end": { "line": 68, "column": 4 } }
      },
      "8": {
        "name": "burn",
        "line": 70,
        "loc": { "start": { "line": 70, "column": 4 }, "end": { "line": 72, "column": 4 } }
      }
    },
    "statementMap": {
      "1": { "start": { "line": 22, "column": 8 }, "end": { "line": 22, "column": 57 } },
      "2": { "start": { "line": 23, "column": 8 }, "end": { "line": 23, "column": 67 } },
      "3": { "start": { "line": 24, "column": 8 }, "end": { "line": 24, "column": 1000 } },
      "4": { "start": { "line": 38, "column": 8 }, "end": { "line": 38, "column": 61 } },
      "5": { "start": { "line": 39, "column": 8 }, "end": { "line": 39, "column": 71 } },
      "6": { "start": { "line": 40, "column": 8 }, "end": { "line": 40, "column": 116 } },
      "7": { "start": { "line": 44, "column": 8 }, "end": { "line": 44, "column": 47 } },
      "8": { "start": { "line": 48, "column": 8 }, "end": { "line": 48, "column": 78 } },
      "9": { "start": { "line": 56, "column": 8 }, "end": { "line": 56, "column": 33 } },
      "10": { "start": { "line": 57, "column": 8 }, "end": { "line": 57, "column": 19 } },
      "11": { "start": { "line": 58, "column": 8 }, "end": { "line": 58, "column": 27 } },
      "12": { "start": { "line": 62, "column": 8 }, "end": { "line": 62, "column": 58 } },
      "13": { "start": { "line": 67, "column": 8 }, "end": { "line": 67, "column": 24 } },
      "14": { "start": { "line": 71, "column": 8 }, "end": { "line": 71, "column": 26 } }
    },
    "branchMap": {
      "1": {
        "line": 62,
        "type": "if",
        "locations": [
          { "start": { "line": 62, "column": 8 }, "end": { "line": 62, "column": 8 } },
          { "start": { "line": 62, "column": 8 }, "end": { "line": 62, "column": 8 } }
        ]
      }
    }
  },
  "contracts/InsurancePrincipal.sol": {
    "l": {
      "22": 0,
      "23": 0,
      "24": 0,
      "38": 0,
      "39": 0,
      "40": 0,
      "44": 0,
      "48": 0,
      "56": 375,
      "57": 375,
      "58": 375,
      "62": 72,
      "63": 72,
      "67": 69,
      "71": 3
    },
    "path": "/Users/vhawk19/Documents/GitHub/Timeswap-V1-Convenience/contracts/InsurancePrincipal.sol",
    "s": {
      "1": 0,
      "2": 0,
      "3": 0,
      "4": 0,
      "5": 0,
      "6": 0,
      "7": 0,
      "8": 0,
      "9": 375,
      "10": 375,
      "11": 375,
      "12": 72,
      "13": 69,
      "14": 3
    },
    "b": { "1": [72, 0] },
    "f": { "1": 0, "2": 0, "3": 0, "4": 0, "5": 375, "6": 72, "7": 69, "8": 3 },
    "fnMap": {
      "1": {
        "name": "name",
        "line": 21,
        "loc": { "start": { "line": 21, "column": 4 }, "end": { "line": 35, "column": 4 } }
      },
      "2": {
        "name": "symbol",
        "line": 37,
        "loc": { "start": { "line": 37, "column": 4 }, "end": { "line": 41, "column": 4 } }
      },
      "3": {
        "name": "decimals",
        "line": 43,
        "loc": { "start": { "line": 43, "column": 4 }, "end": { "line": 45, "column": 4 } }
      },
      "4": {
        "name": "totalSupply",
        "line": 47,
        "loc": { "start": { "line": 47, "column": 4 }, "end": { "line": 49, "column": 4 } }
      },
      "5": {
        "name": "constructor",
        "line": 55,
        "loc": { "start": { "line": 51, "column": 4 }, "end": { "line": 59, "column": 4 } }
      },
      "6": {
        "name": "onlyConvenience",
        "line": 61,
        "loc": { "start": { "line": 61, "column": 4 }, "end": { "line": 64, "column": 4 } }
      },
      "7": {
        "name": "mint",
        "line": 66,
        "loc": { "start": { "line": 66, "column": 4 }, "end": { "line": 68, "column": 4 } }
      },
      "8": {
        "name": "burn",
        "line": 70,
        "loc": { "start": { "line": 70, "column": 4 }, "end": { "line": 72, "column": 4 } }
      }
    },
    "statementMap": {
      "1": { "start": { "line": 22, "column": 8 }, "end": { "line": 22, "column": 57 } },
      "2": { "start": { "line": 23, "column": 8 }, "end": { "line": 23, "column": 67 } },
      "3": { "start": { "line": 24, "column": 8 }, "end": { "line": 24, "column": 1001 } },
      "4": { "start": { "line": 38, "column": 8 }, "end": { "line": 38, "column": 61 } },
      "5": { "start": { "line": 39, "column": 8 }, "end": { "line": 39, "column": 71 } },
      "6": { "start": { "line": 40, "column": 8 }, "end": { "line": 40, "column": 116 } },
      "7": { "start": { "line": 44, "column": 8 }, "end": { "line": 44, "column": 47 } },
      "8": { "start": { "line": 48, "column": 8 }, "end": { "line": 48, "column": 79 } },
      "9": { "start": { "line": 56, "column": 8 }, "end": { "line": 56, "column": 33 } },
      "10": { "start": { "line": 57, "column": 8 }, "end": { "line": 57, "column": 19 } },
      "11": { "start": { "line": 58, "column": 8 }, "end": { "line": 58, "column": 27 } },
      "12": { "start": { "line": 62, "column": 8 }, "end": { "line": 62, "column": 58 } },
      "13": { "start": { "line": 67, "column": 8 }, "end": { "line": 67, "column": 24 } },
      "14": { "start": { "line": 71, "column": 8 }, "end": { "line": 71, "column": 26 } }
    },
    "branchMap": {
      "1": {
        "line": 62,
        "type": "if",
        "locations": [
          { "start": { "line": 62, "column": 8 }, "end": { "line": 62, "column": 8 } },
          { "start": { "line": 62, "column": 8 }, "end": { "line": 62, "column": 8 } }
        ]
      }
    }
  },
  "contracts/interfaces/IBorrow.sol": {
    "l": {},
    "path": "/Users/vhawk19/Documents/GitHub/Timeswap-V1-Convenience/contracts/interfaces/IBorrow.sol",
    "s": {},
    "b": {},
    "f": {},
    "fnMap": {},
    "statementMap": {},
    "branchMap": {}
  },
  "contracts/interfaces/IBurn.sol": {
    "l": {},
    "path": "/Users/vhawk19/Documents/GitHub/Timeswap-V1-Convenience/contracts/interfaces/IBurn.sol",
    "s": {},
    "b": {},
    "f": {},
    "fnMap": {},
    "statementMap": {},
    "branchMap": {}
  },
  "contracts/interfaces/IClaim.sol": {
    "l": {},
    "path": "/Users/vhawk19/Documents/GitHub/Timeswap-V1-Convenience/contracts/interfaces/IClaim.sol",
    "s": {},
    "b": {},
    "f": {},
    "fnMap": {},
    "statementMap": {},
    "branchMap": {}
  },
  "contracts/interfaces/IConvenience.sol": {
    "l": {},
    "path": "/Users/vhawk19/Documents/GitHub/Timeswap-V1-Convenience/contracts/interfaces/IConvenience.sol",
    "s": {},
    "b": {},
    "f": {},
    "fnMap": {},
    "statementMap": {},
    "branchMap": {}
  },
  "contracts/interfaces/IDeployNatives.sol": {
    "l": {},
    "path": "/Users/vhawk19/Documents/GitHub/Timeswap-V1-Convenience/contracts/interfaces/IDeployNatives.sol",
    "s": {},
    "b": {},
    "f": {},
    "fnMap": {},
    "statementMap": {},
    "branchMap": {}
  },
  "contracts/interfaces/IDeployPair.sol": {
    "l": {},
    "path": "/Users/vhawk19/Documents/GitHub/Timeswap-V1-Convenience/contracts/interfaces/IDeployPair.sol",
    "s": {},
    "b": {},
    "f": {},
    "fnMap": {},
    "statementMap": {},
    "branchMap": {}
  },
  "contracts/interfaces/IDue.sol": {
    "l": {},
    "path": "/Users/vhawk19/Documents/GitHub/Timeswap-V1-Convenience/contracts/interfaces/IDue.sol",
    "s": {},
    "b": {},
    "f": {},
    "fnMap": {},
    "statementMap": {},
    "branchMap": {}
  },
  "contracts/interfaces/IERC20Permit.sol": {
    "l": {},
    "path": "/Users/vhawk19/Documents/GitHub/Timeswap-V1-Convenience/contracts/interfaces/IERC20Permit.sol",
    "s": {},
    "b": {},
    "f": {},
    "fnMap": {},
    "statementMap": {},
    "branchMap": {}
  },
  "contracts/interfaces/IERC721Extended.sol": {
    "l": {},
    "path": "/Users/vhawk19/Documents/GitHub/Timeswap-V1-Convenience/contracts/interfaces/IERC721Extended.sol",
    "s": {},
    "b": {},
    "f": {},
    "fnMap": {},
    "statementMap": {},
    "branchMap": {}
  },
  "contracts/interfaces/IERC721Permit.sol": {
    "l": {},
    "path": "/Users/vhawk19/Documents/GitHub/Timeswap-V1-Convenience/contracts/interfaces/IERC721Permit.sol",
    "s": {},
    "b": {},
    "f": {},
    "fnMap": {},
    "statementMap": {},
    "branchMap": {}
  },
  "contracts/interfaces/ILend.sol": {
    "l": {},
    "path": "/Users/vhawk19/Documents/GitHub/Timeswap-V1-Convenience/contracts/interfaces/ILend.sol",
    "s": {},
    "b": {},
    "f": {},
    "fnMap": {},
    "statementMap": {},
    "branchMap": {}
  },
  "contracts/interfaces/ILiquidity.sol": {
    "l": {},
    "path": "/Users/vhawk19/Documents/GitHub/Timeswap-V1-Convenience/contracts/interfaces/ILiquidity.sol",
    "s": {},
    "b": {},
    "f": {},
    "fnMap": {},
    "statementMap": {},
    "branchMap": {}
  },
  "contracts/interfaces/IMint.sol": {
    "l": {},
    "path": "/Users/vhawk19/Documents/GitHub/Timeswap-V1-Convenience/contracts/interfaces/IMint.sol",
    "s": {},
    "b": {},
    "f": {},
    "fnMap": {},
    "statementMap": {},
    "branchMap": {}
  },
  "contracts/interfaces/IPay.sol": {
    "l": {},
    "path": "/Users/vhawk19/Documents/GitHub/Timeswap-V1-Convenience/contracts/interfaces/IPay.sol",
    "s": {},
    "b": {},
    "f": {},
    "fnMap": {},
    "statementMap": {},
    "branchMap": {}
  },
  "contracts/interfaces/IWETH.sol": {
    "l": {},
    "path": "/Users/vhawk19/Documents/GitHub/Timeswap-V1-Convenience/contracts/interfaces/IWETH.sol",
    "s": {},
    "b": {},
    "f": {},
    "fnMap": {},
    "statementMap": {},
    "branchMap": {}
  },
  "contracts/interfaces/IWithdraw.sol": {
    "l": {},
    "path": "/Users/vhawk19/Documents/GitHub/Timeswap-V1-Convenience/contracts/interfaces/IWithdraw.sol",
    "s": {},
    "b": {},
    "f": {},
    "fnMap": {},
    "statementMap": {},
    "branchMap": {}
  },
  "contracts/libraries/Base64.sol": {
    "l": { "12": 0, "15": 0, "18": 0, "21": 0, "23": 0, "69": 0 },
    "path": "/Users/vhawk19/Documents/GitHub/Timeswap-V1-Convenience/contracts/libraries/Base64.sol",
    "s": { "1": 0, "2": 0, "3": 0, "4": 0, "5": 0, "6": 0 },
    "b": { "1": [0, 0] },
    "f": { "1": 0 },
    "fnMap": {
      "1": {
        "name": "encode",
        "line": 11,
        "loc": { "start": { "line": 11, "column": 4 }, "end": { "line": 70, "column": 4 } }
      }
    },
    "statementMap": {
      "1": { "start": { "line": 12, "column": 8 }, "end": { "line": 12, "column": 39 } },
      "2": { "start": { "line": 12, "column": 30 }, "end": { "line": 12, "column": 39 } },
      "3": { "start": { "line": 15, "column": 8 }, "end": { "line": 15, "column": 35 } },
      "4": { "start": { "line": 18, "column": 8 }, "end": { "line": 18, "column": 56 } },
      "5": { "start": { "line": 21, "column": 8 }, "end": { "line": 21, "column": 58 } },
      "6": { "start": { "line": 69, "column": 8 }, "end": { "line": 69, "column": 21 } }
    },
    "branchMap": {
      "1": {
        "line": 12,
        "type": "if",
        "locations": [
          { "start": { "line": 12, "column": 8 }, "end": { "line": 12, "column": 8 } },
          { "start": { "line": 12, "column": 8 }, "end": { "line": 12, "column": 8 } }
        ]
      }
    }
  },
  "contracts/libraries/Borrow.sol": {
    "l": {
      "33": 1006,
      "66": 6,
      "84": 6,
      "85": 6,
      "102": 6,
      "104": 6,
      "122": 6,
      "123": 6,
      "124": 6,
      "127": 6,
      "144": 4,
      "177": 4,
      "195": 4,
      "196": 4,
      "213": 4,
      "215": 4,
      "233": 4,
      "234": 1,
      "235": 1,
      "238": 1,
      "255": 8,
      "289": 8,
      "308": 8,
      "309": 8,
      "326": 8,
      "328": 8,
      "347": 8,
      "348": 8,
      "349": 8,
      "352": 8,
      "367": 1018,
      "369": 1018,
      "370": 1018,
      "372": 1018,
      "378": 1018,
      "396": 1018,
      "410": 12,
      "411": 12,
      "413": 12,
      "419": 12,
      "437": 12,
      "451": 24,
      "453": 24,
      "454": 24,
      "456": 24,
      "462": 24,
      "480": 24,
      "481": 24,
      "495": 1054,
      "496": 1054,
      "498": 1054,
      "499": 1054,
      "500": 0,
      "502": 1054,
      "514": 1054
    },
    "path": "/Users/vhawk19/Documents/GitHub/Timeswap-V1-Convenience/contracts/libraries/Borrow.sol",
    "s": {
      "1": 1006,
      "2": 6,
      "3": 6,
      "4": 6,
      "5": 6,
      "6": 6,
      "7": 6,
      "8": 6,
      "9": 6,
      "10": 4,
      "11": 4,
      "12": 4,
      "13": 4,
      "14": 4,
      "15": 4,
      "16": 4,
      "17": 1,
      "18": 1,
      "19": 8,
      "20": 8,
      "21": 8,
      "22": 8,
      "23": 8,
      "24": 8,
      "25": 8,
      "26": 8,
      "27": 8,
      "28": 1018,
      "29": 1018,
      "30": 1018,
      "31": 1018,
      "32": 1018,
      "33": 1018,
      "34": 12,
      "35": 12,
      "36": 12,
      "37": 12,
      "38": 12,
      "39": 24,
      "40": 24,
      "41": 24,
      "42": 24,
      "43": 24,
      "44": 24,
      "45": 24,
      "46": 1054,
      "47": 1054,
      "48": 1054,
      "49": 1054,
      "50": 0,
      "51": 1054,
      "52": 1054
    },
    "b": {
      "1": [6, 0],
      "2": [1, 3],
      "3": [8, 0],
      "4": [1018, 0],
      "5": [1018, 0],
      "6": [1018, 0],
      "7": [12, 0],
      "8": [12, 0],
      "9": [24, 0],
      "10": [24, 0],
      "11": [24, 0],
      "12": [24, 0],
      "13": [1054, 0],
      "14": [1054, 0],
      "15": [0, 1054]
    },
    "f": {
      "1": 1006,
      "2": 6,
      "3": 6,
      "4": 4,
      "5": 4,
      "6": 4,
      "7": 8,
      "8": 8,
      "9": 8,
      "10": 1018,
      "11": 12,
      "12": 24,
      "13": 1054
    },
    "fnMap": {
      "1": {
        "name": "borrowGivenDebt",
        "line": 20,
        "loc": { "start": { "line": 20, "column": 4 }, "end": { "line": 50, "column": 4 } }
      },
      "2": {
        "name": "borrowGivenDebtETHAsset",
        "line": 52,
        "loc": { "start": { "line": 52, "column": 4 }, "end": { "line": 86, "column": 4 } }
      },
      "3": {
        "name": "borrowGivenDebtETHCollateral",
        "line": 88,
        "loc": { "start": { "line": 88, "column": 4 }, "end": { "line": 129, "column": 4 } }
      },
      "4": {
        "name": "borrowGivenCollateral",
        "line": 131,
        "loc": { "start": { "line": 131, "column": 4 }, "end": { "line": 161, "column": 4 } }
      },
      "5": {
        "name": "borrowGivenCollateralETHAsset",
        "line": 163,
        "loc": { "start": { "line": 163, "column": 4 }, "end": { "line": 197, "column": 4 } }
      },
      "6": {
        "name": "borrowGivenCollateralETHCollateral",
        "line": 199,
        "loc": { "start": { "line": 199, "column": 4 }, "end": { "line": 240, "column": 4 } }
      },
      "7": {
        "name": "borrowGivenPercent",
        "line": 242,
        "loc": { "start": { "line": 242, "column": 4 }, "end": { "line": 273, "column": 4 } }
      },
      "8": {
        "name": "borrowGivenPercentETHAsset",
        "line": 275,
        "loc": { "start": { "line": 275, "column": 4 }, "end": { "line": 310, "column": 4 } }
      },
      "9": {
        "name": "borrowGivenPercentETHCollateral",
        "line": 312,
        "loc": { "start": { "line": 312, "column": 4 }, "end": { "line": 354, "column": 4 } }
      },
      "10": {
        "name": "_borrowGivenDebt",
        "line": 356,
        "loc": { "start": { "line": 356, "column": 4 }, "end": { "line": 397, "column": 4 } }
      },
      "11": {
        "name": "_borrowGivenCollateral",
        "line": 399,
        "loc": { "start": { "line": 399, "column": 4 }, "end": { "line": 438, "column": 4 } }
      },
      "12": {
        "name": "_borrowGivenPercent",
        "line": 440,
        "loc": { "start": { "line": 440, "column": 4 }, "end": { "line": 482, "column": 4 } }
      },
      "13": {
        "name": "_borrow",
        "line": 484,
        "loc": { "start": { "line": 484, "column": 4 }, "end": { "line": 515, "column": 4 } }
      }
    },
    "statementMap": {
      "1": { "start": { "line": 33, "column": 8 }, "end": { "line": 33, "column": 1123 } },
      "2": { "start": { "line": 66, "column": 8 }, "end": { "line": 66, "column": 2065 } },
      "3": { "start": { "line": 84, "column": 8 }, "end": { "line": 84, "column": 37 } },
      "4": { "start": { "line": 85, "column": 8 }, "end": { "line": 85, "column": 52 } },
      "5": { "start": { "line": 102, "column": 8 }, "end": { "line": 102, "column": 53 } },
      "6": { "start": { "line": 104, "column": 8 }, "end": { "line": 104, "column": 3160 } },
      "7": { "start": { "line": 122, "column": 8 }, "end": { "line": 122, "column": 3655 } },
      "8": { "start": { "line": 123, "column": 12 }, "end": { "line": 123, "column": 42 } },
      "9": { "start": { "line": 127, "column": 12 }, "end": { "line": 127, "column": 52 } },
      "10": { "start": { "line": 144, "column": 8 }, "end": { "line": 144, "column": 4303 } },
      "11": { "start": { "line": 177, "column": 8 }, "end": { "line": 177, "column": 5269 } },
      "12": { "start": { "line": 195, "column": 8 }, "end": { "line": 195, "column": 30 } },
      "13": { "start": { "line": 196, "column": 8 }, "end": { "line": 196, "column": 54 } },
      "14": { "start": { "line": 213, "column": 8 }, "end": { "line": 213, "column": 52 } },
      "15": { "start": { "line": 215, "column": 8 }, "end": { "line": 215, "column": 6382 } },
      "16": { "start": { "line": 233, "column": 8 }, "end": { "line": 233, "column": 6889 } },
      "17": { "start": { "line": 234, "column": 12 }, "end": { "line": 234, "column": 41 } },
      "18": { "start": { "line": 238, "column": 12 }, "end": { "line": 238, "column": 52 } },
      "19": { "start": { "line": 255, "column": 8 }, "end": { "line": 255, "column": 7529 } },
      "20": { "start": { "line": 289, "column": 8 }, "end": { "line": 289, "column": 8516 } },
      "21": { "start": { "line": 308, "column": 8 }, "end": { "line": 308, "column": 30 } },
      "22": { "start": { "line": 309, "column": 8 }, "end": { "line": 309, "column": 45 } },
      "23": { "start": { "line": 326, "column": 8 }, "end": { "line": 326, "column": 53 } },
      "24": { "start": { "line": 328, "column": 8 }, "end": { "line": 328, "column": 9642 } },
      "25": { "start": { "line": 347, "column": 8 }, "end": { "line": 347, "column": 10176 } },
      "26": { "start": { "line": 348, "column": 12 }, "end": { "line": 348, "column": 42 } },
      "27": { "start": { "line": 352, "column": 12 }, "end": { "line": 352, "column": 52 } },
      "28": { "start": { "line": 367, "column": 8 }, "end": { "line": 367, "column": 55 } },
      "29": { "start": { "line": 369, "column": 8 }, "end": { "line": 369, "column": 76 } },
      "30": { "start": { "line": 370, "column": 8 }, "end": { "line": 370, "column": 51 } },
      "31": { "start": { "line": 372, "column": 8 }, "end": { "line": 372, "column": 10944 } },
      "32": { "start": { "line": 378, "column": 8 }, "end": { "line": 378, "column": 11123 } },
      "33": { "start": { "line": 396, "column": 8 }, "end": { "line": 396, "column": 65 } },
      "34": { "start": { "line": 410, "column": 8 }, "end": { "line": 410, "column": 76 } },
      "35": { "start": { "line": 411, "column": 8 }, "end": { "line": 411, "column": 51 } },
      "36": { "start": { "line": 413, "column": 8 }, "end": { "line": 413, "column": 12149 } },
      "37": { "start": { "line": 419, "column": 8 }, "end": { "line": 419, "column": 12340 } },
      "38": { "start": { "line": 437, "column": 8 }, "end": { "line": 437, "column": 53 } },
      "39": { "start": { "line": 451, "column": 8 }, "end": { "line": 451, "column": 53 } },
      "40": { "start": { "line": 453, "column": 8 }, "end": { "line": 453, "column": 76 } },
      "41": { "start": { "line": 454, "column": 8 }, "end": { "line": 454, "column": 51 } },
      "42": { "start": { "line": 456, "column": 8 }, "end": { "line": 456, "column": 13405 } },
      "43": { "start": { "line": 462, "column": 8 }, "end": { "line": 462, "column": 13588 } },
      "44": { "start": { "line": 480, "column": 8 }, "end": { "line": 480, "column": 53 } },
      "45": { "start": { "line": 481, "column": 8 }, "end": { "line": 481, "column": 65 } },
      "46": { "start": { "line": 495, "column": 8 }, "end": { "line": 495, "column": 58 } },
      "47": { "start": { "line": 496, "column": 8 }, "end": { "line": 496, "column": 57 } },
      "48": { "start": { "line": 498, "column": 8 }, "end": { "line": 498, "column": 102 } },
      "49": { "start": { "line": 499, "column": 8 }, "end": { "line": 499, "column": 14832 } },
      "50": { "start": { "line": 500, "column": 12 }, "end": { "line": 500, "column": 107 } },
      "51": { "start": { "line": 502, "column": 8 }, "end": { "line": 502, "column": 14896 } },
      "52": { "start": { "line": 514, "column": 8 }, "end": { "line": 514, "column": 55 } }
    },
    "branchMap": {
      "1": {
        "line": 122,
        "type": "if",
        "locations": [
          { "start": { "line": 122, "column": 8 }, "end": { "line": 122, "column": 8 } },
          { "start": { "line": 122, "column": 8 }, "end": { "line": 122, "column": 8 } }
        ]
      },
      "2": {
        "line": 233,
        "type": "if",
        "locations": [
          { "start": { "line": 233, "column": 8 }, "end": { "line": 233, "column": 8 } },
          { "start": { "line": 233, "column": 8 }, "end": { "line": 233, "column": 8 } }
        ]
      },
      "3": {
        "line": 347,
        "type": "if",
        "locations": [
          { "start": { "line": 347, "column": 8 }, "end": { "line": 347, "column": 8 } },
          { "start": { "line": 347, "column": 8 }, "end": { "line": 347, "column": 8 } }
        ]
      },
      "4": {
        "line": 367,
        "type": "if",
        "locations": [
          { "start": { "line": 367, "column": 8 }, "end": { "line": 367, "column": 8 } },
          { "start": { "line": 367, "column": 8 }, "end": { "line": 367, "column": 8 } }
        ]
      },
      "5": {
        "line": 370,
        "type": "if",
        "locations": [
          { "start": { "line": 370, "column": 8 }, "end": { "line": 370, "column": 8 } },
          { "start": { "line": 370, "column": 8 }, "end": { "line": 370, "column": 8 } }
        ]
      },
      "6": {
        "line": 396,
        "type": "if",
        "locations": [
          { "start": { "line": 396, "column": 8 }, "end": { "line": 396, "column": 8 } },
          { "start": { "line": 396, "column": 8 }, "end": { "line": 396, "column": 8 } }
        ]
      },
      "7": {
        "line": 411,
        "type": "if",
        "locations": [
          { "start": { "line": 411, "column": 8 }, "end": { "line": 411, "column": 8 } },
          { "start": { "line": 411, "column": 8 }, "end": { "line": 411, "column": 8 } }
        ]
      },
      "8": {
        "line": 437,
        "type": "if",
        "locations": [
          { "start": { "line": 437, "column": 8 }, "end": { "line": 437, "column": 8 } },
          { "start": { "line": 437, "column": 8 }, "end": { "line": 437, "column": 8 } }
        ]
      },
      "9": {
        "line": 451,
        "type": "if",
        "locations": [
          { "start": { "line": 451, "column": 8 }, "end": { "line": 451, "column": 8 } },
          { "start": { "line": 451, "column": 8 }, "end": { "line": 451, "column": 8 } }
        ]
      },
      "10": {
        "line": 454,
        "type": "if",
        "locations": [
          { "start": { "line": 454, "column": 8 }, "end": { "line": 454, "column": 8 } },
          { "start": { "line": 454, "column": 8 }, "end": { "line": 454, "column": 8 } }
        ]
      },
      "11": {
        "line": 480,
        "type": "if",
        "locations": [
          { "start": { "line": 480, "column": 8 }, "end": { "line": 480, "column": 8 } },
          { "start": { "line": 480, "column": 8 }, "end": { "line": 480, "column": 8 } }
        ]
      },
      "12": {
        "line": 481,
        "type": "if",
        "locations": [
          { "start": { "line": 481, "column": 8 }, "end": { "line": 481, "column": 8 } },
          { "start": { "line": 481, "column": 8 }, "end": { "line": 481, "column": 8 } }
        ]
      },
      "13": {
        "line": 495,
        "type": "if",
        "locations": [
          { "start": { "line": 495, "column": 8 }, "end": { "line": 495, "column": 8 } },
          { "start": { "line": 495, "column": 8 }, "end": { "line": 495, "column": 8 } }
        ]
      },
      "14": {
        "line": 496,
        "type": "if",
        "locations": [
          { "start": { "line": 496, "column": 8 }, "end": { "line": 496, "column": 8 } },
          { "start": { "line": 496, "column": 8 }, "end": { "line": 496, "column": 8 } }
        ]
      },
      "15": {
        "line": 499,
        "type": "if",
        "locations": [
          { "start": { "line": 499, "column": 8 }, "end": { "line": 499, "column": 8 } },
          { "start": { "line": 499, "column": 8 }, "end": { "line": 499, "column": 8 } }
        ]
      }
    }
  },
  "contracts/libraries/BorrowMath.sol": {
    "l": {
      "36": 1022,
      "38": 1022,
      "39": 1022,
      "40": 1022,
      "41": 1022,
      "42": 1022,
      "43": 1022,
      "44": 1022,
      "45": 1022,
      "47": 1022,
      "48": 1022,
      "50": 1022,
      "51": 1022,
      "53": 1022,
      "54": 1022,
      "56": 1022,
      "57": 1022,
      "58": 1022,
      "60": 1022,
      "61": 1022,
      "62": 1022,
      "79": 15,
      "81": 15,
      "83": 15,
      "84": 15,
      "86": 15,
      "87": 15,
      "88": 15,
      "89": 15,
      "90": 15,
      "91": 15,
      "92": 15,
      "93": 15,
      "94": 15,
      "95": 15,
      "96": 15,
      "97": 15,
      "99": 15,
      "100": 15,
      "102": 15,
      "103": 15,
      "104": 15,
      "105": 15,
      "106": 15,
      "108": 15,
      "109": 15,
      "110": 15,
      "127": 27,
      "129": 27,
      "131": 27,
      "132": 27,
      "134": 27,
      "135": 27,
      "136": 27,
      "137": 27,
      "138": 27,
      "139": 27,
      "141": 27,
      "142": 27,
      "143": 27,
      "144": 27,
      "146": 27,
      "147": 27,
      "149": 27,
      "150": 27,
      "151": 27,
      "152": 27,
      "153": 27,
      "155": 27,
      "156": 27,
      "157": 27,
      "159": 0,
      "161": 0,
      "162": 0,
      "163": 0,
      "164": 0,
      "165": 0,
      "167": 0,
      "168": 0,
      "169": 0,
      "170": 0,
      "172": 0,
      "173": 0,
      "175": 0,
      "176": 0,
      "177": 0,
      "178": 0,
      "179": 0,
      "181": 0,
      "182": 0,
      "183": 0,
      "192": 1064,
      "193": 1064,
      "195": 1064,
      "196": 1064,
      "197": 1064,
      "198": 1064,
      "200": 1064,
      "201": 1064,
      "202": 1064,
      "203": 1064
    },
    "path": "/Users/vhawk19/Documents/GitHub/Timeswap-V1-Convenience/contracts/libraries/BorrowMath.sol",
    "s": {
      "1": 1022,
      "2": 1022,
      "3": 1022,
      "4": 1022,
      "5": 1022,
      "6": 1022,
      "7": 1022,
      "8": 1022,
      "9": 1022,
      "10": 1022,
      "11": 1022,
      "12": 1022,
      "13": 1022,
      "14": 1022,
      "15": 1022,
      "16": 1022,
      "17": 1022,
      "18": 1022,
      "19": 1022,
      "20": 1022,
      "21": 1022,
      "22": 15,
      "23": 15,
      "24": 15,
      "25": 15,
      "26": 15,
      "27": 15,
      "28": 15,
      "29": 15,
      "30": 15,
      "31": 15,
      "32": 15,
      "33": 15,
      "34": 15,
      "35": 15,
      "36": 15,
      "37": 15,
      "38": 15,
      "39": 15,
      "40": 15,
      "41": 15,
      "42": 15,
      "43": 15,
      "44": 15,
      "45": 15,
      "46": 15,
      "47": 27,
      "48": 27,
      "49": 27,
      "50": 27,
      "51": 27,
      "52": 27,
      "53": 27,
      "54": 27,
      "55": 27,
      "56": 27,
      "57": 27,
      "58": 27,
      "59": 27,
      "60": 27,
      "61": 27,
      "62": 27,
      "63": 27,
      "64": 27,
      "65": 27,
      "66": 27,
      "67": 27,
      "68": 27,
      "69": 27,
      "70": 27,
      "71": 0,
      "72": 0,
      "73": 0,
      "74": 0,
      "75": 0,
      "76": 0,
      "77": 0,
      "78": 0,
      "79": 0,
      "80": 0,
      "81": 0,
      "82": 0,
      "83": 0,
      "84": 0,
      "85": 0,
      "86": 0,
      "87": 0,
      "88": 0,
      "89": 0,
      "90": 0,
      "91": 1064,
      "92": 1064,
      "93": 1064,
      "94": 1064,
      "95": 1064,
      "96": 1064,
      "97": 1064,
      "98": 1064,
      "99": 1064,
      "100": 1064
    },
    "b": { "1": [27, 0] },
    "f": { "1": 1022, "2": 15, "3": 27, "4": 1064 },
    "fnMap": {
      "1": {
        "name": "givenDebt",
        "line": 22,
        "loc": { "start": { "line": 22, "column": 4 }, "end": { "line": 63, "column": 4 } }
      },
      "2": {
        "name": "givenCollateral",
        "line": 65,
        "loc": { "start": { "line": 65, "column": 4 }, "end": { "line": 111, "column": 4 } }
      },
      "3": {
        "name": "givenPercent",
        "line": 113,
        "loc": { "start": { "line": 113, "column": 4 }, "end": { "line": 185, "column": 4 } }
      },
      "4": {
        "name": "getX",
        "line": 187,
        "loc": { "start": { "line": 187, "column": 4 }, "end": { "line": 204, "column": 4 } }
      }
    },
    "statementMap": {
      "1": { "start": { "line": 36, "column": 8 }, "end": { "line": 36, "column": 57 } },
      "2": { "start": { "line": 38, "column": 8 }, "end": { "line": 38, "column": 49 } },
      "3": { "start": { "line": 39, "column": 8 }, "end": { "line": 39, "column": 31 } },
      "4": { "start": { "line": 40, "column": 8 }, "end": { "line": 40, "column": 28 } },
      "5": { "start": { "line": 41, "column": 8 }, "end": { "line": 41, "column": 35 } },
      "6": { "start": { "line": 42, "column": 8 }, "end": { "line": 42, "column": 30 } },
      "7": { "start": { "line": 43, "column": 8 }, "end": { "line": 43, "column": 24 } },
      "8": { "start": { "line": 44, "column": 8 }, "end": { "line": 44, "column": 38 } },
      "9": { "start": { "line": 45, "column": 8 }, "end": { "line": 45, "column": 37 } },
      "10": { "start": { "line": 47, "column": 8 }, "end": { "line": 47, "column": 32 } },
      "11": { "start": { "line": 48, "column": 8 }, "end": { "line": 48, "column": 41 } },
      "12": { "start": { "line": 50, "column": 8 }, "end": { "line": 50, "column": 31 } },
      "13": { "start": { "line": 51, "column": 8 }, "end": { "line": 51, "column": 29 } },
      "14": { "start": { "line": 53, "column": 8 }, "end": { "line": 53, "column": 31 } },
      "15": { "start": { "line": 54, "column": 8 }, "end": { "line": 54, "column": 23 } },
      "16": { "start": { "line": 56, "column": 8 }, "end": { "line": 56, "column": 29 } },
      "17": { "start": { "line": 57, "column": 8 }, "end": { "line": 57, "column": 30 } },
      "18": { "start": { "line": 58, "column": 8 }, "end": { "line": 58, "column": 54 } },
      "19": { "start": { "line": 60, "column": 8 }, "end": { "line": 60, "column": 37 } },
      "20": { "start": { "line": 61, "column": 8 }, "end": { "line": 61, "column": 25 } },
      "21": { "start": { "line": 62, "column": 8 }, "end": { "line": 62, "column": 41 } },
      "22": { "start": { "line": 79, "column": 8 }, "end": { "line": 79, "column": 57 } },
      "23": { "start": { "line": 81, "column": 8 }, "end": { "line": 81, "column": 49 } },
      "24": { "start": { "line": 83, "column": 8 }, "end": { "line": 83, "column": 31 } },
      "25": { "start": { "line": 84, "column": 8 }, "end": { "line": 84, "column": 28 } },
      "26": { "start": { "line": 86, "column": 8 }, "end": { "line": 86, "column": 41 } },
      "27": { "start": { "line": 88, "column": 8 }, "end": { "line": 88, "column": 29 } },
      "28": { "start": { "line": 89, "column": 8 }, "end": { "line": 89, "column": 33 } },
      "29": { "start": { "line": 90, "column": 8 }, "end": { "line": 90, "column": 30 } },
      "30": { "start": { "line": 91, "column": 8 }, "end": { "line": 91, "column": 31 } },
      "31": { "start": { "line": 92, "column": 8 }, "end": { "line": 92, "column": 24 } },
      "32": { "start": { "line": 93, "column": 8 }, "end": { "line": 93, "column": 38 } },
      "33": { "start": { "line": 94, "column": 8 }, "end": { "line": 94, "column": 37 } },
      "34": { "start": { "line": 95, "column": 8 }, "end": { "line": 95, "column": 30 } },
      "35": { "start": { "line": 96, "column": 8 }, "end": { "line": 96, "column": 32 } },
      "36": { "start": { "line": 97, "column": 8 }, "end": { "line": 97, "column": 41 } },
      "37": { "start": { "line": 99, "column": 8 }, "end": { "line": 99, "column": 31 } },
      "38": { "start": { "line": 100, "column": 8 }, "end": { "line": 100, "column": 29 } },
      "39": { "start": { "line": 102, "column": 8 }, "end": { "line": 102, "column": 31 } },
      "40": { "start": { "line": 103, "column": 8 }, "end": { "line": 103, "column": 23 } },
      "41": { "start": { "line": 104, "column": 8 }, "end": { "line": 104, "column": 29 } },
      "42": { "start": { "line": 105, "column": 8 }, "end": { "line": 105, "column": 30 } },
      "43": { "start": { "line": 106, "column": 8 }, "end": { "line": 106, "column": 54 } },
      "44": { "start": { "line": 108, "column": 8 }, "end": { "line": 108, "column": 37 } },
      "45": { "start": { "line": 109, "column": 8 }, "end": { "line": 109, "column": 25 } },
      "46": { "start": { "line": 110, "column": 8 }, "end": { "line": 110, "column": 41 } },
      "47": { "start": { "line": 127, "column": 8 }, "end": { "line": 127, "column": 57 } },
      "48": { "start": { "line": 129, "column": 8 }, "end": { "line": 129, "column": 49 } },
      "49": { "start": { "line": 131, "column": 8 }, "end": { "line": 131, "column": 31 } },
      "50": { "start": { "line": 132, "column": 8 }, "end": { "line": 132, "column": 28 } },
      "51": { "start": { "line": 134, "column": 8 }, "end": { "line": 134, "column": 3619 } },
      "52": { "start": { "line": 135, "column": 12 }, "end": { "line": 135, "column": 31 } },
      "53": { "start": { "line": 136, "column": 12 }, "end": { "line": 136, "column": 23 } },
      "54": { "start": { "line": 137, "column": 12 }, "end": { "line": 137, "column": 47 } },
      "55": { "start": { "line": 138, "column": 12 }, "end": { "line": 138, "column": 31 } },
      "56": { "start": { "line": 139, "column": 12 }, "end": { "line": 139, "column": 23 } },
      "57": { "start": { "line": 141, "column": 12 }, "end": { "line": 141, "column": 37 } },
      "58": { "start": { "line": 142, "column": 12 }, "end": { "line": 142, "column": 32 } },
      "59": { "start": { "line": 143, "column": 12 }, "end": { "line": 143, "column": 51 } },
      "60": { "start": { "line": 144, "column": 12 }, "end": { "line": 144, "column": 45 } },
      "61": { "start": { "line": 146, "column": 12 }, "end": { "line": 146, "column": 35 } },
      "62": { "start": { "line": 147, "column": 12 }, "end": { "line": 147, "column": 33 } },
      "63": { "start": { "line": 149, "column": 12 }, "end": { "line": 149, "column": 35 } },
      "64": { "start": { "line": 150, "column": 12 }, "end": { "line": 150, "column": 27 } },
      "65": { "start": { "line": 151, "column": 12 }, "end": { "line": 151, "column": 42 } },
      "66": { "start": { "line": 152, "column": 12 }, "end": { "line": 152, "column": 34 } },
      "67": { "start": { "line": 153, "column": 12 }, "end": { "line": 153, "column": 58 } },
      "68": { "start": { "line": 155, "column": 12 }, "end": { "line": 155, "column": 41 } },
      "69": { "start": { "line": 156, "column": 12 }, "end": { "line": 156, "column": 29 } },
      "70": { "start": { "line": 157, "column": 12 }, "end": { "line": 157, "column": 45 } },
      "71": { "start": { "line": 159, "column": 12 }, "end": { "line": 159, "column": 42 } },
      "72": { "start": { "line": 161, "column": 12 }, "end": { "line": 161, "column": 31 } },
      "73": { "start": { "line": 162, "column": 12 }, "end": { "line": 162, "column": 23 } },
      "74": { "start": { "line": 163, "column": 12 }, "end": { "line": 163, "column": 47 } },
[...]
          { "start": { "line": 145, "column": 8 }, "end": { "line": 145, "column": 8 } }
        ]
      }
    }
  },
  "contracts/TimeswapConvenience.sol": {
    "l": {
      "49": 309,
      "58": 54,
      "59": 54,
      "60": 54,
      "62": 54,
      "63": 54,
      "69": 32,
      "74": 0,
      "79": 0,
      "93": 129,
      "108": 93,
      "123": 183,
      "137": 4,
      "152": 4,
      "167": 4,
      "187": 4,
      "202": 4,
      "217": 4,
      "237": 4,
      "252": 4,
      "273": 4,
      "288": 20,
      "297": 20,
      "306": 20,
      "315": 12,
      "325": 12,
      "334": 12,
      "343": 5,
      "353": 5,
      "362": 5,
      "371": 6,
      "381": 6,
      "390": 6,
      "395": 2,
      "404": 2,
      "413": 2,
      "426": 1006,
      "439": 6,
      "453": 6,
      "466": 4,
      "479": 4,
      "493": 4,
      "506": 8,
      "519": 8,
      "533": 8,
      "538": 4,
      "548": 3,
      "557": 3,
      "566": 411,
      "570": 411,
      "571": 411,
      "572": 411,
      "577": 69,
      "578": 69,
      "579": 69,
      "584": 1054,
      "585": 1054,
      "586": 1054,
      "591": 10,
      "592": 10,
      "593": 10,
      "597": 1544,
      "598": 1544,
      "607": 1955,
      "608": 324,
      "609": 324,
      "611": 1631
    },
    "path": "/Users/vhawk19/Documents/GitHub/Timeswap-V1-Convenience/contracts/TimeswapConvenience.sol",
    "s": {
      "1": 309,
      "2": 54,
      "3": 54,
      "4": 54,
      "5": 54,
      "6": 54,
      "7": 0,
      "8": 0,
      "9": 129,
      "10": 93,
      "11": 183,
      "12": 4,
      "13": 4,
      "14": 4,
      "15": 4,
      "16": 4,
      "17": 4,
      "18": 4,
      "19": 4,
      "20": 4,
      "21": 20,
      "22": 20,
      "23": 20,
      "24": 12,
      "25": 12,
      "26": 12,
      "27": 5,
      "28": 5,
      "29": 5,
      "30": 6,
      "31": 6,
      "32": 6,
      "33": 2,
      "34": 2,
      "35": 2,
      "36": 1006,
      "37": 6,
      "38": 6,
      "39": 4,
      "40": 4,
      "41": 4,
      "42": 8,
      "43": 8,
      "44": 8,
      "45": 4,
      "46": 3,
      "47": 3,
      "48": 411,
      "49": 411,
      "50": 411,
      "51": 411,
      "52": 69,
      "53": 69,
      "54": 69,
      "55": 1054,
      "56": 1054,
      "57": 1054,
      "58": 10,
      "59": 10,
      "60": 10,
      "61": 1544,
      "62": 1544,
      "63": 1955,
      "64": 324,
      "65": 324,
      "66": 1631
    },
    "b": { "1": [54, 0], "2": [54, 0], "3": [54, 0], "4": [32, 0], "5": [1544, 0], "6": [324, 1631] },
    "f": {
      "1": 309,
      "2": 54,
      "3": 0,
      "4": 0,
      "5": 129,
      "6": 93,
      "7": 183,
      "8": 4,
      "9": 4,
      "10": 4,
      "11": 4,
      "12": 4,
      "13": 4,
      "14": 4,
      "15": 4,
      "16": 4,
      "17": 20,
      "18": 20,
      "19": 20,
      "20": 12,
      "21": 12,
      "22": 12,
      "23": 5,
      "24": 5,
      "25": 5,
      "26": 6,
      "27": 6,
      "28": 6,
      "29": 2,
      "30": 2,
      "31": 2,
      "32": 1006,
      "33": 6,
      "34": 6,
      "35": 4,
      "36": 4,
      "37": 4,
      "38": 8,
      "39": 8,
      "40": 8,
      "41": 4,
      "42": 3,
      "43": 3,
      "44": 411,
      "45": 69,
      "46": 1054,
      "47": 10,
      "48": 1544,
      "49": 1955
    },
    "fnMap": {
      "1": {
        "name": "getNative",
        "line": 44,
        "loc": { "start": { "line": 44, "column": 4 }, "end": { "line": 50, "column": 4 } }
      },
      "2": {
        "name": "constructor",
        "line": 57,
        "loc": { "start": { "line": 57, "column": 4 }, "end": { "line": 64, "column": 4 } }
      },
      "3": {
        "name": "deployPair",
        "line": 73,
        "loc": { "start": { "line": 73, "column": 4 }, "end": { "line": 75, "column": 4 } }
      },
      "4": {
        "name": "deployNatives",
        "line": 78,
        "loc": { "start": { "line": 78, "column": 4 }, "end": { "line": 80, "column": 4 } }
      },
      "5": {
        "name": "newLiquidity",
        "line": 83,
        "loc": { "start": { "line": 83, "column": 4 }, "end": { "line": 94, "column": 4 } }
      },
      "6": {
        "name": "newLiquidityETHAsset",
        "line": 97,
        "loc": { "start": { "line": 97, "column": 4 }, "end": { "line": 109, "column": 4 } }
      },
      "7": {
        "name": "newLiquidityETHCollateral",
        "line": 112,
        "loc": { "start": { "line": 112, "column": 4 }, "end": { "line": 124, "column": 4 } }
      },
      "8": {
        "name": "liquidityGivenAsset",
        "line": 127,
        "loc": { "start": { "line": 127, "column": 4 }, "end": { "line": 138, "column": 4 } }
      },
      "9": {
        "name": "liquidityGivenAssetETHAsset",
        "line": 141,
        "loc": { "start": { "line": 141, "column": 4 }, "end": { "line": 153, "column": 4 } }
      },
      "10": {
        "name": "liquidityGivenAssetETHCollateral",
        "line": 156,
        "loc": { "start": { "line": 156, "column": 4 }, "end": { "line": 174, "column": 4 } }
      },
      "11": {
        "name": "liquidityGivenDebt",
        "line": 177,
        "loc": { "start": { "line": 177, "column": 4 }, "end": { "line": 188, "column": 4 } }
      },
      "12": {
        "name": "liquidityGivenDebtETHAsset",
        "line": 191,
        "loc": { "start": { "line": 191, "column": 4 }, "end": { "line": 203, "column": 4 } }
      },
      "13": {
        "name": "liquidityGivenDebtETHCollateral",
        "line": 206,
        "loc": { "start": { "line": 206, "column": 4 }, "end": { "line": 224, "column": 4 } }
      },
      "14": {
        "name": "liquidityGivenCollateral",
        "line": 227,
        "loc": { "start": { "line": 227, "column": 4 }, "end": { "line": 238, "column": 4 } }
      },
      "15": {
        "name": "liquidityGivenCollateralETHAsset",
        "line": 241,
        "loc": { "start": { "line": 241, "column": 4 }, "end": { "line": 259, "column": 4 } }
      },
      "16": {
        "name": "liquidityGivenCollateralETHCollateral",
        "line": 262,
        "loc": { "start": { "line": 262, "column": 4 }, "end": { "line": 280, "column": 4 } }
      },
      "17": {
        "name": "removeLiquidity",
        "line": 283,
        "loc": { "start": { "line": 283, "column": 4 }, "end": { "line": 289, "column": 4 } }
      },
      "18": {
        "name": "removeLiquidityETHAsset",
        "line": 292,
        "loc": { "start": { "line": 292, "column": 4 }, "end": { "line": 298, "column": 4 } }
      },
      "19": {
        "name": "removeLiquidityETHCollateral",
        "line": 301,
        "loc": { "start": { "line": 301, "column": 4 }, "end": { "line": 307, "column": 4 } }
      },
      "20": {
        "name": "lendGivenBond",
        "line": 310,
        "loc": { "start": { "line": 310, "column": 4 }, "end": { "line": 316, "column": 4 } }
      },
      "21": {
        "name": "lendGivenBondETHAsset",
        "line": 319,
        "loc": { "start": { "line": 319, "column": 4 }, "end": { "line": 326, "column": 4 } }
      },
      "22": {
        "name": "lendGivenBondETHCollateral",
        "line": 329,
        "loc": { "start": { "line": 329, "column": 4 }, "end": { "line": 335, "column": 4 } }
      },
      "23": {
        "name": "lendGivenInsurance",
        "line": 338,
        "loc": { "start": { "line": 338, "column": 4 }, "end": { "line": 344, "column": 4 } }
      },
      "24": {
        "name": "lendGivenInsuranceETHAsset",
        "line": 347,
        "loc": { "start": { "line": 347, "column": 4 }, "end": { "line": 354, "column": 4 } }
      },
      "25": {
        "name": "lendGivenInsuranceETHCollateral",
        "line": 357,
        "loc": { "start": { "line": 357, "column": 4 }, "end": { "line": 363, "column": 4 } }
      },
      "26": {
        "name": "lendGivenPercent",
        "line": 366,
        "loc": { "start": { "line": 366, "column": 4 }, "end": { "line": 372, "column": 4 } }
      },
      "27": {
        "name": "lendGivenPercentETHAsset",
        "line": 375,
        "loc": { "start": { "line": 375, "column": 4 }, "end": { "line": 382, "column": 4 } }
      },
      "28": {
        "name": "lendGivenPercentETHCollateral",
        "line": 385,
        "loc": { "start": { "line": 385, "column": 4 }, "end": { "line": 391, "column": 4 } }
      },
      "29": {
        "name": "collect",
        "line": 394,
        "loc": { "start": { "line": 394, "column": 4 }, "end": { "line": 396, "column": 4 } }
      },
      "30": {
        "name": "collectETHAsset",
        "line": 399,
        "loc": { "start": { "line": 399, "column": 4 }, "end": { "line": 405, "column": 4 } }
      },
      "31": {
        "name": "collectETHCollateral",
        "line": 408,
        "loc": { "start": { "line": 408, "column": 4 }, "end": { "line": 414, "column": 4 } }
      },
      "32": {
        "name": "borrowGivenDebt",
        "line": 417,
        "loc": { "start": { "line": 417, "column": 4 }, "end": { "line": 427, "column": 4 } }
      },
      "33": {
        "name": "borrowGivenDebtETHAsset",
        "line": 430,
        "loc": { "start": { "line": 430, "column": 4 }, "end": { "line": 440, "column": 4 } }
      },
      "34": {
        "name": "borrowGivenDebtETHCollateral",
        "line": 443,
        "loc": { "start": { "line": 443, "column": 4 }, "end": { "line": 454, "column": 4 } }
      },
      "35": {
        "name": "borrowGivenCollateral",
        "line": 457,
        "loc": { "start": { "line": 457, "column": 4 }, "end": { "line": 467, "column": 4 } }
      },
      "36": {
        "name": "borrowGivenCollateralETHAsset",
        "line": 470,
        "loc": { "start": { "line": 470, "column": 4 }, "end": { "line": 480, "column": 4 } }
      },
      "37": {
        "name": "borrowGivenCollateralETHCollateral",
        "line": 483,
        "loc": { "start": { "line": 483, "column": 4 }, "end": { "line": 494, "column": 4 } }
      },
      "38": {
        "name": "borrowGivenPercent",
        "line": 497,
        "loc": { "start": { "line": 497, "column": 4 }, "end": { "line": 507, "column": 4 } }
      },
      "39": {
        "name": "borrowGivenPercentETHAsset",
        "line": 510,
        "loc": { "start": { "line": 510, "column": 4 }, "end": { "line": 520, "column": 4 } }
      },
      "40": {
        "name": "borrowGivenPercentETHCollateral",
        "line": 523,
        "loc": { "start": { "line": 523, "column": 4 }, "end": { "line": 534, "column": 4 } }
      },
      "41": {
        "name": "repay",
        "line": 537,
        "loc": { "start": { "line": 537, "column": 4 }, "end": { "line": 539, "column": 4 } }
      },
      "42": {
        "name": "repayETHAsset",
        "line": 542,
        "loc": { "start": { "line": 542, "column": 4 }, "end": { "line": 549, "column": 4 } }
      },
      "43": {
        "name": "repayETHCollateral",
        "line": 552,
        "loc": { "start": { "line": 552, "column": 4 }, "end": { "line": 558, "column": 4 } }
      },
      "44": {
        "name": "timeswapMintCallback",
        "line": 561,
        "loc": { "start": { "line": 561, "column": 4 }, "end": { "line": 573, "column": 4 } }
      },
      "45": {
        "name": "timeswapLendCallback",
        "line": 576,
        "loc": { "start": { "line": 576, "column": 4 }, "end": { "line": 580, "column": 4 } }
      },
      "46": {
        "name": "timeswapBorrowCallback",
        "line": 583,
        "loc": { "start": { "line": 583, "column": 4 }, "end": { "line": 587, "column": 4 } }
      },
      "47": {
        "name": "timeswapPayCallback",
        "line": 590,
        "loc": { "start": { "line": 590, "column": 4 }, "end": { "line": 594, "column": 4 } }
      },
      "48": {
        "name": "getPairAndVerify",
        "line": 596,
        "loc": { "start": { "line": 596, "column": 4 }, "end": { "line": 599, "column": 4 } }
      },
      "49": {
        "name": "callbackTransfer",
        "line": 601,
        "loc": { "start": { "line": 601, "column": 4 }, "end": { "line": 613, "column": 4 } }
      }
    },
    "statementMap": {
      "1": { "start": { "line": 49, "column": 8 }, "end": { "line": 49, "column": 51 } },
      "2": { "start": { "line": 58, "column": 8 }, "end": { "line": 58, "column": 55 } },
      "3": { "start": { "line": 59, "column": 8 }, "end": { "line": 59, "column": 52 } },
      "4": { "start": { "line": 60, "column": 8 }, "end": { "line": 60, "column": 59 } },
      "5": { "start": { "line": 62, "column": 8 }, "end": { "line": 62, "column": 25 } },
      "6": { "start": { "line": 63, "column": 8 }, "end": { "line": 63, "column": 19 } },
      "7": { "start": { "line": 74, "column": 8 }, "end": { "line": 74, "column": 58 } },
      "8": { "start": { "line": 79, "column": 8 }, "end": { "line": 79, "column": 58 } },
      "9": { "start": { "line": 93, "column": 8 }, "end": { "line": 93, "column": 94 } },
      "10": { "start": { "line": 108, "column": 8 }, "end": { "line": 108, "column": 108 } },
      "11": { "start": { "line": 123, "column": 8 }, "end": { "line": 123, "column": 113 } },
      "12": { "start": { "line": 137, "column": 8 }, "end": { "line": 137, "column": 101 } },
      "13": { "start": { "line": 152, "column": 8 }, "end": { "line": 152, "column": 115 } },
      "14": { "start": { "line": 167, "column": 8 }, "end": { "line": 167, "column": 5776 } },
      "15": { "start": { "line": 187, "column": 8 }, "end": { "line": 187, "column": 100 } },
      "16": { "start": { "line": 202, "column": 8 }, "end": { "line": 202, "column": 114 } },
      "17": { "start": { "line": 217, "column": 8 }, "end": { "line": 217, "column": 7160 } },
      "18": { "start": { "line": 237, "column": 8 }, "end": { "line": 237, "column": 106 } },
      "19": { "start": { "line": 252, "column": 8 }, "end": { "line": 252, "column": 8115 } },
      "20": { "start": { "line": 273, "column": 8 }, "end": { "line": 273, "column": 8661 } },
      "21": { "start": { "line": 288, "column": 8 }, "end": { "line": 288, "column": 81 } },
      "22": { "start": { "line": 297, "column": 8 }, "end": { "line": 297, "column": 95 } },
      "23": { "start": { "line": 306, "column": 8 }, "end": { "line": 306, "column": 100 } },
      "24": { "start": { "line": 315, "column": 8 }, "end": { "line": 315, "column": 80 } },
      "25": { "start": { "line": 325, "column": 8 }, "end": { "line": 325, "column": 94 } },
      "26": { "start": { "line": 334, "column": 8 }, "end": { "line": 334, "column": 99 } },
      "27": { "start": { "line": 343, "column": 8 }, "end": { "line": 343, "column": 85 } },
      "28": { "start": { "line": 353, "column": 8 }, "end": { "line": 353, "column": 99 } },
      "29": { "start": { "line": 362, "column": 8 }, "end": { "line": 362, "column": 104 } },
      "30": { "start": { "line": 371, "column": 8 }, "end": { "line": 371, "column": 83 } },
      "31": { "start": { "line": 381, "column": 8 }, "end": { "line": 381, "column": 97 } },
      "32": { "start": { "line": 390, "column": 8 }, "end": { "line": 390, "column": 102 } },
      "33": { "start": { "line": 395, "column": 8 }, "end": { "line": 395, "column": 61 } },
      "34": { "start": { "line": 404, "column": 8 }, "end": { "line": 404, "column": 75 } },
      "35": { "start": { "line": 413, "column": 8 }, "end": { "line": 413, "column": 80 } },
      "36": { "start": { "line": 426, "column": 8 }, "end": { "line": 426, "column": 86 } },
      "37": { "start": { "line": 439, "column": 8 }, "end": { "line": 439, "column": 100 } },
      "38": { "start": { "line": 453, "column": 8 }, "end": { "line": 453, "column": 105 } },
      "39": { "start": { "line": 466, "column": 8 }, "end": { "line": 466, "column": 92 } },
      "40": { "start": { "line": 479, "column": 8 }, "end": { "line": 479, "column": 106 } },
      "41": { "start": { "line": 493, "column": 8 }, "end": { "line": 493, "column": 111 } },
      "42": { "start": { "line": 506, "column": 8 }, "end": { "line": 506, "column": 89 } },
      "43": { "start": { "line": 519, "column": 8 }, "end": { "line": 519, "column": 103 } },
      "44": { "start": { "line": 533, "column": 8 }, "end": { "line": 533, "column": 108 } },
      "45": { "start": { "line": 538, "column": 8 }, "end": { "line": 538, "column": 67 } },
      "46": { "start": { "line": 548, "column": 8 }, "end": { "line": 548, "column": 81 } },
      "47": { "start": { "line": 557, "column": 8 }, "end": { "line": 557, "column": 86 } },
      "48": { "start": { "line": 566, "column": 8 }, "end": { "line": 566, "column": 17965 } },
      "49": { "start": { "line": 570, "column": 8 }, "end": { "line": 570, "column": 56 } },
      "50": { "start": { "line": 571, "column": 8 }, "end": { "line": 571, "column": 56 } },
      "51": { "start": { "line": 572, "column": 8 }, "end": { "line": 572, "column": 71 } },
      "52": { "start": { "line": 577, "column": 8 }, "end": { "line": 577, "column": 101 } },
      "53": { "start": { "line": 578, "column": 8 }, "end": { "line": 578, "column": 56 } },
      "54": { "start": { "line": 579, "column": 8 }, "end": { "line": 579, "column": 51 } },
      "55": { "start": { "line": 584, "column": 8 }, "end": { "line": 584, "column": 101 } },
      "56": { "start": { "line": 585, "column": 8 }, "end": { "line": 585, "column": 56 } },
      "57": { "start": { "line": 586, "column": 8 }, "end": { "line": 586, "column": 61 } },
      "58": { "start": { "line": 591, "column": 8 }, "end": { "line": 591, "column": 101 } },
      "59": { "start": { "line": 592, "column": 8 }, "end": { "line": 592, "column": 56 } },
      "60": { "start": { "line": 593, "column": 8 }, "end": { "line": 593, "column": 51 } },
      "61": { "start": { "line": 597, "column": 8 }, "end": { "line": 597, "column": 48 } },
      "62": { "start": { "line": 598, "column": 8 }, "end": { "line": 598, "column": 51 } },
      "63": { "start": { "line": 607, "column": 8 }, "end": { "line": 607, "column": 19768 } },
      "64": { "start": { "line": 608, "column": 12 }, "end": { "line": 608, "column": 41 } },
      "65": { "start": { "line": 609, "column": 12 }, "end": { "line": 609, "column": 44 } },
      "66": { "start": { "line": 611, "column": 12 }, "end": { "line": 611, "column": 54 } }
    },
    "branchMap": {
      "1": {
        "line": 58,
        "type": "if",
        "locations": [
          { "start": { "line": 58, "column": 8 }, "end": { "line": 58, "column": 8 } },
          { "start": { "line": 58, "column": 8 }, "end": { "line": 58, "column": 8 } }
        ]
      },
      "2": {
        "line": 59,
        "type": "if",
        "locations": [
          { "start": { "line": 59, "column": 8 }, "end": { "line": 59, "column": 8 } },
          { "start": { "line": 59, "column": 8 }, "end": { "line": 59, "column": 8 } }
        ]
      },
      "3": {
        "line": 60,
        "type": "if",
        "locations": [
          { "start": { "line": 60, "column": 8 }, "end": { "line": 60, "column": 8 } },
          { "start": { "line": 60, "column": 8 }, "end": { "line": 60, "column": 8 } }
        ]
      },
      "4": {
        "line": 69,
        "type": "if",
        "locations": [
          { "start": { "line": 69, "column": 8 }, "end": { "line": 69, "column": 8 } },
          { "start": { "line": 69, "column": 8 }, "end": { "line": 69, "column": 8 } }
        ]
      },
      "5": {
        "line": 598,
        "type": "if",
        "locations": [
          { "start": { "line": 598, "column": 8 }, "end": { "line": 598, "column": 8 } },
          { "start": { "line": 598, "column": 8 }, "end": { "line": 598, "column": 8 } }
        ]
      },
      "6": {
        "line": 607,
        "type": "if",
        "locations": [
          { "start": { "line": 607, "column": 8 }, "end": { "line": 607, "column": 8 } },
          { "start": { "line": 607, "column": 8 }, "end": { "line": 607, "column": 8 } }
        ]
      }
    }
  }
}
