{"contracts/base/ERC20.sol":{"l":{"11":0,"13":0,"21":0,"22":0,"24":0,"28":0,"30":0,"34":0,"36":0,"40":0,"42":0,"50":0,"52":0,"53":0,"55":0,"63":0,"65":0,"69":0,"71":0,"73":0,"77":0,"79":0},"path":"/home/vhawk19/timeswap/Timeswap-V1-Convenience/contracts/base/ERC20.sol","s":{"1":0,"2":0,"3":0,"4":0,"5":0,"6":0,"7":0,"8":0,"9":0,"10":0,"11":0,"12":0,"13":0,"14":0,"15":0,"16":0,"17":0,"18":0,"19":0,"20":0,"21":0,"22":0},"b":{"1":[0,0],"2":[0,0]},"f":{"1":0,"2":0,"3":0,"4":0,"5":0,"6":0,"7":0,"8":0,"9":0},"fnMap":{"1":{"name":"transfer","line":10,"loc":{"start":{"line":10,"column":4},"end":{"line":14,"column":4}}},"2":{"name":"transferFrom","line":16,"loc":{"start":{"line":16,"column":4},"end":{"line":25,"column":4}}},"3":{"name":"approve","line":27,"loc":{"start":{"line":27,"column":4},"end":{"line":31,"column":4}}},"4":{"name":"increaseAllowance","line":33,"loc":{"start":{"line":33,"column":4},"end":{"line":37,"column":4}}},"5":{"name":"decreaseAllowance","line":39,"loc":{"start":{"line":39,"column":4},"end":{"line":43,"column":4}}},"6":{"name":"_transfer","line":45,"loc":{"start":{"line":45,"column":4},"end":{"line":56,"column":4}}},"7":{"name":"_approve","line":58,"loc":{"start":{"line":58,"column":4},"end":{"line":66,"column":4}}},"8":{"name":"_mint","line":68,"loc":{"start":{"line":68,"column":4},"end":{"line":74,"column":4}}},"9":{"name":"_burn","line":76,"loc":{"start":{"line":76,"column":4},"end":{"line":80,"column":4}}}},"statementMap":{"1":{"start":{"line":11,"column":8},"end":{"line":11,"column":40}},"2":{"start":{"line":13,"column":8},"end":{"line":13,"column":19}},"3":{"start":{"line":21,"column":8},"end":{"line":21,"column":71}},"4":{"start":{"line":22,"column":8},"end":{"line":22,"column":34}},"5":{"start":{"line":24,"column":8},"end":{"line":24,"column":19}},"6":{"start":{"line":28,"column":8},"end":{"line":28,"column":44}},"7":{"start":{"line":30,"column":8},"end":{"line":30,"column":19}},"8":{"start":{"line":34,"column":8},"end":{"line":34,"column":77}},"9":{"start":{"line":36,"column":8},"end":{"line":36,"column":19}},"10":{"start":{"line":40,"column":8},"end":{"line":40,"column":77}},"11":{"start":{"line":42,"column":8},"end":{"line":42,"column":19}},"12":{"start":{"line":50,"column":8},"end":{"line":50,"column":40}},"13":{"start":{"line":52,"column":8},"end":{"line":52,"column":32}},"14":{"start":{"line":53,"column":8},"end":{"line":53,"column":30}},"15":{"start":{"line":55,"column":8},"end":{"line":55,"column":39}},"16":{"start":{"line":63,"column":8},"end":{"line":63,"column":41}},"17":{"start":{"line":65,"column":8},"end":{"line":65,"column":45}},"18":{"start":{"line":69,"column":8},"end":{"line":69,"column":40}},"19":{"start":{"line":71,"column":8},"end":{"line":71,"column":30}},"20":{"start":{"line":73,"column":8},"end":{"line":73,"column":45}},"21":{"start":{"line":77,"column":8},"end":{"line":77,"column":32}},"22":{"start":{"line":79,"column":8},"end":{"line":79,"column":47}}},"branchMap":{"1":{"line":50,"type":"if","locations":[{"start":{"line":50,"column":8},"end":{"line":50,"column":8}},{"start":{"line":50,"column":8},"end":{"line":50,"column":8}}]},"2":{"line":69,"type":"if","locations":[{"start":{"line":69,"column":8},"end":{"line":69,"column":8}},{"start":{"line":69,"column":8},"end":{"line":69,"column":8}}]}}},"contracts/base/ERC20Permit.sol":{"l":{"38":0,"40":0,"42":0,"44":0,"45":0,"47":0,"54":0,"62":0,"71":0,"72":0,"73":0},"path":"/home/vhawk19/timeswap/Timeswap-V1-Convenience/contracts/base/ERC20Permit.sol","s":{"1":0,"2":0,"3":0,"4":0,"5":0,"6":0,"7":0,"8":0,"9":0,"10":0,"11":0},"b":{"1":[0,0],"2":[0,0]},"f":{"1":0,"2":0,"3":0,"4":0,"5":0},"fnMap":{"1":{"name":"constructor","line":24,"loc":{"start":{"line":24,"column":4},"end":{"line":24,"column":54}}},"2":{"name":"permit","line":29,"loc":{"start":{"line":29,"column":4},"end":{"line":48,"column":4}}},"3":{"name":"nonces","line":53,"loc":{"start":{"line":53,"column":4},"end":{"line":55,"column":4}}},"4":{"name":"DOMAIN_SEPARATOR","line":61,"loc":{"start":{"line":61,"column":4},"end":{"line":63,"column":4}}},"5":{"name":"_useNonce","line":70,"loc":{"start":{"line":70,"column":4},"end":{"line":74,"column":4}}}},"statementMap":{"1":{"start":{"line":38,"column":8},"end":{"line":38,"column":76}},"2":{"start":{"line":40,"column":8},"end":{"line":40,"column":119}},"3":{"start":{"line":42,"column":8},"end":{"line":42,"column":51}},"4":{"start":{"line":44,"column":8},"end":{"line":44,"column":53}},"5":{"start":{"line":45,"column":8},"end":{"line":45,"column":65}},"6":{"start":{"line":47,"column":8},"end":{"line":47,"column":38}},"7":{"start":{"line":54,"column":8},"end":{"line":54,"column":39}},"8":{"start":{"line":62,"column":8},"end":{"line":62,"column":35}},"9":{"start":{"line":71,"column":8},"end":{"line":71,"column":55}},"10":{"start":{"line":72,"column":8},"end":{"line":72,"column":32}},"11":{"start":{"line":73,"column":8},"end":{"line":73,"column":24}}},"branchMap":{"1":{"line":38,"type":"if","locations":[{"start":{"line":38,"column":8},"end":{"line":38,"column":8}},{"start":{"line":38,"column":8},"end":{"line":38,"column":8}}]},"2":{"line":45,"type":"if","locations":[{"start":{"line":45,"column":8},"end":{"line":45,"column":8}},{"start":{"line":45,"column":8},"end":{"line":45,"column":8}}]}}},"contracts/base/ERC721.sol":{"l":{"17":0,"21":0,"25":0,"33":0,"42":0,"50":0,"54":0,"55":0,"59":0,"61":0,"65":0,"67":0,"76":0,"78":0,"82":0,"84":0,"88":0,"90":0,"94":0,"96":0,"103":0,"104":0,"106":0,"107":0,"109":0,"117":0,"119":0,"120":0,"121":0,"123":0,"125":0,"134":0,"135":0,"138":0,"139":0,"141":0,"142":0,"145":0,"146":0,"148":0,"153":0,"155":0,"156":0},"path":"/home/vhawk19/timeswap/Timeswap-V1-Convenience/contracts/base/ERC721.sol","s":{"1":0,"2":0,"3":0,"4":0,"5":0,"6":0,"7":0,"8":0,"9":0,"10":0,"11":0,"12":0,"13":0,"14":0,"15":0,"16":0,"17":0,"18":0,"19":0,"20":0,"21":0,"22":0,"23":0,"24":0,"25":0,"26":0,"27":0,"28":0,"29":0,"30":0,"31":0,"32":0,"33":0,"34":0,"35":0,"36":0,"37":0,"38":0},"b":{"1":[0,0],"2":[0,0],"3":[0,0],"4":[0,0],"5":[0,0],"6":[0,0],"7":[0,0],"8":[0,0],"9":[0,0],"10":[0,0],"11":[0,0],"12":[0,0]},"f":{"1":0,"2":0,"3":0,"4":0,"5":0,"6":0,"7":0,"8":0,"9":0,"10":0,"11":0,"12":0,"13":0,"14":0},"fnMap":{"1":{"name":"supportsInterface","line":16,"loc":{"start":{"line":16,"column":4},"end":{"line":18,"column":4}}},"2":{"name":"isApproved","line":20,"loc":{"start":{"line":20,"column":4},"end":{"line":26,"column":4}}},"3":{"name":"safeTransferFrom","line":32,"loc":{"start":{"line":28,"column":4},"end":{"line":34,"column":4}}},"4":{"name":"safeTransferFrom","line":41,"loc":{"start":{"line":36,"column":4},"end":{"line":43,"column":4}}},"5":{"name":"transferFrom","line":49,"loc":{"start":{"line":45,"column":4},"end":{"line":51,"column":4}}},"6":{"name":"approve","line":53,"loc":{"start":{"line":53,"column":4},"end":{"line":62,"column":4}}},"7":{"name":"setApprovalForAll","line":64,"loc":{"start":{"line":64,"column":4},"end":{"line":68,"column":4}}},"8":{"name":"_safeTransfer","line":70,"loc":{"start":{"line":70,"column":4},"end":{"line":79,"column":4}}},"9":{"name":"_approve","line":81,"loc":{"start":{"line":81,"column":4},"end":{"line":85,"column":4}}},"10":{"name":"_setApprovalForAll","line":87,"loc":{"start":{"line":87,"column":4},"end":{"line":91,"column":4}}},"11":{"name":"_safeMint","line":93,"loc":{"start":{"line":93,"column":4},"end":{"line":100,"column":4}}},"12":{"name":"_mint","line":102,"loc":{"start":{"line":102,"column":4},"end":{"line":110,"column":4}}},"13":{"name":"_transfer","line":112,"loc":{"start":{"line":112,"column":4},"end":{"line":126,"column":4}}},"14":{"name":"_checkOnERC721Received","line":128,"loc":{"start":{"line":128,"column":4},"end":{"line":158,"column":4}}}},"statementMap":{"1":{"start":{"line":17,"column":8},"end":{"line":17,"column":89}},"2":{"start":{"line":21,"column":8},"end":{"line":21,"column":908}},"3":{"start":{"line":33,"column":8},"end":{"line":33,"column":38}},"4":{"start":{"line":42,"column":8},"end":{"line":42,"column":40}},"5":{"start":{"line":50,"column":8},"end":{"line":50,"column":30}},"6":{"start":{"line":54,"column":8},"end":{"line":54,"column":35}},"7":{"start":{"line":55,"column":8},"end":{"line":55,"column":1764}},"8":{"start":{"line":59,"column":8},"end":{"line":59,"column":76}},"9":{"start":{"line":61,"column":8},"end":{"line":61,"column":23}},"10":{"start":{"line":65,"column":8},"end":{"line":65,"column":89}},"11":{"start":{"line":67,"column":8},"end":{"line":67,"column":45}},"12":{"start":{"line":76,"column":8},"end":{"line":76,"column":30}},"13":{"start":{"line":78,"column":8},"end":{"line":78,"column":105}},"14":{"start":{"line":82,"column":8},"end":{"line":82,"column":27}},"15":{"start":{"line":84,"column":8},"end":{"line":84,"column":42}},"16":{"start":{"line":88,"column":8},"end":{"line":88,"column":56}},"17":{"start":{"line":90,"column":8},"end":{"line":90,"column":59}},"18":{"start":{"line":94,"column":8},"end":{"line":94,"column":20}},"19":{"start":{"line":96,"column":8},"end":{"line":96,"column":2997}},"20":{"start":{"line":103,"column":8},"end":{"line":103,"column":84}},"21":{"start":{"line":104,"column":8},"end":{"line":104,"column":77}},"22":{"start":{"line":107,"column":8},"end":{"line":107,"column":23}},"23":{"start":{"line":109,"column":8},"end":{"line":109,"column":41}},"24":{"start":{"line":117,"column":8},"end":{"line":117,"column":92}},"25":{"start":{"line":119,"column":8},"end":{"line":119,"column":23}},"26":{"start":{"line":123,"column":8},"end":{"line":123,"column":31}},"27":{"start":{"line":125,"column":8},"end":{"line":125,"column":35}},"28":{"start":{"line":134,"column":8},"end":{"line":134,"column":20}},"29":{"start":{"line":138,"column":8},"end":{"line":138,"column":4092}},"30":{"start":{"line":139,"column":12},"end":{"line":139,"column":23}},"31":{"start":{"line":141,"column":12},"end":{"line":141,"column":35}},"32":{"start":{"line":142,"column":12},"end":{"line":142,"column":4205}},"33":{"start":{"line":145,"column":12},"end":{"line":145,"column":4393}},"34":{"start":{"line":146,"column":16},"end":{"line":146,"column":35}},"35":{"start":{"line":147,"column":19},"end":{"line":147,"column":4465}},"36":{"start":{"line":153,"column":16},"end":{"line":153,"column":102}},"37":{"start":{"line":155,"column":12},"end":{"line":155,"column":60}},"38":{"start":{"line":156,"column":12},"end":{"line":156,"column":41}}},"branchMap":{"1":{"line":21,"type":"if","locations":[{"start":{"line":21,"column":8},"end":{"line":21,"column":8}},{"start":{"line":21,"column":8},"end":{"line":21,"column":8}}]},"2":{"line":55,"type":"if","locations":[{"start":{"line":55,"column":8},"end":{"line":55,"column":8}},{"start":{"line":55,"column":8},"end":{"line":55,"column":8}}]},"3":{"line":59,"type":"if","locations":[{"start":{"line":59,"column":8},"end":{"line":59,"column":8}},{"start":{"line":59,"column":8},"end":{"line":59,"column":8}}]},"4":{"line":65,"type":"if","locations":[{"start":{"line":65,"column":8},"end":{"line":65,"column":8}},{"start":{"line":65,"column":8},"end":{"line":65,"column":8}}]},"5":{"line":78,"type":"if","locations":[{"start":{"line":78,"column":8},"end":{"line":78,"column":8}},{"start":{"line":78,"column":8},"end":{"line":78,"column":8}}]},"6":{"line":96,"type":"if","locations":[{"start":{"line":96,"column":8},"end":{"line":96,"column":8}},{"start":{"line":96,"column":8},"end":{"line":96,"column":8}}]},"7":{"line":103,"type":"if","locations":[{"start":{"line":103,"column":8},"end":{"line":103,"column":8}},{"start":{"line":103,"column":8},"end":{"line":103,"column":8}}]},"8":{"line":104,"type":"if","locations":[{"start":{"line":104,"column":8},"end":{"line":104,"column":8}},{"start":{"line":104,"column":8},"end":{"line":104,"column":8}}]},"9":{"line":117,"type":"if","locations":[{"start":{"line":117,"column":8},"end":{"line":117,"column":8}},{"start":{"line":117,"column":8},"end":{"line":117,"column":8}}]},"10":{"line":138,"type":"if","locations":[{"start":{"line":138,"column":8},"end":{"line":138,"column":8}},{"start":{"line":138,"column":8},"end":{"line":138,"column":8}}]},"11":{"line":145,"type":"if","locations":[{"start":{"line":145,"column":12},"end":{"line":145,"column":12}},{"start":{"line":145,"column":12},"end":{"line":145,"column":12}}]},"12":{"line":147,"type":"if","locations":[{"start":{"line":147,"column":19},"end":{"line":147,"column":19}},{"start":{"line":147,"column":19},"end":{"line":147,"column":19}}]}}},"contracts/base/ERC721Permit.sol":{"l":{"34":0,"36":0,"38":0,"40":0,"42":0,"43":0,"44":0,"45":0,"47":0,"51":0,"55":0,"59":0,"60":0,"61":0},"path":"/home/vhawk19/timeswap/Timeswap-V1-Convenience/contracts/base/ERC721Permit.sol","s":{"1":0,"2":0,"3":0,"4":0,"5":0,"6":0,"7":0,"8":0,"9":0,"10":0,"11":0,"12":0,"13":0,"14":0},"b":{"1":[0,0],"2":[0,0],"3":[0,0],"4":[0,0]},"f":{"1":0,"2":0,"3":0,"4":0,"5":0},"fnMap":{"1":{"name":"constructor","line":22,"loc":{"start":{"line":20,"column":4},"end":{"line":22,"column":24}}},"2":{"name":"permit","line":26,"loc":{"start":{"line":26,"column":4},"end":{"line":48,"column":4}}},"3":{"name":"nonces","line":50,"loc":{"start":{"line":50,"column":4},"end":{"line":52,"column":4}}},"4":{"name":"DOMAIN_SEPARATOR","line":54,"loc":{"start":{"line":54,"column":4},"end":{"line":56,"column":4}}},"5":{"name":"_useNonce","line":58,"loc":{"start":{"line":58,"column":4},"end":{"line":62,"column":4}}}},"statementMap":{"1":{"start":{"line":34,"column":8},"end":{"line":34,"column":40}},"2":{"start":{"line":36,"column":8},"end":{"line":36,"column":61}},"3":{"start":{"line":38,"column":8},"end":{"line":38,"column":116}},"4":{"start":{"line":40,"column":8},"end":{"line":40,"column":51}},"5":{"start":{"line":42,"column":8},"end":{"line":42,"column":53}},"6":{"start":{"line":43,"column":8},"end":{"line":43,"column":71}},"7":{"start":{"line":44,"column":8},"end":{"line":44,"column":66}},"8":{"start":{"line":45,"column":8},"end":{"line":45,"column":75}},"9":{"start":{"line":47,"column":8},"end":{"line":47,"column":33}},"10":{"start":{"line":51,"column":8},"end":{"line":51,"column":41}},"11":{"start":{"line":55,"column":8},"end":{"line":55,"column":35}},"12":{"start":{"line":59,"column":8},"end":{"line":59,"column":57}},"13":{"start":{"line":60,"column":8},"end":{"line":60,"column":32}},"14":{"start":{"line":61,"column":8},"end":{"line":61,"column":24}}},"branchMap":{"1":{"line":36,"type":"if","locations":[{"start":{"line":36,"column":8},"end":{"line":36,"column":8}},{"start":{"line":36,"column":8},"end":{"line":36,"column":8}}]},"2":{"line":43,"type":"if","locations":[{"start":{"line":43,"column":8},"end":{"line":43,"column":8}},{"start":{"line":43,"column":8},"end":{"line":43,"column":8}}]},"3":{"line":44,"type":"if","locations":[{"start":{"line":44,"column":8},"end":{"line":44,"column":8}},{"start":{"line":44,"column":8},"end":{"line":44,"column":8}}]},"4":{"line":45,"type":"if","locations":[{"start":{"line":45,"column":8},"end":{"line":45,"column":8}},{"start":{"line":45,"column":8},"end":{"line":45,"column":8}}]}}},"contracts/Bond.sol":{"l":{"21":0,"22":0,"23":0,"28":0,"29":0,"30":0,"34":0,"38":0,"46":0,"47":0,"48":0,"52":0,"53":0,"56":0,"64":0,"66":0},"path":"/home/vhawk19/timeswap/Timeswap-V1-Convenience/contracts/Bond.sol","s":{"1":0,"2":0,"3":0,"4":0,"5":0,"6":0,"7":0,"8":0,"9":0,"10":0,"11":0,"12":0,"13":0,"14":0,"15":0},"b":{"1":[0,0]},"f":{"1":0,"2":0,"3":0,"4":0,"5":0,"6":0,"7":0,"8":0},"fnMap":{"1":{"name":"name","line":20,"loc":{"start":{"line":20,"column":4},"end":{"line":25,"column":4}}},"2":{"name":"symbol","line":27,"loc":{"start":{"line":27,"column":4},"end":{"line":31,"column":4}}},"3":{"name":"decimals","line":33,"loc":{"start":{"line":33,"column":4},"end":{"line":35,"column":4}}},"4":{"name":"totalSupply","line":37,"loc":{"start":{"line":37,"column":4},"end":{"line":39,"column":4}}},"5":{"name":"constructor","line":45,"loc":{"start":{"line":41,"column":4},"end":{"line":49,"column":4}}},"6":{"name":"onlyConvenience","line":51,"loc":{"start":{"line":51,"column":4},"end":{"line":54,"column":4}}},"7":{"name":"mint","line":55,"loc":{"start":{"line":55,"column":4},"end":{"line":57,"column":4}}},"8":{"name":"burn","line":63,"loc":{"start":{"line":59,"column":4},"end":{"line":67,"column":4}}}},"statementMap":{"1":{"start":{"line":21,"column":8},"end":{"line":21,"column":57}},"2":{"start":{"line":22,"column":8},"end":{"line":22,"column":67}},"3":{"start":{"line":23,"column":8},"end":{"line":23,"column":1078}},"4":{"start":{"line":28,"column":8},"end":{"line":28,"column":61}},"5":{"start":{"line":29,"column":8},"end":{"line":29,"column":71}},"6":{"start":{"line":30,"column":8},"end":{"line":30,"column":112}},"7":{"start":{"line":34,"column":8},"end":{"line":34,"column":42}},"8":{"start":{"line":38,"column":8},"end":{"line":38,"column":58}},"9":{"start":{"line":46,"column":8},"end":{"line":46,"column":33}},"10":{"start":{"line":47,"column":8},"end":{"line":47,"column":19}},"11":{"start":{"line":48,"column":8},"end":{"line":48,"column":27}},"12":{"start":{"line":52,"column":8},"end":{"line":52,"column":63}},"13":{"start":{"line":56,"column":8},"end":{"line":56,"column":24}},"14":{"start":{"line":64,"column":8},"end":{"line":64,"column":26}},"15":{"start":{"line":66,"column":8},"end":{"line":66,"column":80}}},"branchMap":{"1":{"line":52,"type":"if","locations":[{"start":{"line":52,"column":8},"end":{"line":52,"column":8}},{"start":{"line":52,"column":8},"end":{"line":52,"column":8}}]}}},"contracts/CollateralizedDebt.sol":{"l":{"23":0,"24":0,"25":0,"39":0,"40":0,"41":0,"45":0,"46":0,"50":0,"54":0,"58":0,"66":0,"67":0,"68":0,"72":0,"73":0,"77":0,"87":0,"91":0,"93":0},"path":"/home/vhawk19/timeswap/Timeswap-V1-Convenience/contracts/CollateralizedDebt.sol","s":{"1":0,"2":0,"3":0,"4":0,"5":0,"6":0,"7":0,"8":0,"9":0,"10":0,"11":0,"12":0,"13":0,"14":0,"15":0,"16":0,"17":0,"18":0,"19":0},"b":{"1":[0,0],"2":[0,0],"3":[0,0]},"f":{"1":0,"2":0,"3":0,"4":0,"5":0,"6":0,"7":0,"8":0,"9":0,"10":0,"11":0},"fnMap":{"1":{"name":"name","line":22,"loc":{"start":{"line":22,"column":4},"end":{"line":36,"column":4}}},"2":{"name":"symbol","line":38,"loc":{"start":{"line":38,"column":4},"end":{"line":42,"column":4}}},"3":{"name":"tokenURI","line":44,"loc":{"start":{"line":44,"column":4},"end":{"line":47,"column":4}}},"4":{"name":"assetDecimals","line":49,"loc":{"start":{"line":49,"column":4},"end":{"line":51,"column":4}}},"5":{"name":"collateralDecimals","line":53,"loc":{"start":{"line":53,"column":4},"end":{"line":55,"column":4}}},"6":{"name":"dueOf","line":57,"loc":{"start":{"line":57,"column":4},"end":{"line":59,"column":4}}},"7":{"name":"constructor","line":65,"loc":{"start":{"line":61,"column":4},"end":{"line":69,"column":4}}},"8":{"name":"onlyConvenience","line":71,"loc":{"start":{"line":71,"column":4},"end":{"line":74,"column":4}}},"9":{"name":"mint","line":76,"loc":{"start":{"line":76,"column":4},"end":{"line":78,"column":4}}},"10":{"name":"burn","line":86,"loc":{"start":{"line":80,"column":4},"end":{"line":88,"column":4}}},"11":{"name":"timeswapPayCallback","line":90,"loc":{"start":{"line":90,"column":4},"end":{"line":94,"column":4}}}},"statementMap":{"1":{"start":{"line":23,"column":8},"end":{"line":23,"column":57}},"2":{"start":{"line":24,"column":8},"end":{"line":24,"column":67}},"3":{"start":{"line":25,"column":8},"end":{"line":25,"column":1147}},"4":{"start":{"line":39,"column":8},"end":{"line":39,"column":61}},"5":{"start":{"line":40,"column":8},"end":{"line":40,"column":71}},"6":{"start":{"line":41,"column":8},"end":{"line":41,"column":112}},"7":{"start":{"line":45,"column":8},"end":{"line":45,"column":78}},"8":{"start":{"line":46,"column":8},"end":{"line":46,"column":87}},"9":{"start":{"line":50,"column":8},"end":{"line":50,"column":42}},"10":{"start":{"line":54,"column":8},"end":{"line":54,"column":47}},"11":{"start":{"line":58,"column":8},"end":{"line":58,"column":55}},"12":{"start":{"line":66,"column":8},"end":{"line":66,"column":33}},"13":{"start":{"line":67,"column":8},"end":{"line":67,"column":19}},"14":{"start":{"line":68,"column":8},"end":{"line":68,"column":27}},"15":{"start":{"line":72,"column":8},"end":{"line":72,"column":63}},"16":{"start":{"line":77,"column":8},"end":{"line":77,"column":24}},"17":{"start":{"line":87,"column":8},"end":{"line":87,"column":108}},"18":{"start":{"line":91,"column":8},"end":{"line":91,"column":61}},"19":{"start":{"line":93,"column":8},"end":{"line":93,"column":76}}},"branchMap":{"1":{"line":45,"type":"if","locations":[{"start":{"line":45,"column":8},"end":{"line":45,"column":8}},{"start":{"line":45,"column":8},"end":{"line":45,"column":8}}]},"2":{"line":72,"type":"if","locations":[{"start":{"line":72,"column":8},"end":{"line":72,"column":8}},{"start":{"line":72,"column":8},"end":{"line":72,"column":8}}]},"3":{"line":91,"type":"if","locations":[{"start":{"line":91,"column":8},"end":{"line":91,"column":8}},{"start":{"line":91,"column":8},"end":{"line":91,"column":8}}]}}},"contracts/Insurance.sol":{"l":{"21":0,"22":0,"23":0,"30":0,"31":0,"32":0,"36":0,"40":0,"48":0,"49":0,"50":0,"54":0,"55":0,"59":0,"67":0,"69":0},"path":"/home/vhawk19/timeswap/Timeswap-V1-Convenience/contracts/Insurance.sol","s":{"1":0,"2":0,"3":0,"4":0,"5":0,"6":0,"7":0,"8":0,"9":0,"10":0,"11":0,"12":0,"13":0,"14":0,"15":0},"b":{"1":[0,0]},"f":{"1":0,"2":0,"3":0,"4":0,"5":0,"6":0,"7":0,"8":0},"fnMap":{"1":{"name":"name","line":20,"loc":{"start":{"line":20,"column":4},"end":{"line":27,"column":4}}},"2":{"name":"symbol","line":29,"loc":{"start":{"line":29,"column":4},"end":{"line":33,"column":4}}},"3":{"name":"decimals","line":35,"loc":{"start":{"line":35,"column":4},"end":{"line":37,"column":4}}},"4":{"name":"totalSupply","line":39,"loc":{"start":{"line":39,"column":4},"end":{"line":41,"column":4}}},"5":{"name":"constructor","line":47,"loc":{"start":{"line":43,"column":4},"end":{"line":51,"column":4}}},"6":{"name":"onlyConvenience","line":53,"loc":{"start":{"line":53,"column":4},"end":{"line":56,"column":4}}},"7":{"name":"mint","line":58,"loc":{"start":{"line":58,"column":4},"end":{"line":60,"column":4}}},"8":{"name":"burn","line":66,"loc":{"start":{"line":62,"column":4},"end":{"line":70,"column":4}}}},"statementMap":{"1":{"start":{"line":21,"column":8},"end":{"line":21,"column":57}},"2":{"start":{"line":22,"column":8},"end":{"line":22,"column":67}},"3":{"start":{"line":23,"column":8},"end":{"line":23,"column":978}},"4":{"start":{"line":30,"column":8},"end":{"line":30,"column":61}},"5":{"start":{"line":31,"column":8},"end":{"line":31,"column":71}},"6":{"start":{"line":32,"column":8},"end":{"line":32,"column":112}},"7":{"start":{"line":36,"column":8},"end":{"line":36,"column":47}},"8":{"start":{"line":40,"column":8},"end":{"line":40,"column":63}},"9":{"start":{"line":48,"column":8},"end":{"line":48,"column":33}},"10":{"start":{"line":49,"column":8},"end":{"line":49,"column":19}},"11":{"start":{"line":50,"column":8},"end":{"line":50,"column":27}},"12":{"start":{"line":54,"column":8},"end":{"line":54,"column":63}},"13":{"start":{"line":59,"column":8},"end":{"line":59,"column":24}},"14":{"start":{"line":67,"column":8},"end":{"line":67,"column":26}},"15":{"start":{"line":69,"column":8},"end":{"line":69,"column":85}}},"branchMap":{"1":{"line":54,"type":"if","locations":[{"start":{"line":54,"column":8},"end":{"line":54,"column":8}},{"start":{"line":54,"column":8},"end":{"line":54,"column":8}}]}}},"contracts/interfaces/IBorrow.sol":{"l":{},"path":"/home/vhawk19/timeswap/Timeswap-V1-Convenience/contracts/interfaces/IBorrow.sol","s":{},"b":{},"f":{},"fnMap":{},"statementMap":{},"branchMap":{}},"contracts/interfaces/IBurn.sol":{"l":{},"path":"/home/vhawk19/timeswap/Timeswap-V1-Convenience/contracts/interfaces/IBurn.sol","s":{},"b":{},"f":{},"fnMap":{},"statementMap":{},"branchMap":{}},"contracts/interfaces/IClaim.sol":{"l":{},"path":"/home/vhawk19/timeswap/Timeswap-V1-Convenience/contracts/interfaces/IClaim.sol","s":{},"b":{},"f":{},"fnMap":{},"statementMap":{},"branchMap":{}},"contracts/interfaces/IConvenience.sol":{"l":{},"path":"/home/vhawk19/timeswap/Timeswap-V1-Convenience/contracts/interfaces/IConvenience.sol","s":{},"b":{},"f":{},"fnMap":{},"statementMap":{},"branchMap":{}},"contracts/interfaces/IDeployNative.sol":{"l":{},"path":"/home/vhawk19/timeswap/Timeswap-V1-Convenience/contracts/interfaces/IDeployNative.sol","s":{},"b":{},"f":{},"fnMap":{},"statementMap":{},"branchMap":{}},"contracts/interfaces/IDue.sol":{"l":{},"path":"/home/vhawk19/timeswap/Timeswap-V1-Convenience/contracts/interfaces/IDue.sol","s":{},"b":{},"f":{},"fnMap":{},"statementMap":{},"branchMap":{}},"contracts/interfaces/IERC20Permit.sol":{"l":{},"path":"/home/vhawk19/timeswap/Timeswap-V1-Convenience/contracts/interfaces/IERC20Permit.sol","s":{},"b":{},"f":{},"fnMap":{},"statementMap":{},"branchMap":{}},"contracts/interfaces/IERC721Extended.sol":{"l":{},"path":"/home/vhawk19/timeswap/Timeswap-V1-Convenience/contracts/interfaces/IERC721Extended.sol","s":{},"b":{},"f":{},"fnMap":{},"statementMap":{},"branchMap":{}},"contracts/interfaces/IERC721Permit.sol":{"l":{},"path":"/home/vhawk19/timeswap/Timeswap-V1-Convenience/contracts/interfaces/IERC721Permit.sol","s":{},"b":{},"f":{},"fnMap":{},"statementMap":{},"branchMap":{}},"contracts/interfaces/ILend.sol":{"l":{},"path":"/home/vhawk19/timeswap/Timeswap-V1-Convenience/contracts/interfaces/ILend.sol","s":{},"b":{},"f":{},"fnMap":{},"statementMap":{},"branchMap":{}},"contracts/interfaces/ILiquidity.sol":{"l":{},"path":"/home/vhawk19/timeswap/Timeswap-V1-Convenience/contracts/interfaces/ILiquidity.sol","s":{},"b":{},"f":{},"fnMap":{},"statementMap":{},"branchMap":{}},"contracts/interfaces/IMint.sol":{"l":{},"path":"/home/vhawk19/timeswap/Timeswap-V1-Convenience/contracts/interfaces/IMint.sol","s":{},"b":{},"f":{},"fnMap":{},"statementMap":{},"branchMap":{}},"contracts/interfaces/IPay.sol":{"l":{},"path":"/home/vhawk19/timeswap/Timeswap-V1-Convenience/contracts/interfaces/IPay.sol","s":{},"b":{},"f":{},"fnMap":{},"statementMap":{},"branchMap":{}},"contracts/interfaces/IWETH.sol":{"l":{},"path":"/home/vhawk19/timeswap/Timeswap-V1-Convenience/contracts/interfaces/IWETH.sol","s":{},"b":{},"f":{},"fnMap":{},"statementMap":{},"branchMap":{}},"contracts/interfaces/IWithdraw.sol":{"l":{},"path":"/home/vhawk19/timeswap/Timeswap-V1-Convenience/contracts/interfaces/IWithdraw.sol","s":{},"b":{},"f":{},"fnMap":{},"statementMap":{},"branchMap":{}},"contracts/libraries/Borrow.sol":{"l":{"25":0,"51":0,"69":0,"70":0,"80":0,"82":0,"100":0,"109":0,"135":0,"153":0,"154":0,"164":0,"166":0,"184":0,"193":0,"220":0,"239":0,"240":0,"250":0,"252":0,"271":0,"280":0,"281":0,"283":0,"285":0,"303":0,"312":0,"313":0,"315":0,"321":0,"339":0,"348":0,"350":0,"351":0,"353":0,"355":0,"373":0,"374":0,"383":0,"385":0,"386":0,"387":0,"389":0,"399":0},"path":"/home/vhawk19/timeswap/Timeswap-V1-Convenience/contracts/libraries/Borrow.sol","s":{"1":0,"2":0,"3":0,"4":0,"5":0,"6":0,"7":0,"8":0,"9":0,"10":0,"11":0,"12":0,"13":0,"14":0,"15":0,"16":0,"17":0,"18":0,"19":0,"20":0,"21":0,"22":0,"23":0,"24":0,"25":0,"26":0,"27":0,"28":0,"29":0,"30":0,"31":0,"32":0,"33":0,"34":0,"35":0,"36":0,"37":0,"38":0,"39":0,"40":0,"41":0,"42":0,"43":0,"44":0,"45":0,"46":0,"47":0},"b":{"1":[0,0],"2":[0,0],"3":[0,0],"4":[0,0],"5":[0,0],"6":[0,0],"7":[0,0],"8":[0,0],"9":[0,0],"10":[0,0],"11":[0,0],"12":[0,0],"13":[0,0]},"f":{"1":0,"2":0,"3":0,"4":0,"5":0,"6":0,"7":0,"8":0,"9":0,"10":0,"11":0,"12":0,"13":0},"fnMap":{"1":{"name":"borrowGivenDebt","line":19,"loc":{"start":{"line":19,"column":4},"end":{"line":42,"column":4}}},"2":{"name":"borrowGivenDebtETHAsset","line":44,"loc":{"start":{"line":44,"column":4},"end":{"line":71,"column":4}}},"3":{"name":"borrowGivenDebtETHCollateral","line":73,"loc":{"start":{"line":73,"column":4},"end":{"line":101,"column":4}}},"4":{"name":"borrowGivenCollateral","line":103,"loc":{"start":{"line":103,"column":4},"end":{"line":126,"column":4}}},"5":{"name":"borrowGivenCollateralETHAsset","line":128,"loc":{"start":{"line":128,"column":4},"end":{"line":155,"column":4}}},"6":{"name":"borrowGivenCollateralETHCollateral","line":157,"loc":{"start":{"line":157,"column":4},"end":{"line":185,"column":4}}},"7":{"name":"borrowGivenPercent","line":187,"loc":{"start":{"line":187,"column":4},"end":{"line":211,"column":4}}},"8":{"name":"borrowGivenPercentETHAsset","line":213,"loc":{"start":{"line":213,"column":4},"end":{"line":241,"column":4}}},"9":{"name":"borrowGivenPercentETHCollateral","line":243,"loc":{"start":{"line":243,"column":4},"end":{"line":272,"column":4}}},"10":{"name":"_borrowGivenDebt","line":274,"loc":{"start":{"line":274,"column":4},"end":{"line":304,"column":4}}},"11":{"name":"_borrowGivenCollateral","line":306,"loc":{"start":{"line":306,"column":4},"end":{"line":340,"column":4}}},"12":{"name":"_borrowGivenPercent","line":342,"loc":{"start":{"line":342,"column":4},"end":{"line":375,"column":4}}},"13":{"name":"_borrow","line":377,"loc":{"start":{"line":377,"column":4},"end":{"line":400,"column":4}}}},"statementMap":{"1":{"start":{"line":25,"column":8},"end":{"line":25,"column":1033}},"2":{"start":{"line":51,"column":8},"end":{"line":51,"column":1873}},"3":{"start":{"line":69,"column":8},"end":{"line":69,"column":37}},"4":{"start":{"line":70,"column":8},"end":{"line":70,"column":52}},"5":{"start":{"line":80,"column":8},"end":{"line":80,"column":53}},"6":{"start":{"line":82,"column":8},"end":{"line":82,"column":2866}},"7":{"start":{"line":100,"column":8},"end":{"line":100,"column":119}},"8":{"start":{"line":100,"column":51},"end":{"line":100,"column":118}},"9":{"start":{"line":109,"column":8},"end":{"line":109,"column":3787}},"10":{"start":{"line":135,"column":8},"end":{"line":135,"column":4651}},"11":{"start":{"line":153,"column":8},"end":{"line":153,"column":37}},"12":{"start":{"line":154,"column":8},"end":{"line":154,"column":61}},"13":{"start":{"line":164,"column":8},"end":{"line":164,"column":52}},"14":{"start":{"line":166,"column":8},"end":{"line":166,"column":5676}},"15":{"start":{"line":184,"column":8},"end":{"line":184,"column":117}},"16":{"start":{"line":184,"column":50},"end":{"line":184,"column":116}},"17":{"start":{"line":193,"column":8},"end":{"line":193,"column":6601}},"18":{"start":{"line":220,"column":8},"end":{"line":220,"column":7486}},"19":{"start":{"line":239,"column":8},"end":{"line":239,"column":37}},"20":{"start":{"line":240,"column":8},"end":{"line":240,"column":52}},"21":{"start":{"line":250,"column":8},"end":{"line":250,"column":53}},"22":{"start":{"line":252,"column":8},"end":{"line":252,"column":8524}},"23":{"start":{"line":271,"column":8},"end":{"line":271,"column":119}},"24":{"start":{"line":271,"column":51},"end":{"line":271,"column":118}},"25":{"start":{"line":280,"column":8},"end":{"line":280,"column":69}},"26":{"start":{"line":281,"column":8},"end":{"line":281,"column":51}},"27":{"start":{"line":283,"column":8},"end":{"line":283,"column":112}},"28":{"start":{"line":285,"column":8},"end":{"line":285,"column":9712}},"29":{"start":{"line":303,"column":8},"end":{"line":303,"column":67}},"30":{"start":{"line":312,"column":8},"end":{"line":312,"column":69}},"31":{"start":{"line":313,"column":8},"end":{"line":313,"column":51}},"32":{"start":{"line":315,"column":8},"end":{"line":315,"column":10690}},"33":{"start":{"line":321,"column":8},"end":{"line":321,"column":10862}},"34":{"start":{"line":339,"column":8},"end":{"line":339,"column":55}},"35":{"start":{"line":348,"column":8},"end":{"line":348,"column":56}},"36":{"start":{"line":350,"column":8},"end":{"line":350,"column":69}},"37":{"start":{"line":351,"column":8},"end":{"line":351,"column":51}},"38":{"start":{"line":353,"column":8},"end":{"line":353,"column":116}},"39":{"start":{"line":355,"column":8},"end":{"line":355,"column":12000}},"40":{"start":{"line":373,"column":8},"end":{"line":373,"column":55}},"41":{"start":{"line":374,"column":8},"end":{"line":374,"column":67}},"42":{"start":{"line":383,"column":8},"end":{"line":383,"column":61}},"43":{"start":{"line":385,"column":8},"end":{"line":385,"column":102}},"44":{"start":{"line":386,"column":8},"end":{"line":386,"column":13128}},"45":{"start":{"line":387,"column":12},"end":{"line":387,"column":93}},"46":{"start":{"line":389,"column":8},"end":{"line":389,"column":13192}},"47":{"start":{"line":399,"column":8},"end":{"line":399,"column":55}}},"branchMap":{"1":{"line":100,"type":"if","locations":[{"start":{"line":100,"column":8},"end":{"line":100,"column":8}},{"start":{"line":100,"column":8},"end":{"line":100,"column":8}}]},"2":{"line":184,"type":"if","locations":[{"start":{"line":184,"column":8},"end":{"line":184,"column":8}},{"start":{"line":184,"column":8},"end":{"line":184,"column":8}}]},"3":{"line":271,"type":"if","locations":[{"start":{"line":271,"column":8},"end":{"line":271,"column":8}},{"start":{"line":271,"column":8},"end":{"line":271,"column":8}}]},"4":{"line":281,"type":"if","locations":[{"start":{"line":281,"column":8},"end":{"line":281,"column":8}},{"start":{"line":281,"column":8},"end":{"line":281,"column":8}}]},"5":{"line":303,"type":"if","locations":[{"start":{"line":303,"column":8},"end":{"line":303,"column":8}},{"start":{"line":303,"column":8},"end":{"line":303,"column":8}}]},"6":{"line":313,"type":"if","locations":[{"start":{"line":313,"column":8},"end":{"line":313,"column":8}},{"start":{"line":313,"column":8},"end":{"line":313,"column":8}}]},"7":{"line":339,"type":"if","locations":[{"start":{"line":339,"column":8},"end":{"line":339,"column":8}},{"start":{"line":339,"column":8},"end":{"line":339,"column":8}}]},"8":{"line":348,"type":"if","locations":[{"start":{"line":348,"column":8},"end":{"line":348,"column":8}},{"start":{"line":348,"column":8},"end":{"line":348,"column":8}}]},"9":{"line":351,"type":"if","locations":[{"start":{"line":351,"column":8},"end":{"line":351,"column":8}},{"start":{"line":351,"column":8},"end":{"line":351,"column":8}}]},"10":{"line":373,"type":"if","locations":[{"start":{"line":373,"column":8},"end":{"line":373,"column":8}},{"start":{"line":373,"column":8},"end":{"line":373,"column":8}}]},"11":{"line":374,"type":"if","locations":[{"start":{"line":374,"column":8},"end":{"line":374,"column":8}},{"start":{"line":374,"column":8},"end":{"line":374,"column":8}}]},"12":{"line":383,"type":"if","locations":[{"start":{"line":383,"column":8},"end":{"line":383,"column":8}},{"start":{"line":383,"column":8},"end":{"line":383,"column":8}}]},"13":{"line":386,"type":"if","locations":[{"start":{"line":386,"column":8},"end":{"line":386,"column":8}},{"start":{"line":386,"column":8},"end":{"line":386,"column":8}}]}}},"contracts/libraries/BorrowMath.sol":{"l":{"23":0,"25":0,"27":0,"28":0,"29":0,"30":0,"31":0,"33":0,"34":0,"35":0,"37":0,"38":0,"40":0,"41":0,"42":0,"43":0,"44":0,"45":0,"46":0,"47":0,"48":0,"49":0,"50":0,"59":0,"61":0,"63":0,"64":0,"66":0,"67":0,"68":0,"69":0,"70":0,"71":0,"72":0,"73":0,"74":0,"75":0,"77":0,"78":0,"79":0,"81":0,"82":0,"83":0,"84":0,"85":0,"86":0,"87":0,"88":0,"89":0,"90":0,"91":0,"100":0,"102":0,"104":0,"105":0,"107":0,"108":0,"109":0,"110":0,"111":0,"112":0,"113":0,"114":0,"115":0,"117":0,"118":0,"119":0,"120":0,"121":0,"122":0,"124":0,"125":0,"126":0,"128":0,"129":0,"130":0,"131":0,"132":0,"133":0,"134":0,"135":0,"136":0,"137":0,"138":0},"path":"/home/vhawk19/timeswap/Timeswap-V1-Convenience/contracts/libraries/BorrowMath.sol","s":{"1":0,"2":0,"3":0,"4":0,"5":0,"6":0,"7":0,"8":0,"9":0,"10":0,"11":0,"12":0,"13":0,"14":0,"15":0,"16":0,"17":0,"18":0,"19":0,"20":0,"21":0,"22":0,"23":0,"24":0,"25":0,"26":0,"27":0,"28":0,"29":0,"30":0,"31":0,"32":0,"33":0,"34":0,"35":0,"36":0,"37":0,"38":0,"39":0,"40":0,"41":0,"42":0,"43":0,"44":0,"45":0,"46":0,"47":0,"48":0,"49":0,"50":0,"51":0,"52":0,"53":0,"54":0,"55":0,"56":0,"57":0,"58":0,"59":0,"60":0,"61":0,"62":0,"63":0,"64":0,"65":0,"66":0,"67":0,"68":0,"69":0,"70":0,"71":0,"72":0,"73":0,"74":0,"75":0,"76":0,"77":0,"78":0,"79":0,"80":0,"81":0,"82":0,"83":0,"84":0},"b":{},"f":{"1":0,"2":0,"3":0},"fnMap":{"1":{"name":"givenDebt","line":17,"loc":{"start":{"line":17,"column":4},"end":{"line":51,"column":4}}},"2":{"name":"givenCollateral","line":53,"loc":{"start":{"line":53,"column":4},"end":{"line":92,"column":4}}},"3":{"name":"givenPercent","line":94,"loc":{"start":{"line":94,"column":4},"end":{"line":139,"column":4}}}},"statementMap":{"1":{"start":{"line":23,"column":8},"end":{"line":23,"column":46}},"2":{"start":{"line":25,"column":8},"end":{"line":25,"column":57}},"3":{"start":{"line":27,"column":8},"end":{"line":27,"column":35}},"4":{"start":{"line":28,"column":8},"end":{"line":28,"column":29}},"5":{"start":{"line":29,"column":8},"end":{"line":29,"column":24}},"6":{"start":{"line":30,"column":8},"end":{"line":30,"column":47}},"7":{"start":{"line":31,"column":8},"end":{"line":31,"column":41}},"8":{"start":{"line":33,"column":8},"end":{"line":33,"column":30}},"9":{"start":{"line":34,"column":8},"end":{"line":34,"column":21}},"10":{"start":{"line":35,"column":8},"end":{"line":35,"column":38}},"11":{"start":{"line":37,"column":8},"end":{"line":37,"column":30}},"12":{"start":{"line":38,"column":8},"end":{"line":38,"column":26}},"13":{"start":{"line":40,"column":8},"end":{"line":40,"column":33}},"14":{"start":{"line":41,"column":8},"end":{"line":41,"column":25}},"15":{"start":{"line":42,"column":8},"end":{"line":42,"column":24}},"16":{"start":{"line":43,"column":8},"end":{"line":43,"column":36}},"17":{"start":{"line":44,"column":8},"end":{"line":44,"column":28}},"18":{"start":{"line":45,"column":8},"end":{"line":45,"column":31}},"19":{"start":{"line":46,"column":8},"end":{"line":46,"column":37}},"20":{"start":{"line":47,"column":8},"end":{"line":47,"column":29}},"21":{"start":{"line":48,"column":8},"end":{"line":48,"column":29}},"22":{"start":{"line":49,"column":8},"end":{"line":49,"column":73}},"23":{"start":{"line":50,"column":8},"end":{"line":50,"column":41}},"24":{"start":{"line":59,"column":8},"end":{"line":59,"column":46}},"25":{"start":{"line":61,"column":8},"end":{"line":61,"column":57}},"26":{"start":{"line":63,"column":8},"end":{"line":63,"column":30}},"27":{"start":{"line":64,"column":8},"end":{"line":64,"column":26}},"28":{"start":{"line":66,"column":8},"end":{"line":66,"column":41}},"29":{"start":{"line":67,"column":8},"end":{"line":67,"column":37}},"30":{"start":{"line":68,"column":8},"end":{"line":68,"column":36}},"31":{"start":{"line":69,"column":8},"end":{"line":69,"column":25}},"32":{"start":{"line":70,"column":8},"end":{"line":70,"column":40}},"33":{"start":{"line":71,"column":8},"end":{"line":71,"column":37}},"34":{"start":{"line":72,"column":8},"end":{"line":72,"column":41}},"35":{"start":{"line":73,"column":8},"end":{"line":73,"column":69}},"36":{"start":{"line":74,"column":8},"end":{"line":74,"column":31}},"37":{"start":{"line":75,"column":8},"end":{"line":75,"column":41}},"38":{"start":{"line":77,"column":8},"end":{"line":77,"column":30}},"39":{"start":{"line":78,"column":8},"end":{"line":78,"column":21}},"40":{"start":{"line":79,"column":8},"end":{"line":79,"column":38}},"41":{"start":{"line":81,"column":8},"end":{"line":81,"column":33}},"42":{"start":{"line":82,"column":8},"end":{"line":82,"column":25}},"43":{"start":{"line":83,"column":8},"end":{"line":83,"column":24}},"44":{"start":{"line":84,"column":8},"end":{"line":84,"column":27}},"45":{"start":{"line":85,"column":8},"end":{"line":85,"column":28}},"46":{"start":{"line":86,"column":8},"end":{"line":86,"column":31}},"47":{"start":{"line":87,"column":8},"end":{"line":87,"column":28}},"48":{"start":{"line":88,"column":8},"end":{"line":88,"column":29}},"49":{"start":{"line":89,"column":8},"end":{"line":89,"column":29}},"50":{"start":{"line":90,"column":8},"end":{"line":90,"column":73}},"51":{"start":{"line":91,"column":8},"end":{"line":91,"column":41}},"52":{"start":{"line":100,"column":8},"end":{"line":100,"column":46}},"53":{"start":{"line":102,"column":8},"end":{"line":102,"column":57}},"54":{"start":{"line":104,"column":8},"end":{"line":104,"column":30}},"55":{"start":{"line":105,"column":8},"end":{"line":105,"column":26}},"56":{"start":{"line":107,"column":8},"end":{"line":107,"column":34}},"57":{"start":{"line":108,"column":8},"end":{"line":108,"column":22}},"58":{"start":{"line":109,"column":8},"end":{"line":109,"column":21}},"59":{"start":{"line":110,"column":8},"end":{"line":110,"column":33}},"60":{"start":{"line":111,"column":8},"end":{"line":111,"column":20}},"61":{"start":{"line":112,"column":8},"end":{"line":112,"column":37}},"62":{"start":{"line":113,"column":8},"end":{"line":113,"column":29}},"63":{"start":{"line":114,"column":8},"end":{"line":114,"column":43}},"64":{"start":{"line":115,"column":8},"end":{"line":115,"column":29}},"65":{"start":{"line":117,"column":8},"end":{"line":117,"column":36}},"66":{"start":{"line":118,"column":8},"end":{"line":118,"column":28}},"67":{"start":{"line":119,"column":8},"end":{"line":119,"column":28}},"68":{"start":{"line":120,"column":8},"end":{"line":120,"column":24}},"69":{"start":{"line":121,"column":8},"end":{"line":121,"column":28}},"70":{"start":{"line":122,"column":8},"end":{"line":122,"column":41}},"71":{"start":{"line":124,"column":8},"end":{"line":124,"column":30}},"72":{"start":{"line":125,"column":8},"end":{"line":125,"column":21}},"73":{"start":{"line":126,"column":8},"end":{"line":126,"column":38}},"74":{"start":{"line":128,"column":8},"end":{"line":128,"column":33}},"75":{"start":{"line":129,"column":8},"end":{"line":129,"column":25}},"76":{"start":{"line":130,"column":8},"end":{"line":130,"column":24}},"77":{"start":{"line":131,"column":8},"end":{"line":131,"column":36}},"78":{"start":{"line":132,"column":8},"end":{"line":132,"column":28}},"79":{"start":{"line":133,"column":8},"end":{"line":133,"column":31}},"80":{"start":{"line":134,"column":8},"end":{"line":134,"column":28}},"81":{"start":{"line":135,"column":8},"end":{"line":135,"column":29}},"82":{"start":{"line":136,"column":8},"end":{"line":136,"column":29}},"83":{"start":{"line":137,"column":8},"end":{"line":137,"column":73}},"84":{"start":{"line":138,"column":8},"end":{"line":138,"column":41}}},"branchMap":{}},"contracts/libraries/Burn.sol":{"l":{"18":0,"27":0,"40":0,"41":0,"42":0,"52":0,"65":0,"66":0,"67":0,"76":0,"77":0,"79":0,"80":0,"82":0},"path":"/home/vhawk19/timeswap/Timeswap-V1-Convenience/contracts/libraries/Burn.sol","s":{"1":0,"2":0,"3":0,"4":0,"5":0,"6":0,"7":0,"8":0,"9":0,"10":0,"11":0,"12":0,"13":0,"14":0},"b":{"1":[0,0],"2":[0,0],"3":[0,0],"4":[0,0]},"f":{"1":0,"2":0,"3":0,"4":0},"fnMap":{"1":{"name":"removeLiquidity","line":13,"loc":{"start":{"line":13,"column":4},"end":{"line":19,"column":4}}},"2":{"name":"removeLiquidityETHAsset","line":21,"loc":{"start":{"line":21,"column":4},"end":{"line":44,"column":4}}},"3":{"name":"removeLiquidityETHCollateral","line":46,"loc":{"start":{"line":46,"column":4},"end":{"line":69,"column":4}}},"4":{"name":"_removeLiquidity","line":71,"loc":{"start":{"line":71,"column":4},"end":{"line":83,"column":4}}}},"statementMap":{"1":{"start":{"line":18,"column":8},"end":{"line":18,"column":61}},"2":{"start":{"line":27,"column":8},"end":{"line":27,"column":1156}},"3":{"start":{"line":40,"column":8},"end":{"line":40,"column":1490}},"4":{"start":{"line":41,"column":12},"end":{"line":41,"column":41}},"5":{"start":{"line":42,"column":12},"end":{"line":42,"column":56}},"6":{"start":{"line":52,"column":8},"end":{"line":52,"column":1953}},"7":{"start":{"line":65,"column":8},"end":{"line":65,"column":2277}},"8":{"start":{"line":66,"column":12},"end":{"line":66,"column":46}},"9":{"start":{"line":67,"column":12},"end":{"line":67,"column":66}},"10":{"start":{"line":76,"column":8},"end":{"line":76,"column":69}},"11":{"start":{"line":77,"column":8},"end":{"line":77,"column":51}},"12":{"start":{"line":79,"column":8},"end":{"line":79,"column":101}},"13":{"start":{"line":80,"column":8},"end":{"line":80,"column":68}},"14":{"start":{"line":82,"column":8},"end":{"line":82,"column":109}}},"branchMap":{"1":{"line":40,"type":"if","locations":[{"start":{"line":40,"column":8},"end":{"line":40,"column":8}},{"start":{"line":40,"column":8},"end":{"line":40,"column":8}}]},"2":{"line":65,"type":"if","locations":[{"start":{"line":65,"column":8},"end":{"line":65,"column":8}},{"start":{"line":65,"column":8},"end":{"line":65,"column":8}}]},"3":{"line":77,"type":"if","locations":[{"start":{"line":77,"column":8},"end":{"line":77,"column":8}},{"start":{"line":77,"column":8},"end":{"line":77,"column":8}}]},"4":{"line":80,"type":"if","locations":[{"start":{"line":80,"column":8},"end":{"line":80,"column":8}},{"start":{"line":80,"column":8},"end":{"line":80,"column":8}}]}}},"contracts/libraries/ConstantProduct.sol":{"l":{"14":0,"15":0},"path":"/home/vhawk19/timeswap/Timeswap-V1-Convenience/contracts/libraries/ConstantProduct.sol","s":{"1":0,"2":0},"b":{},"f":{"1":0},"fnMap":{"1":{"name":"get","line":13,"loc":{"start":{"line":13,"column":4},"end":{"line":16,"column":4}}}},"statementMap":{"1":{"start":{"line":14,"column":8},"end":{"line":14,"column":74}},"2":{"start":{"line":15,"column":8},"end":{"line":15,"column":23}}},"branchMap":{}},"contracts/libraries/DateTime.sol":{"l":{"57":0,"58":0,"59":0,"60":0,"62":0,"69":0,"90":0,"92":0,"93":0,"94":0,"95":0,"96":0,"97":0,"98":0,"99":0,"100":0,"101":0,"103":0,"104":0,"105":0,"109":0,"112":0,"115":0,"118":0,"119":0,"120":0,"121":0,"122":0,"123":0,"127":0,"128":0,"129":0,"130":0,"135":0,"136":0,"137":0,"142":0,"143":0,"146":0,"149":0,"152":0,"155":0,"156":0,"159":0,"160":0,"162":0,"164":0,"169":0,"170":0,"174":0,"177":0,"180":0,"183":0,"184":0,"187":0,"188":0,"191":0,"195":0,"196":0,"197":0,"198":0,"199":0,"201":0,"202":0,"205":0,"206":0,"207":0,"208":0,"209":0,"210":0,"211":0,"213":0,"214":0,"217":0,"218":0,"221":0,"222":0,"225":0,"226":0,"229":0,"230":0,"234":0,"235":0,"236":0,"237":0,"238":0,"240":0,"241":0,"244":0,"245":0,"246":0,"247":0,"248":0,"249":0,"250":0,"252":0,"253":0,"256":0,"257":0,"260":0,"261":0,"264":0,"265":0,"268":0,"269":0,"273":0,"274":0,"275":0,"276":0,"279":0,"280":0,"281":0,"282":0,"285":0,"286":0,"289":0,"290":0,"293":0,"294":0,"297":0,"298":0},"path":"/home/vhawk19/timeswap/Timeswap-V1-Convenience/contracts/libraries/DateTime.sol","s":{"1":0,"2":0,"3":0,"4":0,"5":0,"6":0,"7":0,"8":0,"9":0,"10":0,"11":0,"12":0,"13":0,"14":0,"15":0,"16":0,"17":0,"18":0,"19":0,"20":0,"21":0,"22":0,"23":0,"24":0,"25":0,"26":0,"27":0,"28":0,"29":0,"30":0,"31":0,"32":0,"33":0,"34":0,"35":0,"36":0,"37":0,"38":0,"39":0,"40":0,"41":0,"42":0,"43":0,"44":0,"45":0,"46":0,"47":0,"48":0,"49":0,"50":0,"51":0,"52":0,"53":0,"54":0,"55":0,"56":0,"57":0,"58":0,"59":0,"60":0,"61":0,"62":0,"63":0,"64":0,"65":0,"66":0,"67":0,"68":0,"69":0,"70":0,"71":0,"72":0,"73":0,"74":0,"75":0,"76":0,"77":0,"78":0,"79":0,"80":0,"81":0,"82":0,"83":0,"84":0,"85":0,"86":0,"87":0,"88":0,"89":0,"90":0,"91":0,"92":0,"93":0,"94":0,"95":0,"96":0,"97":0,"98":0,"99":0,"100":0,"101":0,"102":0,"103":0,"104":0,"105":0,"106":0,"107":0,"108":0,"109":0,"110":0,"111":0,"112":0,"113":0,"114":0,"115":0,"116":0,"117":0,"118":0,"119":0,"120":0,"121":0,"122":0},"b":{"1":[0,0],"2":[0,0],"3":[0,0],"4":[0,0],"5":[0,0],"6":[0,0],"7":[0,0],"8":[0,0],"9":[0,0],"10":[0,0],"11":[0,0],"12":[0,0],"13":[0,0],"14":[0,0],"15":[0,0],"16":[0,0],"17":[0,0],"18":[0,0],"19":[0,0],"20":[0,0],"21":[0,0],"22":[0,0],"23":[0,0],"24":[0,0],"25":[0,0],"26":[0,0],"27":[0,0],"28":[0,0],"29":[0,0]},"f":{"1":0,"2":0,"3":0,"4":0,"5":0,"6":0,"7":0,"8":0,"9":0,"10":0,"11":0,"12":0,"13":0,"14":0,"15":0,"16":0,"17":0,"18":0,"19":0,"20":0,"21":0,"22":0,"23":0,"24":0,"25":0,"26":0,"27":0,"28":0,"29":0,"30":0,"31":0,"32":0,"33":0,"34":0,"35":0,"36":0,"37":0,"38":0,"39":0},"fnMap":{"1":{"name":"_daysFromDate","line":56,"loc":{"start":{"line":56,"column":4},"end":{"line":70,"column":4}}},"2":{"name":"_daysToDate","line":89,"loc":{"start":{"line":89,"column":4},"end":{"line":106,"column":4}}},"3":{"name":"timestampFromDate","line":108,"loc":{"start":{"line":108,"column":4},"end":{"line":110,"column":4}}},"4":{"name":"timestampFromDateTime","line":111,"loc":{"start":{"line":111,"column":4},"end":{"line":113,"column":4}}},"5":{"name":"timestampToDate","line":114,"loc":{"start":{"line":114,"column":4},"end":{"line":116,"column":4}}},"6":{"name":"timestampToDateTime","line":117,"loc":{"start":{"line":117,"column":4},"end":{"line":124,"column":4}}},"7":{"name":"isValidDate","line":126,"loc":{"start":{"line":126,"column":4},"end":{"line":133,"column":4}}},"8":{"name":"isValidDateTime","line":134,"loc":{"start":{"line":134,"column":4},"end":{"line":140,"column":4}}},"9":{"name":"isLeapYear","line":141,"loc":{"start":{"line":141,"column":4},"end":{"line":144,"column":4}}},"10":{"name":"_isLeapYear","line":145,"loc":{"start":{"line":145,"column":4},"end":{"line":147,"column":4}}},"11":{"name":"isWeekDay","line":148,"loc":{"start":{"line":148,"column":4},"end":{"line":150,"column":4}}},"12":{"name":"isWeekEnd","line":151,"loc":{"start":{"line":151,"column":4},"end":{"line":153,"column":4}}},"13":{"name":"getDaysInMonth","line":154,"loc":{"start":{"line":154,"column":4},"end":{"line":157,"column":4}}},"14":{"name":"_getDaysInMonth","line":158,"loc":{"start":{"line":158,"column":4},"end":{"line":166,"column":4}}},"15":{"name":"getDayOfWeek","line":168,"loc":{"start":{"line":168,"column":4},"end":{"line":171,"column":4}}},"16":{"name":"getYear","line":173,"loc":{"start":{"line":173,"column":4},"end":{"line":175,"column":4}}},"17":{"name":"getMonth","line":176,"loc":{"start":{"line":176,"column":4},"end":{"line":178,"column":4}}},"18":{"name":"getDay","line":179,"loc":{"start":{"line":179,"column":4},"end":{"line":181,"column":4}}},"19":{"name":"getHour","line":182,"loc":{"start":{"line":182,"column":4},"end":{"line":185,"column":4}}},"20":{"name":"getMinute","line":186,"loc":{"start":{"line":186,"column":4},"end":{"line":189,"column":4}}},"21":{"name":"getSecond","line":190,"loc":{"start":{"line":190,"column":4},"end":{"line":192,"column":4}}},"22":{"name":"addYears","line":194,"loc":{"start":{"line":194,"column":4},"end":{"line":203,"column":4}}},"23":{"name":"addMonths","line":204,"loc":{"start":{"line":204,"column":4},"end":{"line":215,"column":4}}},"24":{"name":"addDays","line":216,"loc":{"start":{"line":216,"column":4},"end":{"line":219,"column":4}}},"25":{"name":"addHours","line":220,"loc":{"start":{"line":220,"column":4},"end":{"line":223,"column":4}}},"26":{"name":"addMinutes","line":224,"loc":{"start":{"line":224,"column":4},"end":{"line":227,"column":4}}},"27":{"name":"addSeconds","line":228,"loc":{"start":{"line":228,"column":4},"end":{"line":231,"column":4}}},"28":{"name":"subYears","line":233,"loc":{"start":{"line":233,"column":4},"end":{"line":242,"column":4}}},"29":{"name":"subMonths","line":243,"loc":{"start":{"line":243,"column":4},"end":{"line":254,"column":4}}},"30":{"name":"subDays","line":255,"loc":{"start":{"line":255,"column":4},"end":{"line":258,"column":4}}},"31":{"name":"subHours","line":259,"loc":{"start":{"line":259,"column":4},"end":{"line":262,"column":4}}},"32":{"name":"subMinutes","line":263,"loc":{"start":{"line":263,"column":4},"end":{"line":266,"column":4}}},"33":{"name":"subSeconds","line":267,"loc":{"start":{"line":267,"column":4},"end":{"line":270,"column":4}}},"34":{"name":"diffYears","line":272,"loc":{"start":{"line":272,"column":4},"end":{"line":277,"column":4}}},"35":{"name":"diffMonths","line":278,"loc":{"start":{"line":278,"column":4},"end":{"line":283,"column":4}}},"36":{"name":"diffDays","line":284,"loc":{"start":{"line":284,"column":4},"end":{"line":287,"column":4}}},"37":{"name":"diffHours","line":288,"loc":{"start":{"line":288,"column":4},"end":{"line":291,"column":4}}},"38":{"name":"diffMinutes","line":292,"loc":{"start":{"line":292,"column":4},"end":{"line":295,"column":4}}},"39":{"name":"diffSeconds","line":296,"loc":{"start":{"line":296,"column":4},"end":{"line":299,"column":4}}}},"statementMap":{"1":{"start":{"line":57,"column":8},"end":{"line":57,"column":28}},"2":{"start":{"line":58,"column":8},"end":{"line":58,"column":29}},"3":{"start":{"line":59,"column":8},"end":{"line":59,"column":31}},"4":{"start":{"line":60,"column":8},"end":{"line":60,"column":27}},"5":{"start":{"line":62,"column":8},"end":{"line":62,"column":2245}},"6":{"start":{"line":69,"column":8},"end":{"line":69,"column":27}},"7":{"start":{"line":90,"column":8},"end":{"line":90,"column":31}},"8":{"start":{"line":92,"column":8},"end":{"line":92,"column":47}},"9":{"start":{"line":93,"column":8},"end":{"line":93,"column":30}},"10":{"start":{"line":94,"column":8},"end":{"line":94,"column":35}},"11":{"start":{"line":95,"column":8},"end":{"line":95,"column":44}},"12":{"start":{"line":96,"column":8},"end":{"line":96,"column":36}},"13":{"start":{"line":97,"column":8},"end":{"line":97,"column":34}},"14":{"start":{"line":98,"column":8},"end":{"line":98,"column":41}},"15":{"start":{"line":99,"column":8},"end":{"line":99,"column":22}},"16":{"start":{"line":100,"column":8},"end":{"line":100,"column":35}},"17":{"start":{"line":101,"column":8},"end":{"line":101,"column":41}},"18":{"start":{"line":103,"column":8},"end":{"line":103,"column":25}},"19":{"start":{"line":104,"column":8},"end":{"line":104,"column":27}},"20":{"start":{"line":105,"column":8},"end":{"line":105,"column":23}},"21":{"start":{"line":109,"column":8},"end":{"line":109,"column":68}},"22":{"start":{"line":112,"column":8},"end":{"line":112,"column":133}},"23":{"start":{"line":115,"column":8},"end":{"line":115,"column":68}},"24":{"start":{"line":118,"column":8},"end":{"line":118,"column":68}},"25":{"start":{"line":119,"column":8},"end":{"line":119,"column":47}},"26":{"start":{"line":120,"column":8},"end":{"line":120,"column":37}},"27":{"start":{"line":121,"column":8},"end":{"line":121,"column":37}},"28":{"start":{"line":122,"column":8},"end":{"line":122,"column":41}},"29":{"start":{"line":123,"column":8},"end":{"line":123,"column":41}},"30":{"start":{"line":127,"column":8},"end":{"line":127,"column":5064}},"31":{"start":{"line":128,"column":12},"end":{"line":128,"column":59}},"32":{"start":{"line":129,"column":12},"end":{"line":129,"column":5189}},"33":{"start":{"line":130,"column":16},"end":{"line":130,"column":27}},"34":{"start":{"line":135,"column":8},"end":{"line":135,"column":5426}},"35":{"start":{"line":136,"column":12},"end":{"line":136,"column":5479}},"36":{"start":{"line":137,"column":16},"end":{"line":137,"column":27}},"37":{"start":{"line":142,"column":8},"end":{"line":142,"column":64}},"38":{"start":{"line":143,"column":8},"end":{"line":143,"column":35}},"39":{"start":{"line":146,"column":8},"end":{"line":146,"column":77}},"40":{"start":{"line":149,"column":8},"end":{"line":149,"column":51}},"41":{"start":{"line":152,"column":8},"end":{"line":152,"column":51}},"42":{"start":{"line":155,"column":8},"end":{"line":155,"column":75}},"43":{"start":{"line":156,"column":8},"end":{"line":156,"column":49}},"44":{"start":{"line":159,"column":8},"end":{"line":159,"column":6535}},"45":{"start":{"line":160,"column":12},"end":{"line":160,"column":27}},"46":{"start":{"line":161,"column":15},"end":{"line":161,"column":6684}},"47":{"start":{"line":162,"column":12},"end":{"line":162,"column":27}},"48":{"start":{"line":164,"column":12},"end":{"line":164,"column":52}},"49":{"start":{"line":169,"column":8},"end":{"line":169,"column":48}},"50":{"start":{"line":170,"column":8},"end":{"line":170,"column":38}},"51":{"start":{"line":174,"column":8},"end":{"line":174,"column":58}},"52":{"start":{"line":177,"column":8},"end":{"line":177,"column":59}},"53":{"start":{"line":180,"column":8},"end":{"line":180,"column":57}},"54":{"start":{"line":183,"column":8},"end":{"line":183,"column":47}},"55":{"start":{"line":184,"column":8},"end":{"line":184,"column":37}},"56":{"start":{"line":187,"column":8},"end":{"line":187,"column":48}},"57":{"start":{"line":188,"column":8},"end":{"line":188,"column":41}},"58":{"start":{"line":191,"column":8},"end":{"line":191,"column":46}},"59":{"start":{"line":195,"column":8},"end":{"line":195,"column":84}},"60":{"start":{"line":196,"column":8},"end":{"line":196,"column":21}},"61":{"start":{"line":197,"column":8},"end":{"line":197,"column":55}},"62":{"start":{"line":198,"column":8},"end":{"line":198,"column":8199}},"63":{"start":{"line":199,"column":12},"end":{"line":199,"column":28}},"64":{"start":{"line":201,"column":8},"end":{"line":201,"column":101}},"65":{"start":{"line":202,"column":8},"end":{"line":202,"column":41}},"66":{"start":{"line":205,"column":8},"end":{"line":205,"column":84}},"67":{"start":{"line":206,"column":8},"end":{"line":206,"column":23}},"68":{"start":{"line":207,"column":8},"end":{"line":207,"column":31}},"69":{"start":{"line":208,"column":8},"end":{"line":208,"column":35}},"70":{"start":{"line":209,"column":8},"end":{"line":209,"column":55}},"71":{"start":{"line":210,"column":8},"end":{"line":210,"column":8765}},"72":{"start":{"line":211,"column":12},"end":{"line":211,"column":28}},"73":{"start":{"line":213,"column":8},"end":{"line":213,"column":101}},"74":{"start":{"line":214,"column":8},"end":{"line":214,"column":41}},"75":{"start":{"line":217,"column":8},"end":{"line":217,"column":57}},"76":{"start":{"line":218,"column":8},"end":{"line":218,"column":41}},"77":{"start":{"line":221,"column":8},"end":{"line":221,"column":59}},"78":{"start":{"line":222,"column":8},"end":{"line":222,"column":41}},"79":{"start":{"line":225,"column":8},"end":{"line":225,"column":63}},"80":{"start":{"line":226,"column":8},"end":{"line":226,"column":41}},"81":{"start":{"line":229,"column":8},"end":{"line":229,"column":42}},"82":{"start":{"line":230,"column":8},"end":{"line":230,"column":41}},"83":{"start":{"line":234,"column":8},"end":{"line":234,"column":84}},"84":{"start":{"line":235,"column":8},"end":{"line":235,"column":21}},"85":{"start":{"line":236,"column":8},"end":{"line":236,"column":55}},"86":{"start":{"line":237,"column":8},"end":{"line":237,"column":10075}},"87":{"start":{"line":238,"column":12},"end":{"line":238,"column":28}},"88":{"start":{"line":240,"column":8},"end":{"line":240,"column":101}},"89":{"start":{"line":241,"column":8},"end":{"line":241,"column":41}},"90":{"start":{"line":244,"column":8},"end":{"line":244,"column":84}},"91":{"start":{"line":245,"column":8},"end":{"line":245,"column":58}},"92":{"start":{"line":246,"column":8},"end":{"line":246,"column":28}},"93":{"start":{"line":247,"column":8},"end":{"line":247,"column":33}},"94":{"start":{"line":248,"column":8},"end":{"line":248,"column":55}},"95":{"start":{"line":249,"column":8},"end":{"line":249,"column":10670}},"96":{"start":{"line":250,"column":12},"end":{"line":250,"column":28}},"97":{"start":{"line":252,"column":8},"end":{"line":252,"column":101}},"98":{"start":{"line":253,"column":8},"end":{"line":253,"column":41}},"99":{"start":{"line":256,"column":8},"end":{"line":256,"column":57}},"100":{"start":{"line":257,"column":8},"end":{"line":257,"column":41}},"101":{"start":{"line":260,"column":8},"end":{"line":260,"column":59}},"102":{"start":{"line":261,"column":8},"end":{"line":261,"column":41}},"103":{"start":{"line":264,"column":8},"end":{"line":264,"column":63}},"104":{"start":{"line":265,"column":8},"end":{"line":265,"column":41}},"105":{"start":{"line":268,"column":8},"end":{"line":268,"column":42}},"106":{"start":{"line":269,"column":8},"end":{"line":269,"column":41}},"107":{"start":{"line":273,"column":8},"end":{"line":273,"column":44}},"108":{"start":{"line":274,"column":8},"end":{"line":274,"column":72}},"109":{"start":{"line":275,"column":8},"end":{"line":275,"column":68}},"110":{"start":{"line":276,"column":8},"end":{"line":276,"column":33}},"111":{"start":{"line":279,"column":8},"end":{"line":279,"column":44}},"112":{"start":{"line":280,"column":8},"end":{"line":280,"column":87}},"113":{"start":{"line":281,"column":8},"end":{"line":281,"column":81}},"114":{"start":{"line":282,"column":8},"end":{"line":282,"column":66}},"115":{"start":{"line":285,"column":8},"end":{"line":285,"column":44}},"116":{"start":{"line":286,"column":8},"end":{"line":286,"column":62}},"117":{"start":{"line":289,"column":8},"end":{"line":289,"column":44}},"118":{"start":{"line":290,"column":8},"end":{"line":290,"column":64}},"119":{"start":{"line":293,"column":8},"end":{"line":293,"column":44}},"120":{"start":{"line":294,"column":8},"end":{"line":294,"column":68}},"121":{"start":{"line":297,"column":8},"end":{"line":297,"column":44}},"122":{"start":{"line":298,"column":8},"end":{"line":298,"column":45}}},"branchMap":{"1":{"line":57,"type":"if","locations":[{"start":{"line":57,"column":8},"end":{"line":57,"column":8}},{"start":{"line":57,"column":8},"end":{"line":57,"column":8}}]},"2":{"line":127,"type":"if","locations":[{"start":{"line":127,"column":8},"end":{"line":127,"column":8}},{"start":{"line":127,"column":8},"end":{"line":127,"column":8}}]},"3":{"line":129,"type":"if","locations":[{"start":{"line":129,"column":12},"end":{"line":129,"column":12}},{"start":{"line":129,"column":12},"end":{"line":129,"column":12}}]},"4":{"line":135,"type":"if","locations":[{"start":{"line":135,"column":8},"end":{"line":135,"column":8}},{"start":{"line":135,"column":8},"end":{"line":135,"column":8}}]},"5":{"line":136,"type":"if","locations":[{"start":{"line":136,"column":12},"end":{"line":136,"column":12}},{"start":{"line":136,"column":12},"end":{"line":136,"column":12}}]},"6":{"line":159,"type":"if","locations":[{"start":{"line":159,"column":8},"end":{"line":159,"column":8}},{"start":{"line":159,"column":8},"end":{"line":159,"column":8}}]},"7":{"line":161,"type":"if","locations":[{"start":{"line":161,"column":15},"end":{"line":161,"column":15}},{"start":{"line":161,"column":15},"end":{"line":161,"column":15}}]},"8":{"line":198,"type":"if","locations":[{"start":{"line":198,"column":8},"end":{"line":198,"column":8}},{"start":{"line":198,"column":8},"end":{"line":198,"column":8}}]},"9":{"line":202,"type":"if","locations":[{"start":{"line":202,"column":8},"end":{"line":202,"column":8}},{"start":{"line":202,"column":8},"end":{"line":202,"column":8}}]},"10":{"line":210,"type":"if","locations":[{"start":{"line":210,"column":8},"end":{"line":210,"column":8}},{"start":{"line":210,"column":8},"end":{"line":210,"column":8}}]},"11":{"line":214,"type":"if","locations":[{"start":{"line":214,"column":8},"end":{"line":214,"column":8}},{"start":{"line":214,"column":8},"end":{"line":214,"column":8}}]},"12":{"line":218,"type":"if","locations":[{"start":{"line":218,"column":8},"end":{"line":218,"column":8}},{"start":{"line":218,"column":8},"end":{"line":218,"column":8}}]},"13":{"line":222,"type":"if","locations":[{"start":{"line":222,"column":8},"end":{"line":222,"column":8}},{"start":{"line":222,"column":8},"end":{"line":222,"column":8}}]},"14":{"line":226,"type":"if","locations":[{"start":{"line":226,"column":8},"end":{"line":226,"column":8}},{"start":{"line":226,"column":8},"end":{"line":226,"column":8}}]},"15":{"line":230,"type":"if","locations":[{"start":{"line":230,"column":8},"end":{"line":230,"column":8}},{"start":{"line":230,"column":8},"end":{"line":230,"column":8}}]},"16":{"line":237,"type":"if","locations":[{"start":{"line":237,"column":8},"end":{"line":237,"column":8}},{"start":{"line":237,"column":8},"end":{"line":237,"column":8}}]},"17":{"line":241,"type":"if","locations":[{"start":{"line":241,"column":8},"end":{"line":241,"column":8}},{"start":{"line":241,"column":8},"end":{"line":241,"column":8}}]},"18":{"line":249,"type":"if","locations":[{"start":{"line":249,"column":8},"end":{"line":249,"column":8}},{"start":{"line":249,"column":8},"end":{"line":249,"column":8}}]},"19":{"line":253,"type":"if","locations":[{"start":{"line":253,"column":8},"end":{"line":253,"column":8}},{"start":{"line":253,"column":8},"end":{"line":253,"column":8}}]},"20":{"line":257,"type":"if","locations":[{"start":{"line":257,"column":8},"end":{"line":257,"column":8}},{"start":{"line":257,"column":8},"end":{"line":257,"column":8}}]},"21":{"line":261,"type":"if","locations":[{"start":{"line":261,"column":8},"end":{"line":261,"column":8}},{"start":{"line":261,"column":8},"end":{"line":261,"column":8}}]},"22":{"line":265,"type":"if","locations":[{"start":{"line":265,"column":8},"end":{"line":265,"column":8}},{"start":{"line":265,"column":8},"end":{"line":265,"column":8}}]},"23":{"line":269,"type":"if","locations":[{"start":{"line":269,"column":8},"end":{"line":269,"column":8}},{"start":{"line":269,"column":8},"end":{"line":269,"column":8}}]},"24":{"line":273,"type":"if","locations":[{"start":{"line":273,"column":8},"end":{"line":273,"column":8}},{"start":{"line":273,"column":8},"end":{"line":273,"column":8}}]},"25":{"line":279,"type":"if","locations":[{"start":{"line":279,"column":8},"end":{"line":279,"column":8}},{"start":{"line":279,"column":8},"end":{"line":279,"column":8}}]},"26":{"line":285,"type":"if","locations":[{"start":{"line":285,"column":8},"end":{"line":285,"column":8}},{"start":{"line":285,"column":8},"end":{"line":285,"column":8}}]},"27":{"line":289,"type":"if","locations":[{"start":{"line":289,"column":8},"end":{"line":289,"column":8}},{"start":{"line":289,"column":8},"end":{"line":289,"column":8}}]},"28":{"line":293,"type":"if","locations":[{"start":{"line":293,"column":8},"end":{"line":293,"column":8}},{"start":{"line":293,"column":8},"end":{"line":293,"column":8}}]},"29":{"line":297,"type":"if","locations":[{"start":{"line":297,"column":8},"end":{"line":297,"column":8}},{"start":{"line":297,"column":8},"end":{"line":297,"column":8}}]}}},"contracts/libraries/Deploy.sol":{"l":{"26":0,"27":0,"28":0,"30":0},"path":"/home/vhawk19/timeswap/Timeswap-V1-Convenience/contracts/libraries/Deploy.sol","s":{"1":0,"2":0,"3":0,"4":0},"b":{},"f":{"1":0},"fnMap":{"1":{"name":"deploy","line":18,"loc":{"start":{"line":18,"column":4},"end":{"line":31,"column":4}}}},"statementMap":{"1":{"start":{"line":26,"column":8},"end":{"line":26,"column":84}},"2":{"start":{"line":27,"column":8},"end":{"line":27,"column":60}},"3":{"start":{"line":28,"column":8},"end":{"line":28,"column":61}},"4":{"start":{"line":30,"column":8},"end":{"line":30,"column":62}}},"branchMap":{}},"contracts/libraries/DeployERC20.sol":{"l":{"18":0,"19":0,"20":0},"path":"/home/vhawk19/timeswap/Timeswap-V1-Convenience/contracts/libraries/DeployERC20.sol","s":{"1":0,"2":0,"3":0},"b":{},"f":{"1":0},"fnMap":{"1":{"name":"deployERC20","line":11,"loc":{"start":{"line":11,"column":4},"end":{"line":21,"column":4}}}},"statementMap":{"1":{"start":{"line":18,"column":8},"end":{"line":18,"column":80}},"2":{"start":{"line":19,"column":8},"end":{"line":19,"column":70}},"3":{"start":{"line":20,"column":8},"end":{"line":20,"column":80}}},"branchMap":{}},"contracts/libraries/DeployERC721.sol":{"l":{"16":0},"path":"/home/vhawk19/timeswap/Timeswap-V1-Convenience/contracts/libraries/DeployERC721.sol","s":{"1":0},"b":{},"f":{"1":0},"fnMap":{"1":{"name":"deployERC721","line":9,"loc":{"start":{"line":9,"column":4},"end":{"line":17,"column":4}}}},"statementMap":{"1":{"start":{"line":16,"column":8},"end":{"line":16,"column":98}}},"branchMap":{}},"contracts/libraries/DeployNative.sol":{"l":{"21":0,"23":0,"24":0,"26":0,"27":0,"28":0,"30":0},"path":"/home/vhawk19/timeswap/Timeswap-V1-Convenience/contracts/libraries/DeployNative.sol","s":{"1":0,"2":0,"3":0,"4":0,"5":0,"6":0,"7":0},"b":{"1":[0,0],"2":[0,0],"3":[0,0]},"f":{"1":0},"fnMap":{"1":{"name":"deploy","line":15,"loc":{"start":{"line":15,"column":4},"end":{"line":31,"column":4}}}},"statementMap":{"1":{"start":{"line":21,"column":8},"end":{"line":21,"column":61}},"2":{"start":{"line":23,"column":8},"end":{"line":23,"column":69}},"3":{"start":{"line":24,"column":8},"end":{"line":24,"column":51}},"4":{"start":{"line":26,"column":8},"end":{"line":26,"column":102}},"5":{"start":{"line":27,"column":8},"end":{"line":27,"column":45}},"6":{"start":{"line":28,"column":8},"end":{"line":28,"column":66}},"7":{"start":{"line":30,"column":8},"end":{"line":30,"column":89}}},"branchMap":{"1":{"line":21,"type":"if","locations":[{"start":{"line":21,"column":8},"end":{"line":21,"column":8}},{"start":{"line":21,"column":8},"end":{"line":21,"column":8}}]},"2":{"line":24,"type":"if","locations":[{"start":{"line":24,"column":8},"end":{"line":24,"column":8}},{"start":{"line":24,"column":8},"end":{"line":24,"column":8}}]},"3":{"line":28,"type":"if","locations":[{"start":{"line":28,"column":8},"end":{"line":28,"column":8}},{"start":{"line":28,"column":8},"end":{"line":28,"column":8}}]}}},"contracts/libraries/ETH.sol":{"l":{"6":0,"7":0},"path":"/home/vhawk19/timeswap/Timeswap-V1-Convenience/contracts/libraries/ETH.sol","s":{"1":0,"2":0},"b":{"1":[0,0]},"f":{"1":0},"fnMap":{"1":{"name":"transfer","line":5,"loc":{"start":{"line":5,"column":4},"end":{"line":8,"column":4}}}},"statementMap":{"1":{"start":{"line":6,"column":8},"end":{"line":6,"column":53}},"2":{"start":{"line":7,"column":8},"end":{"line":7,"column":29}}},"branchMap":{"1":{"line":7,"type":"if","locations":[{"start":{"line":7,"column":8},"end":{"line":7,"column":8}},{"start":{"line":7,"column":8},"end":{"line":7,"column":8}}]}}},"contracts/libraries/Lend.sol":{"l":{"24":0,"50":0,"52":0,"78":0,"103":0,"129":0,"131":0,"157":0,"182":0,"209":0,"211":0,"238":0,"264":0,"265":0,"267":0,"269":0,"287":0,"296":0,"297":0,"299":0,"305":0,"323":0,"332":0,"334":0,"335":0,"337":0,"339":0,"357":0,"358":0,"367":0,"369":0,"370":0,"371":0,"373":0,"383":0,"384":0},"path":"/home/vhawk19/timeswap/Timeswap-V1-Convenience/contracts/libraries/Lend.sol","s":{"1":0,"2":0,"3":0,"4":0,"5":0,"6":0,"7":0,"8":0,"9":0,"10":0,"11":0,"12":0,"13":0,"14":0,"15":0,"16":0,"17":0,"18":0,"19":0,"20":0,"21":0,"22":0,"23":0,"24":0,"25":0,"26":0,"27":0,"28":0,"29":0,"30":0,"31":0,"32":0,"33":0,"34":0,"35":0,"36":0},"b":{"1":[0,0],"2":[0,0],"3":[0,0],"4":[0,0],"5":[0,0],"6":[0,0],"7":[0,0],"8":[0,0],"9":[0,0],"10":[0,0]},"f":{"1":0,"2":0,"3":0,"4":0,"5":0,"6":0,"7":0,"8":0,"9":0,"10":0,"11":0,"12":0,"13":0},"fnMap":{"1":{"name":"lendGivenBond","line":18,"loc":{"start":{"line":18,"column":4},"end":{"line":41,"column":4}}},"2":{"name":"lendGivenBondETHAsset","line":43,"loc":{"start":{"line":43,"column":4},"end":{"line":69,"column":4}}},"3":{"name":"lendGivenBondETHCollateral","line":71,"loc":{"start":{"line":71,"column":4},"end":{"line":95,"column":4}}},"4":{"name":"lendGivenInsurance","line":97,"loc":{"start":{"line":97,"column":4},"end":{"line":120,"column":4}}},"5":{"name":"lendGivenInsuranceETHAsset","line":122,"loc":{"start":{"line":122,"column":4},"end":{"line":148,"column":4}}},"6":{"name":"lendGivenInsuranceETHCollateral","line":150,"loc":{"start":{"line":150,"column":4},"end":{"line":174,"column":4}}},"7":{"name":"lendGivenPercent","line":176,"loc":{"start":{"line":176,"column":4},"end":{"line":200,"column":4}}},"8":{"name":"lendGivenPercentETHAsset","line":202,"loc":{"start":{"line":202,"column":4},"end":{"line":229,"column":4}}},"9":{"name":"lendGivenPercentETHCollateral","line":231,"loc":{"start":{"line":231,"column":4},"end":{"line":256,"column":4}}},"10":{"name":"_lendGivenBond","line":258,"loc":{"start":{"line":258,"column":4},"end":{"line":288,"column":4}}},"11":{"name":"_lendGivenInsurance","line":290,"loc":{"start":{"line":290,"column":4},"end":{"line":324,"column":4}}},"12":{"name":"_lendGivenPercent","line":326,"loc":{"start":{"line":326,"column":4},"end":{"line":359,"column":4}}},"13":{"name":"_lend","line":361,"loc":{"start":{"line":361,"column":4},"end":{"line":385,"column":4}}}},"statementMap":{"1":{"start":{"line":24,"column":8},"end":{"line":24,"column":978}},"2":{"start":{"line":50,"column":8},"end":{"line":50,"column":47}},"3":{"start":{"line":52,"column":8},"end":{"line":52,"column":1851}},"4":{"start":{"line":78,"column":8},"end":{"line":78,"column":2672}},"5":{"start":{"line":103,"column":8},"end":{"line":103,"column":3456}},"6":{"start":{"line":129,"column":8},"end":{"line":129,"column":47}},"7":{"start":{"line":131,"column":8},"end":{"line":131,"column":4349}},"8":{"start":{"line":157,"column":8},"end":{"line":157,"column":5190}},"9":{"start":{"line":182,"column":8},"end":{"line":182,"column":5980}},"10":{"start":{"line":209,"column":8},"end":{"line":209,"column":47}},"11":{"start":{"line":211,"column":8},"end":{"line":211,"column":6897}},"12":{"start":{"line":238,"column":8},"end":{"line":238,"column":7762}},"13":{"start":{"line":264,"column":8},"end":{"line":264,"column":69}},"14":{"start":{"line":265,"column":8},"end":{"line":265,"column":51}},"15":{"start":{"line":267,"column":8},"end":{"line":267,"column":112}},"16":{"start":{"line":269,"column":8},"end":{"line":269,"column":8814}},"17":{"start":{"line":287,"column":8},"end":{"line":287,"column":68}},"18":{"start":{"line":296,"column":8},"end":{"line":296,"column":69}},"19":{"start":{"line":297,"column":8},"end":{"line":297,"column":51}},"20":{"start":{"line":299,"column":8},"end":{"line":299,"column":9774}},"21":{"start":{"line":305,"column":8},"end":{"line":305,"column":9944}},"22":{"start":{"line":323,"column":8},"end":{"line":323,"column":58}},"23":{"start":{"line":332,"column":8},"end":{"line":332,"column":56}},"24":{"start":{"line":334,"column":8},"end":{"line":334,"column":69}},"25":{"start":{"line":335,"column":8},"end":{"line":335,"column":51}},"26":{"start":{"line":337,"column":8},"end":{"line":337,"column":115}},"27":{"start":{"line":339,"column":8},"end":{"line":339,"column":11067}},"28":{"start":{"line":357,"column":8},"end":{"line":357,"column":58}},"29":{"start":{"line":358,"column":8},"end":{"line":358,"column":68}},"30":{"start":{"line":367,"column":8},"end":{"line":367,"column":61}},"31":{"start":{"line":369,"column":8},"end":{"line":369,"column":102}},"32":{"start":{"line":370,"column":8},"end":{"line":370,"column":12182}},"33":{"start":{"line":371,"column":12},"end":{"line":371,"column":93}},"34":{"start":{"line":373,"column":8},"end":{"line":373,"column":12246}},"35":{"start":{"line":383,"column":8},"end":{"line":383,"column":54}},"36":{"start":{"line":384,"column":8},"end":{"line":384,"column":69}}},"branchMap":{"1":{"line":265,"type":"if","locations":[{"start":{"line":265,"column":8},"end":{"line":265,"column":8}},{"start":{"line":265,"column":8},"end":{"line":265,"column":8}}]},"2":{"line":287,"type":"if","locations":[{"start":{"line":287,"column":8},"end":{"line":287,"column":8}},{"start":{"line":287,"column":8},"end":{"line":287,"column":8}}]},"3":{"line":297,"type":"if","locations":[{"start":{"line":297,"column":8},"end":{"line":297,"column":8}},{"start":{"line":297,"column":8},"end":{"line":297,"column":8}}]},"4":{"line":323,"type":"if","locations":[{"start":{"line":323,"column":8},"end":{"line":323,"column":8}},{"start":{"line":323,"column":8},"end":{"line":323,"column":8}}]},"5":{"line":332,"type":"if","locations":[{"start":{"line":332,"column":8},"end":{"line":332,"column":8}},{"start":{"line":332,"column":8},"end":{"line":332,"column":8}}]},"6":{"line":335,"type":"if","locations":[{"start":{"line":335,"column":8},"end":{"line":335,"column":8}},{"start":{"line":335,"column":8},"end":{"line":335,"column":8}}]},"7":{"line":357,"type":"if","locations":[{"start":{"line":357,"column":8},"end":{"line":357,"column":8}},{"start":{"line":357,"column":8},"end":{"line":357,"column":8}}]},"8":{"line":358,"type":"if","locations":[{"start":{"line":358,"column":8},"end":{"line":358,"column":8}},{"start":{"line":358,"column":8},"end":{"line":358,"column":8}}]},"9":{"line":367,"type":"if","locations":[{"start":{"line":367,"column":8},"end":{"line":367,"column":8}},{"start":{"line":367,"column":8},"end":{"line":367,"column":8}}]},"10":{"line":370,"type":"if","locations":[{"start":{"line":370,"column":8},"end":{"line":370,"column":8}},{"start":{"line":370,"column":8},"end":{"line":370,"column":8}}]}}},"contracts/libraries/LendMath.sol":{"l":{"23":0,"25":0,"27":0,"28":0,"29":0,"30":0,"31":0,"33":0,"34":0,"35":0,"37":0,"38":0,"40":0,"41":0,"42":0,"43":0,"44":0,"45":0,"46":0,"47":0,"48":0,"49":0,"50":0,"59":0,"61":0,"63":0,"64":0,"66":0,"67":0,"68":0,"69":0,"70":0,"71":0,"72":0,"73":0,"74":0,"75":0,"77":0,"78":0,"79":0,"81":0,"82":0,"83":0,"84":0,"85":0,"86":0,"87":0,"88":0,"89":0,"90":0,"91":0,"100":0,"102":0,"104":0,"105":0,"107":0,"108":0,"109":0,"110":0,"111":0,"112":0,"113":0,"114":0,"115":0,"117":0,"118":0,"119":0,"120":0,"121":0,"122":0,"124":0,"125":0,"126":0,"128":0,"129":0,"130":0,"131":0,"132":0,"133":0,"134":0,"135":0,"136":0,"137":0,"138":0},"path":"/home/vhawk19/timeswap/Timeswap-V1-Convenience/contracts/libraries/LendMath.sol","s":{"1":0,"2":0,"3":0,"4":0,"5":0,"6":0,"7":0,"8":0,"9":0,"10":0,"11":0,"12":0,"13":0,"14":0,"15":0,"16":0,"17":0,"18":0,"19":0,"20":0,"21":0,"22":0,"23":0,"24":0,"25":0,"26":0,"27":0,"28":0,"29":0,"30":0,"31":0,"32":0,"33":0,"34":0,"35":0,"36":0,"37":0,"38":0,"39":0,"40":0,"41":0,"42":0,"43":0,"44":0,"45":0,"46":0,"47":0,"48":0,"49":0,"50":0,"51":0,"52":0,"53":0,"54":0,"55":0,"56":0,"57":0,"58":0,"59":0,"60":0,"61":0,"62":0,"63":0,"64":0,"65":0,"66":0,"67":0,"68":0,"69":0,"70":0,"71":0,"72":0,"73":0,"74":0,"75":0,"76":0,"77":0,"78":0,"79":0,"80":0,"81":0,"82":0,"83":0,"84":0},"b":{},"f":{"1":0,"2":0,"3":0},"fnMap":{"1":{"name":"givenBond","line":17,"loc":{"start":{"line":17,"column":4},"end":{"line":51,"column":4}}},"2":{"name":"givenInsurance","line":53,"loc":{"start":{"line":53,"column":4},"end":{"line":92,"column":4}}},"3":{"name":"givenPercent","line":94,"loc":{"start":{"line":94,"column":4},"end":{"line":139,"column":4}}}},"statementMap":{"1":{"start":{"line":23,"column":8},"end":{"line":23,"column":46}},"2":{"start":{"line":25,"column":8},"end":{"line":25,"column":57}},"3":{"start":{"line":27,"column":8},"end":{"line":27,"column":36}},"4":{"start":{"line":28,"column":8},"end":{"line":28,"column":28}},"5":{"start":{"line":29,"column":8},"end":{"line":29,"column":24}},"6":{"start":{"line":30,"column":8},"end":{"line":30,"column":64}},"7":{"start":{"line":31,"column":8},"end":{"line":31,"column":41}},"8":{"start":{"line":33,"column":8},"end":{"line":33,"column":30}},"9":{"start":{"line":34,"column":8},"end":{"line":34,"column":21}},"10":{"start":{"line":35,"column":8},"end":{"line":35,"column":38}},"11":{"start":{"line":37,"column":8},"end":{"line":37,"column":30}},"12":{"start":{"line":38,"column":8},"end":{"line":38,"column":25}},"13":{"start":{"line":40,"column":8},"end":{"line":40,"column":36}},"14":{"start":{"line":41,"column":8},"end":{"line":41,"column":28}},"15":{"start":{"line":42,"column":8},"end":{"line":42,"column":33}},"16":{"start":{"line":43,"column":8},"end":{"line":43,"column":25}},"17":{"start":{"line":44,"column":8},"end":{"line":44,"column":24}},"18":{"start":{"line":45,"column":8},"end":{"line":45,"column":31}},"19":{"start":{"line":46,"column":8},"end":{"line":46,"column":37}},"20":{"start":{"line":47,"column":8},"end":{"line":47,"column":29}},"21":{"start":{"line":48,"column":8},"end":{"line":48,"column":29}},"22":{"start":{"line":49,"column":8},"end":{"line":49,"column":71}},"23":{"start":{"line":50,"column":8},"end":{"line":50,"column":41}},"24":{"start":{"line":59,"column":8},"end":{"line":59,"column":46}},"25":{"start":{"line":61,"column":8},"end":{"line":61,"column":57}},"26":{"start":{"line":63,"column":8},"end":{"line":63,"column":30}},"27":{"start":{"line":64,"column":8},"end":{"line":64,"column":25}},"28":{"start":{"line":66,"column":8},"end":{"line":66,"column":41}},"29":{"start":{"line":67,"column":8},"end":{"line":67,"column":37}},"30":{"start":{"line":68,"column":8},"end":{"line":68,"column":36}},"31":{"start":{"line":69,"column":8},"end":{"line":69,"column":25}},"32":{"start":{"line":70,"column":8},"end":{"line":70,"column":40}},"33":{"start":{"line":71,"column":8},"end":{"line":71,"column":37}},"34":{"start":{"line":72,"column":8},"end":{"line":72,"column":41}},"35":{"start":{"line":73,"column":8},"end":{"line":73,"column":66}},"36":{"start":{"line":74,"column":8},"end":{"line":74,"column":31}},"37":{"start":{"line":75,"column":8},"end":{"line":75,"column":41}},"38":{"start":{"line":77,"column":8},"end":{"line":77,"column":30}},"39":{"start":{"line":78,"column":8},"end":{"line":78,"column":21}},"40":{"start":{"line":79,"column":8},"end":{"line":79,"column":37}},"41":{"start"
[...]
e":41,"column":49}},"7":{"start":{"line":43,"column":12},"end":{"line":43,"column":74}},"8":{"start":{"line":45,"column":8},"end":{"line":45,"column":36}},"9":{"start":{"line":46,"column":8},"end":{"line":46,"column":19}},"10":{"start":{"line":50,"column":8},"end":{"line":50,"column":28}},"11":{"start":{"line":51,"column":8},"end":{"line":51,"column":31}},"12":{"start":{"line":52,"column":8},"end":{"line":52,"column":40}},"13":{"start":{"line":62,"column":8},"end":{"line":62,"column":43}},"14":{"start":{"line":63,"column":8},"end":{"line":63,"column":47}},"15":{"start":{"line":71,"column":8},"end":{"line":71,"column":33}},"16":{"start":{"line":72,"column":8},"end":{"line":72,"column":31}},"17":{"start":{"line":73,"column":8},"end":{"line":73,"column":41}}},"branchMap":{"1":{"line":40,"type":"if","locations":[{"start":{"line":40,"column":8},"end":{"line":40,"column":8}},{"start":{"line":40,"column":8},"end":{"line":40,"column":8}}]}}},"contracts/test/contracts/MaticTestToken.sol":{"l":{"26":0,"27":0,"31":0,"32":0,"40":0,"41":0,"43":0,"45":0,"46":0,"50":0,"51":0,"52":0,"62":0,"63":0,"71":0,"72":0,"73":0},"path":"/home/vhawk19/timeswap/Timeswap-V1-Convenience/contracts/test/contracts/MaticTestToken.sol","s":{"1":0,"2":0,"3":0,"4":0,"5":0,"6":0,"7":0,"8":0,"9":0,"10":0,"11":0,"12":0,"13":0,"14":0,"15":0,"16":0,"17":0},"b":{"1":[0,0]},"f":{"1":0,"2":0,"3":0,"4":0,"5":0,"6":0},"fnMap":{"1":{"name":"approve","line":25,"loc":{"start":{"line":25,"column":4},"end":{"line":28,"column":4}}},"2":{"name":"transfer","line":30,"loc":{"start":{"line":30,"column":4},"end":{"line":33,"column":4}}},"3":{"name":"transferFrom","line":35,"loc":{"start":{"line":35,"column":4},"end":{"line":47,"column":4}}},"4":{"name":"mint","line":49,"loc":{"start":{"line":49,"column":4},"end":{"line":53,"column":4}}},"5":{"name":"_approve","line":57,"loc":{"start":{"line":57,"column":4},"end":{"line":64,"column":4}}},"6":{"name":"_transfer","line":66,"loc":{"start":{"line":66,"column":4},"end":{"line":74,"column":4}}}},"statementMap":{"1":{"start":{"line":26,"column":8},"end":{"line":26,"column":45}},"2":{"start":{"line":27,"column":8},"end":{"line":27,"column":19}},"3":{"start":{"line":31,"column":8},"end":{"line":31,"column":41}},"4":{"start":{"line":32,"column":8},"end":{"line":32,"column":19}},"5":{"start":{"line":40,"column":8},"end":{"line":40,"column":1103}},"6":{"start":{"line":41,"column":12},"end":{"line":41,"column":49}},"7":{"start":{"line":43,"column":12},"end":{"line":43,"column":74}},"8":{"start":{"line":45,"column":8},"end":{"line":45,"column":36}},"9":{"start":{"line":46,"column":8},"end":{"line":46,"column":19}},"10":{"start":{"line":50,"column":8},"end":{"line":50,"column":28}},"11":{"start":{"line":51,"column":8},"end":{"line":51,"column":31}},"12":{"start":{"line":52,"column":8},"end":{"line":52,"column":40}},"13":{"start":{"line":62,"column":8},"end":{"line":62,"column":43}},"14":{"start":{"line":63,"column":8},"end":{"line":63,"column":47}},"15":{"start":{"line":71,"column":8},"end":{"line":71,"column":33}},"16":{"start":{"line":72,"column":8},"end":{"line":72,"column":31}},"17":{"start":{"line":73,"column":8},"end":{"line":73,"column":41}}},"branchMap":{"1":{"line":40,"type":"if","locations":[{"start":{"line":40,"column":8},"end":{"line":40,"column":8}},{"start":{"line":40,"column":8},"end":{"line":40,"column":8}}]}}},"contracts/test/contracts/TimeswapFactory.sol":{"l":{},"path":"/home/vhawk19/timeswap/Timeswap-V1-Convenience/contracts/test/contracts/TimeswapFactory.sol","s":{},"b":{},"f":{},"fnMap":{},"statementMap":{},"branchMap":{}},"contracts/test/contracts/WETH9.sol":{"l":{"17":0,"20":0,"23":0,"24":0,"27":0,"28":0,"29":0,"30":0,"34":0,"38":0,"39":0,"40":0,"44":0,"51":0,"53":0,"54":0,"55":0,"58":0,"59":0,"61":0,"63":0},"path":"/home/vhawk19/timeswap/Timeswap-V1-Convenience/contracts/test/contracts/WETH9.sol","s":{"1":0,"2":0,"3":0,"4":0,"5":0,"6":0,"7":0,"8":0,"9":0,"10":0,"11":0,"12":0,"13":0,"14":0,"15":0,"16":0,"17":0,"18":0,"19":0,"20":0},"b":{"1":[0,0],"2":[0,0],"3":[0,0],"4":[0,0]},"f":{"1":0,"2":0,"3":0,"4":0,"5":0,"6":0,"7":0},"fnMap":{"1":{"name":null,"line":19,"loc":{"start":{"line":19,"column":4},"end":{"line":21,"column":4}}},"2":{"name":"deposit","line":22,"loc":{"start":{"line":22,"column":4},"end":{"line":25,"column":4}}},"3":{"name":"withdraw","line":26,"loc":{"start":{"line":26,"column":4},"end":{"line":31,"column":4}}},"4":{"name":"totalSupply","line":33,"loc":{"start":{"line":33,"column":4},"end":{"line":35,"column":4}}},"5":{"name":"approve","line":37,"loc":{"start":{"line":37,"column":4},"end":{"line":41,"column":4}}},"6":{"name":"transfer","line":43,"loc":{"start":{"line":43,"column":4},"end":{"line":45,"column":4}}},"7":{"name":"transferFrom","line":47,"loc":{"start":{"line":47,"column":4},"end":{"line":64,"column":4}}}},"statementMap":{"1":{"start":{"line":20,"column":8},"end":{"line":20,"column":16}},"2":{"start":{"line":23,"column":8},"end":{"line":23,"column":41}},"3":{"start":{"line":24,"column":8},"end":{"line":24,"column":43}},"4":{"start":{"line":27,"column":8},"end":{"line":27,"column":44}},"5":{"start":{"line":28,"column":8},"end":{"line":28,"column":35}},"6":{"start":{"line":29,"column":8},"end":{"line":29,"column":40}},"7":{"start":{"line":30,"column":8},"end":{"line":30,"column":40}},"8":{"start":{"line":34,"column":8},"end":{"line":34,"column":36}},"9":{"start":{"line":38,"column":8},"end":{"line":38,"column":39}},"10":{"start":{"line":39,"column":8},"end":{"line":39,"column":43}},"11":{"start":{"line":40,"column":8},"end":{"line":40,"column":19}},"12":{"start":{"line":44,"column":8},"end":{"line":44,"column":49}},"13":{"start":{"line":51,"column":8},"end":{"line":51,"column":37}},"14":{"start":{"line":53,"column":8},"end":{"line":53,"column":1601}},"15":{"start":{"line":54,"column":12},"end":{"line":54,"column":53}},"16":{"start":{"line":55,"column":12},"end":{"line":55,"column":44}},"17":{"start":{"line":58,"column":8},"end":{"line":58,"column":28}},"18":{"start":{"line":59,"column":8},"end":{"line":59,"column":28}},"19":{"start":{"line":61,"column":8},"end":{"line":61,"column":36}},"20":{"start":{"line":63,"column":8},"end":{"line":63,"column":19}}},"branchMap":{"1":{"line":27,"type":"if","locations":[{"start":{"line":27,"column":8},"end":{"line":27,"column":8}},{"start":{"line":27,"column":8},"end":{"line":27,"column":8}}]},"2":{"line":51,"type":"if","locations":[{"start":{"line":51,"column":8},"end":{"line":51,"column":8}},{"start":{"line":51,"column":8},"end":{"line":51,"column":8}}]},"3":{"line":53,"type":"if","locations":[{"start":{"line":53,"column":8},"end":{"line":53,"column":8}},{"start":{"line":53,"column":8},"end":{"line":53,"column":8}}]},"4":{"line":54,"type":"if","locations":[{"start":{"line":54,"column":12},"end":{"line":54,"column":12}},{"start":{"line":54,"column":12},"end":{"line":54,"column":12}}]}}},"contracts/test/TestToken.sol":{"l":{"12":0},"path":"/home/vhawk19/timeswap/Timeswap-V1-Convenience/contracts/test/TestToken.sol","s":{"1":0},"b":{},"f":{"1":0},"fnMap":{"1":{"name":"constructor","line":11,"loc":{"start":{"line":7,"column":4},"end":{"line":13,"column":4}}}},"statementMap":{"1":{"start":{"line":12,"column":8},"end":{"line":12,"column":32}}},"branchMap":{}},"contracts/TimeswapConvenience.sol":{"l":{"55":0,"64":0,"65":0,"80":0,"81":0,"95":0,"109":0,"122":0,"136":0,"150":0,"159":0,"168":0,"177":0,"182":0,"192":0,"202":0,"211":0,"221":0,"230":0,"239":0,"249":0,"258":0,"263":0,"272":0,"281":0,"290":0,"299":0,"309":0,"318":0,"327":0,"337":0,"346":0,"355":0,"365":0,"370":0,"380":0,"389":0,"394":0,"403":0,"407":0,"409":0,"411":0,"412":0,"413":0,"415":0,"418":0,"419":0,"420":0,"422":0,"428":0,"429":0,"431":0,"433":0,"434":0,"435":0,"437":0,"443":0,"444":0,"446":0,"448":0,"449":0,"450":0,"452":0,"463":0,"465":0,"467":0,"469":0,"470":0,"471":0,"473":0},"path":"/home/vhawk19/timeswap/Timeswap-V1-Convenience/contracts/TimeswapConvenience.sol","s":{"1":0,"2":0,"3":0,"4":0,"5":0,"6":0,"7":0,"8":0,"9":0,"10":0,"11":0,"12":0,"13":0,"14":0,"15":0,"16":0,"17":0,"18":0,"19":0,"20":0,"21":0,"22":0,"23":0,"24":0,"25":0,"26":0,"27":0,"28":0,"29":0,"30":0,"31":0,"32":0,"33":0,"34":0,"35":0,"36":0,"37":0,"38":0,"39":0,"40":0,"41":0,"42":0,"43":0,"44":0,"45":0,"46":0,"47":0,"48":0,"49":0,"50":0,"51":0,"52":0,"53":0,"54":0,"55":0,"56":0,"57":0,"58":0,"59":0,"60":0,"61":0,"62":0,"63":0,"64":0,"65":0,"66":0,"67":0,"68":0,"69":0,"70":0},"b":{"1":[0,0],"2":[0,0],"3":[0,0],"4":[0,0],"5":[0,0],"6":[0,0],"7":[0,0],"8":[0,0],"9":[0,0]},"f":{"1":0,"2":0,"3":0,"4":0,"5":0,"6":0,"7":0,"8":0,"9":0,"10":0,"11":0,"12":0,"13":0,"14":0,"15":0,"16":0,"17":0,"18":0,"19":0,"20":0,"21":0,"22":0,"23":0,"24":0,"25":0,"26":0,"27":0,"28":0,"29":0,"30":0,"31":0,"32":0,"33":0,"34":0,"35":0,"36":0,"37":0,"38":0,"39":0,"40":0},"fnMap":{"1":{"name":"getNative","line":50,"loc":{"start":{"line":50,"column":4},"end":{"line":56,"column":4}}},"2":{"name":"constructor","line":63,"loc":{"start":{"line":63,"column":4},"end":{"line":66,"column":4}}},"3":{"name":"newLiquidity","line":71,"loc":{"start":{"line":71,"column":4},"end":{"line":82,"column":4}}},"4":{"name":"newLiquidityETHAsset","line":85,"loc":{"start":{"line":85,"column":4},"end":{"line":96,"column":4}}},"5":{"name":"newLiquidityETHCollateral","line":99,"loc":{"start":{"line":99,"column":4},"end":{"line":110,"column":4}}},"6":{"name":"addLiquidity","line":113,"loc":{"start":{"line":113,"column":4},"end":{"line":123,"column":4}}},"7":{"name":"addLiquidityETHAsset","line":126,"loc":{"start":{"line":126,"column":4},"end":{"line":137,"column":4}}},"8":{"name":"addLiquidityETHCollateral","line":140,"loc":{"start":{"line":140,"column":4},"end":{"line":151,"column":4}}},"9":{"name":"removeLiquidity","line":154,"loc":{"start":{"line":154,"column":4},"end":{"line":160,"column":4}}},"10":{"name":"removeLiquidityETHAsset","line":163,"loc":{"start":{"line":163,"column":4},"end":{"line":169,"column":4}}},"11":{"name":"removeLiquidityETHCollateral","line":172,"loc":{"start":{"line":172,"column":4},"end":{"line":178,"column":4}}},"12":{"name":"lendGivenBond","line":181,"loc":{"start":{"line":181,"column":4},"end":{"line":183,"column":4}}},"13":{"name":"lendGivenBondETHAsset","line":186,"loc":{"start":{"line":186,"column":4},"end":{"line":193,"column":4}}},"14":{"name":"lendGivenBondETHCollateral","line":196,"loc":{"start":{"line":196,"column":4},"end":{"line":203,"column":4}}},"15":{"name":"lendGivenInsurance","line":206,"loc":{"start":{"line":206,"column":4},"end":{"line":212,"column":4}}},"16":{"name":"lendGivenInsuranceETHAsset","line":215,"loc":{"start":{"line":215,"column":4},"end":{"line":222,"column":4}}},"17":{"name":"lendGivenInsuranceETHCollateral","line":225,"loc":{"start":{"line":225,"column":4},"end":{"line":231,"column":4}}},"18":{"name":"lendGivenPercent","line":234,"loc":{"start":{"line":234,"column":4},"end":{"line":240,"column":4}}},"19":{"name":"lendGivenPercentETHAsset","line":243,"loc":{"start":{"line":243,"column":4},"end":{"line":250,"column":4}}},"20":{"name":"lendGivenPercentETHCollateral","line":253,"loc":{"start":{"line":253,"column":4},"end":{"line":259,"column":4}}},"21":{"name":"collect","line":262,"loc":{"start":{"line":262,"column":4},"end":{"line":264,"column":4}}},"22":{"name":"collectETHAsset","line":267,"loc":{"start":{"line":267,"column":4},"end":{"line":273,"column":4}}},"23":{"name":"collectETHCollateral","line":276,"loc":{"start":{"line":276,"column":4},"end":{"line":282,"column":4}}},"24":{"name":"borrowGivenDebt","line":285,"loc":{"start":{"line":285,"column":4},"end":{"line":291,"column":4}}},"25":{"name":"borrowGivenDebtETHAsset","line":294,"loc":{"start":{"line":294,"column":4},"end":{"line":300,"column":4}}},"26":{"name":"borrowGivenDebtETHCollateral","line":303,"loc":{"start":{"line":303,"column":4},"end":{"line":310,"column":4}}},"27":{"name":"borrowGivenCollateral","line":313,"loc":{"start":{"line":313,"column":4},"end":{"line":319,"column":4}}},"28":{"name":"borrowGivenCollateralETHAsset","line":322,"loc":{"start":{"line":322,"column":4},"end":{"line":328,"column":4}}},"29":{"name":"borrowGivenCollateralETHCollateral","line":331,"loc":{"start":{"line":331,"column":4},"end":{"line":338,"column":4}}},"30":{"name":"borrowGivenPercent","line":341,"loc":{"start":{"line":341,"column":4},"end":{"line":347,"column":4}}},"31":{"name":"borrowGivenPercentETHAsset","line":350,"loc":{"start":{"line":350,"column":4},"end":{"line":356,"column":4}}},"32":{"name":"borrowGivenPercentETHCollateral","line":359,"loc":{"start":{"line":359,"column":4},"end":{"line":366,"column":4}}},"33":{"name":"repay","line":369,"loc":{"start":{"line":369,"column":4},"end":{"line":371,"column":4}}},"34":{"name":"repayETHAsset","line":374,"loc":{"start":{"line":374,"column":4},"end":{"line":381,"column":4}}},"35":{"name":"repayETHCollateral","line":384,"loc":{"start":{"line":384,"column":4},"end":{"line":390,"column":4}}},"36":{"name":"deployNative","line":393,"loc":{"start":{"line":393,"column":4},"end":{"line":395,"column":4}}},"37":{"name":"timeswapMintCallback","line":398,"loc":{"start":{"line":398,"column":4},"end":{"line":424,"column":4}}},"38":{"name":"timeswapLendCallback","line":427,"loc":{"start":{"line":427,"column":4},"end":{"line":439,"column":4}}},"39":{"name":"timeswapBorrowCallback","line":442,"loc":{"start":{"line":442,"column":4},"end":{"line":454,"column":4}}},"40":{"name":"collateralizedDebtCallback","line":457,"loc":{"start":{"line":457,"column":4},"end":{"line":475,"column":4}}}},"statementMap":{"1":{"start":{"line":55,"column":8},"end":{"line":55,"column":51}},"2":{"start":{"line":64,"column":8},"end":{"line":64,"column":25}},"3":{"start":{"line":65,"column":8},"end":{"line":65,"column":19}},"4":{"start":{"line":80,"column":8},"end":{"line":80,"column":25}},"5":{"start":{"line":81,"column":8},"end":{"line":81,"column":79}},"6":{"start":{"line":95,"column":8},"end":{"line":95,"column":93}},"7":{"start":{"line":109,"column":8},"end":{"line":109,"column":98}},"8":{"start":{"line":122,"column":8},"end":{"line":122,"column":79}},"9":{"start":{"line":136,"column":8},"end":{"line":136,"column":93}},"10":{"start":{"line":150,"column":8},"end":{"line":150,"column":98}},"11":{"start":{"line":159,"column":8},"end":{"line":159,"column":59}},"12":{"start":{"line":168,"column":8},"end":{"line":168,"column":73}},"13":{"start":{"line":177,"column":8},"end":{"line":177,"column":78}},"14":{"start":{"line":182,"column":8},"end":{"line":182,"column":63}},"15":{"start":{"line":192,"column":8},"end":{"line":192,"column":77}},"16":{"start":{"line":202,"column":8},"end":{"line":202,"column":82}},"17":{"start":{"line":211,"column":8},"end":{"line":211,"column":68}},"18":{"start":{"line":221,"column":8},"end":{"line":221,"column":82}},"19":{"start":{"line":230,"column":8},"end":{"line":230,"column":87}},"20":{"start":{"line":239,"column":8},"end":{"line":239,"column":66}},"21":{"start":{"line":249,"column":8},"end":{"line":249,"column":80}},"22":{"start":{"line":258,"column":8},"end":{"line":258,"column":85}},"23":{"start":{"line":263,"column":8},"end":{"line":263,"column":51}},"24":{"start":{"line":272,"column":8},"end":{"line":272,"column":65}},"25":{"start":{"line":281,"column":8},"end":{"line":281,"column":70}},"26":{"start":{"line":290,"column":8},"end":{"line":290,"column":68}},"27":{"start":{"line":299,"column":8},"end":{"line":299,"column":82}},"28":{"start":{"line":309,"column":8},"end":{"line":309,"column":87}},"29":{"start":{"line":318,"column":8},"end":{"line":318,"column":74}},"30":{"start":{"line":327,"column":8},"end":{"line":327,"column":88}},"31":{"start":{"line":337,"column":8},"end":{"line":337,"column":93}},"32":{"start":{"line":346,"column":8},"end":{"line":346,"column":71}},"33":{"start":{"line":355,"column":8},"end":{"line":355,"column":85}},"34":{"start":{"line":365,"column":8},"end":{"line":365,"column":90}},"35":{"start":{"line":370,"column":8},"end":{"line":370,"column":62}},"36":{"start":{"line":380,"column":8},"end":{"line":380,"column":76}},"37":{"start":{"line":389,"column":8},"end":{"line":389,"column":81}},"38":{"start":{"line":394,"column":8},"end":{"line":394,"column":44}},"39":{"start":{"line":403,"column":8},"end":{"line":403,"column":13543}},"40":{"start":{"line":407,"column":8},"end":{"line":407,"column":55}},"41":{"start":{"line":409,"column":8},"end":{"line":409,"column":61}},"42":{"start":{"line":411,"column":8},"end":{"line":411,"column":13840}},"43":{"start":{"line":412,"column":12},"end":{"line":412,"column":41}},"44":{"start":{"line":413,"column":12},"end":{"line":413,"column":44}},"45":{"start":{"line":415,"column":12},"end":{"line":415,"column":59}},"46":{"start":{"line":418,"column":8},"end":{"line":418,"column":14063}},"47":{"start":{"line":419,"column":12},"end":{"line":419,"column":46}},"48":{"start":{"line":420,"column":12},"end":{"line":420,"column":54}},"49":{"start":{"line":422,"column":12},"end":{"line":422,"column":74}},"50":{"start":{"line":428,"column":8},"end":{"line":428,"column":101}},"51":{"start":{"line":429,"column":8},"end":{"line":429,"column":55}},"52":{"start":{"line":431,"column":8},"end":{"line":431,"column":61}},"53":{"start":{"line":433,"column":8},"end":{"line":433,"column":14687}},"54":{"start":{"line":434,"column":12},"end":{"line":434,"column":41}},"55":{"start":{"line":435,"column":12},"end":{"line":435,"column":44}},"56":{"start":{"line":437,"column":12},"end":{"line":437,"column":54}},"57":{"start":{"line":443,"column":8},"end":{"line":443,"column":101}},"58":{"start":{"line":444,"column":8},"end":{"line":444,"column":55}},"59":{"start":{"line":446,"column":8},"end":{"line":446,"column":61}},"60":{"start":{"line":448,"column":8},"end":{"line":448,"column":15275}},"61":{"start":{"line":449,"column":12},"end":{"line":449,"column":46}},"62":{"start":{"line":450,"column":12},"end":{"line":450,"column":54}},"63":{"start":{"line":452,"column":12},"end":{"line":452,"column":64}},"64":{"start":{"line":463,"column":8},"end":{"line":463,"column":101}},"65":{"start":{"line":465,"column":8},"end":{"line":465,"column":89}},"66":{"start":{"line":467,"column":8},"end":{"line":467,"column":75}},"67":{"start":{"line":469,"column":8},"end":{"line":469,"column":15993}},"68":{"start":{"line":470,"column":12},"end":{"line":470,"column":41}},"69":{"start":{"line":471,"column":12},"end":{"line":471,"column":44}},"70":{"start":{"line":473,"column":12},"end":{"line":473,"column":54}}},"branchMap":{"1":{"line":409,"type":"if","locations":[{"start":{"line":409,"column":8},"end":{"line":409,"column":8}},{"start":{"line":409,"column":8},"end":{"line":409,"column":8}}]},"2":{"line":411,"type":"if","locations":[{"start":{"line":411,"column":8},"end":{"line":411,"column":8}},{"start":{"line":411,"column":8},"end":{"line":411,"column":8}}]},"3":{"line":418,"type":"if","locations":[{"start":{"line":418,"column":8},"end":{"line":418,"column":8}},{"start":{"line":418,"column":8},"end":{"line":418,"column":8}}]},"4":{"line":431,"type":"if","locations":[{"start":{"line":431,"column":8},"end":{"line":431,"column":8}},{"start":{"line":431,"column":8},"end":{"line":431,"column":8}}]},"5":{"line":433,"type":"if","locations":[{"start":{"line":433,"column":8},"end":{"line":433,"column":8}},{"start":{"line":433,"column":8},"end":{"line":433,"column":8}}]},"6":{"line":446,"type":"if","locations":[{"start":{"line":446,"column":8},"end":{"line":446,"column":8}},{"start":{"line":446,"column":8},"end":{"line":446,"column":8}}]},"7":{"line":448,"type":"if","locations":[{"start":{"line":448,"column":8},"end":{"line":448,"column":8}},{"start":{"line":448,"column":8},"end":{"line":448,"column":8}}]},"8":{"line":467,"type":"if","locations":[{"start":{"line":467,"column":8},"end":{"line":467,"column":8}},{"start":{"line":467,"column":8},"end":{"line":467,"column":8}}]},"9":{"line":469,"type":"if","locations":[{"start":{"line":469,"column":8},"end":{"line":469,"column":8}},{"start":{"line":469,"column":8},"end":{"line":469,"column":8}}]}}}}